CRITICAL - 2024-01-07 08:15:01 --> mysqli_result::fetch_object(): Argument #1 ($class) must be a valid class name, nama_penyewa given
in SYSTEMPATH\Database\MySQLi\Result.php on line 154.
 1 SYSTEMPATH\Database\MySQLi\Result.php(154): mysqli_result->fetch_object('nama_penyewa')
 2 SYSTEMPATH\Database\BaseResult.php(159): CodeIgniter\Database\MySQLi\Result->fetchObject('nama_penyewa')
 3 SYSTEMPATH\Database\BaseResult.php(114): CodeIgniter\Database\BaseResult->getCustomResultObject('nama_penyewa')
 4 APPPATH\Controllers\Sewa.php(46): CodeIgniter\Database\BaseResult->getResult('nama_penyewa')
 5 SYSTEMPATH\CodeIgniter.php(942): App\Controllers\Sewa->form()
 6 SYSTEMPATH\CodeIgniter.php(502): CodeIgniter\CodeIgniter->runController(Object(App\Controllers\Sewa))
 7 SYSTEMPATH\CodeIgniter.php(361): CodeIgniter\CodeIgniter->handleRequest(null, Object(Config\Cache), false)
 8 FCPATH\index.php(79): CodeIgniter\CodeIgniter->run()
 9 SYSTEMPATH\Commands\Server\rewrite.php(47): require_once('C:\\fp\\ke6\\public\\index.php')
CRITICAL - 2024-01-07 08:22:22 --> Undefined variable $data_sewa
in APPPATH\Views\sewa\form_sewa.php on line 19.
 1 APPPATH\Views\sewa\form_sewa.php(19): CodeIgniter\Debug\Exceptions->errorHandler(2, 'Undefined variable $data_sewa', 'C:\\fp\\ke6\\app\\Views\\sewa\\form_sewa.php', 19)
 2 SYSTEMPATH\View\View.php(228): include('C:\\fp\\ke6\\app\\Views\\sewa\\form_sewa.php')
 3 SYSTEMPATH\View\View.php(231): CodeIgniter\View\View->CodeIgniter\View\{closure}()
 4 SYSTEMPATH\Common.php(1190): CodeIgniter\View\View->render('sewa/form_sewa', [], true)
 5 APPPATH\Controllers\Sewa.php(53): view('sewa/form_sewa', [...])
 6 SYSTEMPATH\CodeIgniter.php(942): App\Controllers\Sewa->form()
 7 SYSTEMPATH\CodeIgniter.php(502): CodeIgniter\CodeIgniter->runController(Object(App\Controllers\Sewa))
 8 SYSTEMPATH\CodeIgniter.php(361): CodeIgniter\CodeIgniter->handleRequest(null, Object(Config\Cache), false)
 9 FCPATH\index.php(79): CodeIgniter\CodeIgniter->run()
10 SYSTEMPATH\Commands\Server\rewrite.php(47): require_once('C:\\fp\\ke6\\public\\index.php')
CRITICAL - 2024-01-07 08:24:06 --> Undefined property: stdClass::$nama_penyewa
in APPPATH\Views\sewa\form_sewa.php on line 20.
 1 APPPATH\Views\sewa\form_sewa.php(20): CodeIgniter\Debug\Exceptions->errorHandler(2, 'Undefined property: stdClass::$nama_penyewa', 'C:\\fp\\ke6\\app\\Views\\sewa\\form_sewa.php', 20)
 2 SYSTEMPATH\View\View.php(228): include('C:\\fp\\ke6\\app\\Views\\sewa\\form_sewa.php')
 3 SYSTEMPATH\View\View.php(231): CodeIgniter\View\View->CodeIgniter\View\{closure}()
 4 SYSTEMPATH\Common.php(1190): CodeIgniter\View\View->render('sewa/form_sewa', [], true)
 5 APPPATH\Controllers\Sewa.php(53): view('sewa/form_sewa', [...])
 6 SYSTEMPATH\CodeIgniter.php(942): App\Controllers\Sewa->form()
 7 SYSTEMPATH\CodeIgniter.php(502): CodeIgniter\CodeIgniter->runController(Object(App\Controllers\Sewa))
 8 SYSTEMPATH\CodeIgniter.php(361): CodeIgniter\CodeIgniter->handleRequest(null, Object(Config\Cache), false)
 9 FCPATH\index.php(79): CodeIgniter\CodeIgniter->run()
10 SYSTEMPATH\Commands\Server\rewrite.php(47): require_once('C:\\fp\\ke6\\public\\index.php')
ERROR - 2024-01-07 08:26:32 --> mysqli_sql_exception: Unknown column 'nama_penyewa' in 'field list' in C:\fp\ke6\system\Database\MySQLi\Connection.php:306
Stack trace:
#0 C:\fp\ke6\system\Database\MySQLi\Connection.php(306): mysqli->query('INSERT INTO `se...', 0)
#1 C:\fp\ke6\system\Database\BaseConnection.php(693): CodeIgniter\Database\MySQLi\Connection->execute('INSERT INTO `se...')
#2 C:\fp\ke6\system\Database\BaseConnection.php(607): CodeIgniter\Database\BaseConnection->simpleQuery('INSERT INTO `se...')
#3 C:\fp\ke6\system\Database\BaseBuilder.php(2308): CodeIgniter\Database\BaseConnection->query('INSERT INTO `se...', Array, false)
#4 C:\fp\ke6\system\Model.php(319): CodeIgniter\Database\BaseBuilder->insert()
#5 C:\fp\ke6\system\BaseModel.php(788): CodeIgniter\Model->doInsert(Array)
#6 C:\fp\ke6\system\Model.php(715): CodeIgniter\BaseModel->insert(Array, true)
#7 C:\fp\ke6\app\Controllers\Sewa.php(91): CodeIgniter\Model->insert(Array)
#8 C:\fp\ke6\system\CodeIgniter.php(942): App\Controllers\Sewa->proses_input()
#9 C:\fp\ke6\system\CodeIgniter.php(502): CodeIgniter\CodeIgniter->runController(Object(App\Controllers\Sewa))
#10 C:\fp\ke6\system\CodeIgniter.php(361): CodeIgniter\CodeIgniter->handleRequest(NULL, Object(Config\Cache), false)
#11 C:\fp\ke6\public\index.php(79): CodeIgniter\CodeIgniter->run()
#12 C:\fp\ke6\system\Commands\Server\rewrite.php(47): require_once('C:\\fp\\ke6\\publi...')
#13 {main}
CRITICAL - 2024-01-07 08:26:32 --> Unknown column 'nama_penyewa' in 'field list'
in SYSTEMPATH\Database\BaseConnection.php on line 647.
 1 SYSTEMPATH\Database\BaseBuilder.php(2308): CodeIgniter\Database\BaseConnection->query('INSERT INTO `sewa` (`nama_penyewa`, `nama_barang`, `jumlah_barang`, `harga_total`, `tanggal_sewa`, `jatuh_tempo`) VALUES (:nama_penyewa:, :nama_barang:, :jumlah_barang:, :harga_total:, :tanggal_sewa:, :jatuh_tempo:)', [...], false)
 2 SYSTEMPATH\Model.php(319): CodeIgniter\Database\BaseBuilder->insert()
 3 SYSTEMPATH\BaseModel.php(788): CodeIgniter\Model->doInsert([...])
 4 SYSTEMPATH\Model.php(715): CodeIgniter\BaseModel->insert([...], true)
 5 APPPATH\Controllers\Sewa.php(91): CodeIgniter\Model->insert([...])
 6 SYSTEMPATH\CodeIgniter.php(942): App\Controllers\Sewa->proses_input()
 7 SYSTEMPATH\CodeIgniter.php(502): CodeIgniter\CodeIgniter->runController(Object(App\Controllers\Sewa))
 8 SYSTEMPATH\CodeIgniter.php(361): CodeIgniter\CodeIgniter->handleRequest(null, Object(Config\Cache), false)
 9 FCPATH\index.php(79): CodeIgniter\CodeIgniter->run()
10 SYSTEMPATH\Commands\Server\rewrite.php(47): require_once('C:\\fp\\ke6\\public\\index.php')
CRITICAL - 2024-01-07 08:44:05 --> Undefined variable $harga_total
in APPPATH\Controllers\Sewa.php on line 75.
 1 APPPATH\Controllers\Sewa.php(75): CodeIgniter\Debug\Exceptions->errorHandler(2, 'Undefined variable $harga_total', 'C:\\fp\\ke6\\app\\Controllers\\Sewa.php', 75)
 2 SYSTEMPATH\CodeIgniter.php(942): App\Controllers\Sewa->proses_input()
 3 SYSTEMPATH\CodeIgniter.php(502): CodeIgniter\CodeIgniter->runController(Object(App\Controllers\Sewa))
 4 SYSTEMPATH\CodeIgniter.php(361): CodeIgniter\CodeIgniter->handleRequest(null, Object(Config\Cache), false)
 5 FCPATH\index.php(79): CodeIgniter\CodeIgniter->run()
 6 SYSTEMPATH\Commands\Server\rewrite.php(47): require_once('C:\\fp\\ke6\\public\\index.php')
CRITICAL - 2024-01-07 08:45:04 --> Undefined array key "nama_penyewa"
in APPPATH\Controllers\Sewa.php on line 121.
 1 APPPATH\Controllers\Sewa.php(121): CodeIgniter\Debug\Exceptions->errorHandler(2, 'Undefined array key "nama_penyewa"', 'C:\\fp\\ke6\\app\\Controllers\\Sewa.php', 121)
 2 SYSTEMPATH\CodeIgniter.php(942): App\Controllers\Sewa->ubah()
 3 SYSTEMPATH\CodeIgniter.php(502): CodeIgniter\CodeIgniter->runController(Object(App\Controllers\Sewa))
 4 SYSTEMPATH\CodeIgniter.php(361): CodeIgniter\CodeIgniter->handleRequest(null, Object(Config\Cache), false)
 5 FCPATH\index.php(79): CodeIgniter\CodeIgniter->run()
 6 SYSTEMPATH\Commands\Server\rewrite.php(47): require_once('C:\\fp\\ke6\\public\\index.php')
CRITICAL - 2024-01-07 11:15:36 --> Undefined array key "nama_penyewa"
in APPPATH\Controllers\Sewa.php on line 123.
 1 APPPATH\Controllers\Sewa.php(123): CodeIgniter\Debug\Exceptions->errorHandler(2, 'Undefined array key "nama_penyewa"', 'C:\\fp\\ke6\\app\\Controllers\\Sewa.php', 123)
 2 SYSTEMPATH\CodeIgniter.php(942): App\Controllers\Sewa->ubah()
 3 SYSTEMPATH\CodeIgniter.php(502): CodeIgniter\CodeIgniter->runController(Object(App\Controllers\Sewa))
 4 SYSTEMPATH\CodeIgniter.php(361): CodeIgniter\CodeIgniter->handleRequest(null, Object(Config\Cache), false)
 5 FCPATH\index.php(79): CodeIgniter\CodeIgniter->run()
 6 SYSTEMPATH\Commands\Server\rewrite.php(47): require_once('C:\\fp\\ke6\\public\\index.php')
CRITICAL - 2024-01-07 11:17:15 --> Attempt to read property "harga_sewa" on array
in APPPATH\Views\sewa\form_sewa.php on line 82.
 1 APPPATH\Views\sewa\form_sewa.php(82): CodeIgniter\Debug\Exceptions->errorHandler(2, 'Attempt to read property "harga_sewa" on array', 'C:\\fp\\ke6\\app\\Views\\sewa\\form_sewa.php', 82)
 2 SYSTEMPATH\View\View.php(228): include('C:\\fp\\ke6\\app\\Views\\sewa\\form_sewa.php')
 3 SYSTEMPATH\View\View.php(231): CodeIgniter\View\View->CodeIgniter\View\{closure}()
 4 SYSTEMPATH\Common.php(1190): CodeIgniter\View\View->render('sewa/form_sewa', [], true)
 5 APPPATH\Controllers\Sewa.php(57): view('sewa/form_sewa', [...])
 6 SYSTEMPATH\CodeIgniter.php(942): App\Controllers\Sewa->form()
 7 SYSTEMPATH\CodeIgniter.php(502): CodeIgniter\CodeIgniter->runController(Object(App\Controllers\Sewa))
 8 SYSTEMPATH\CodeIgniter.php(361): CodeIgniter\CodeIgniter->handleRequest(null, Object(Config\Cache), false)
 9 FCPATH\index.php(79): CodeIgniter\CodeIgniter->run()
10 SYSTEMPATH\Commands\Server\rewrite.php(47): require_once('C:\\fp\\ke6\\public\\index.php')
CRITICAL - 2024-01-07 11:17:44 --> Attempt to read property "harga_sewa" on array
in APPPATH\Views\sewa\form_sewa.php on line 80.
 1 APPPATH\Views\sewa\form_sewa.php(80): CodeIgniter\Debug\Exceptions->errorHandler(2, 'Attempt to read property "harga_sewa" on array', 'C:\\fp\\ke6\\app\\Views\\sewa\\form_sewa.php', 80)
 2 SYSTEMPATH\View\View.php(228): include('C:\\fp\\ke6\\app\\Views\\sewa\\form_sewa.php')
 3 SYSTEMPATH\View\View.php(231): CodeIgniter\View\View->CodeIgniter\View\{closure}()
 4 SYSTEMPATH\Common.php(1190): CodeIgniter\View\View->render('sewa/form_sewa', [], true)
 5 APPPATH\Controllers\Sewa.php(57): view('sewa/form_sewa', [...])
 6 SYSTEMPATH\CodeIgniter.php(942): App\Controllers\Sewa->form()
 7 SYSTEMPATH\CodeIgniter.php(502): CodeIgniter\CodeIgniter->runController(Object(App\Controllers\Sewa))
 8 SYSTEMPATH\CodeIgniter.php(361): CodeIgniter\CodeIgniter->handleRequest(null, Object(Config\Cache), false)
 9 FCPATH\index.php(79): CodeIgniter\CodeIgniter->run()
10 SYSTEMPATH\Commands\Server\rewrite.php(47): require_once('C:\\fp\\ke6\\public\\index.php')
CRITICAL - 2024-01-07 11:17:44 --> Attempt to read property "harga_sewa" on array
in APPPATH\Views\sewa\form_sewa.php on line 80.
 1 APPPATH\Views\sewa\form_sewa.php(80): CodeIgniter\Debug\Exceptions->errorHandler(2, 'Attempt to read property "harga_sewa" on array', 'C:\\fp\\ke6\\app\\Views\\sewa\\form_sewa.php', 80)
 2 SYSTEMPATH\View\View.php(228): include('C:\\fp\\ke6\\app\\Views\\sewa\\form_sewa.php')
 3 SYSTEMPATH\View\View.php(231): CodeIgniter\View\View->CodeIgniter\View\{closure}()
 4 SYSTEMPATH\Common.php(1190): CodeIgniter\View\View->render('sewa/form_sewa', [], true)
 5 APPPATH\Controllers\Sewa.php(57): view('sewa/form_sewa', [...])
 6 SYSTEMPATH\CodeIgniter.php(942): App\Controllers\Sewa->form()
 7 SYSTEMPATH\CodeIgniter.php(502): CodeIgniter\CodeIgniter->runController(Object(App\Controllers\Sewa))
 8 SYSTEMPATH\CodeIgniter.php(361): CodeIgniter\CodeIgniter->handleRequest(null, Object(Config\Cache), false)
 9 FCPATH\index.php(79): CodeIgniter\CodeIgniter->run()
10 SYSTEMPATH\Commands\Server\rewrite.php(47): require_once('C:\\fp\\ke6\\public\\index.php')
CRITICAL - 2024-01-07 11:17:44 --> Attempt to read property "harga_sewa" on array
in APPPATH\Views\sewa\form_sewa.php on line 80.
 1 APPPATH\Views\sewa\form_sewa.php(80): CodeIgniter\Debug\Exceptions->errorHandler(2, 'Attempt to read property "harga_sewa" on array', 'C:\\fp\\ke6\\app\\Views\\sewa\\form_sewa.php', 80)
 2 SYSTEMPATH\View\View.php(228): include('C:\\fp\\ke6\\app\\Views\\sewa\\form_sewa.php')
 3 SYSTEMPATH\View\View.php(231): CodeIgniter\View\View->CodeIgniter\View\{closure}()
 4 SYSTEMPATH\Common.php(1190): CodeIgniter\View\View->render('sewa/form_sewa', [], true)
 5 APPPATH\Controllers\Sewa.php(57): view('sewa/form_sewa', [...])
 6 SYSTEMPATH\CodeIgniter.php(942): App\Controllers\Sewa->form()
 7 SYSTEMPATH\CodeIgniter.php(502): CodeIgniter\CodeIgniter->runController(Object(App\Controllers\Sewa))
 8 SYSTEMPATH\CodeIgniter.php(361): CodeIgniter\CodeIgniter->handleRequest(null, Object(Config\Cache), false)
 9 FCPATH\index.php(79): CodeIgniter\CodeIgniter->run()
10 SYSTEMPATH\Commands\Server\rewrite.php(47): require_once('C:\\fp\\ke6\\public\\index.php')
CRITICAL - 2024-01-07 11:17:45 --> Attempt to read property "harga_sewa" on array
in APPPATH\Views\sewa\form_sewa.php on line 80.
 1 APPPATH\Views\sewa\form_sewa.php(80): CodeIgniter\Debug\Exceptions->errorHandler(2, 'Attempt to read property "harga_sewa" on array', 'C:\\fp\\ke6\\app\\Views\\sewa\\form_sewa.php', 80)
 2 SYSTEMPATH\View\View.php(228): include('C:\\fp\\ke6\\app\\Views\\sewa\\form_sewa.php')
 3 SYSTEMPATH\View\View.php(231): CodeIgniter\View\View->CodeIgniter\View\{closure}()
 4 SYSTEMPATH\Common.php(1190): CodeIgniter\View\View->render('sewa/form_sewa', [], true)
 5 APPPATH\Controllers\Sewa.php(57): view('sewa/form_sewa', [...])
 6 SYSTEMPATH\CodeIgniter.php(942): App\Controllers\Sewa->form()
 7 SYSTEMPATH\CodeIgniter.php(502): CodeIgniter\CodeIgniter->runController(Object(App\Controllers\Sewa))
 8 SYSTEMPATH\CodeIgniter.php(361): CodeIgniter\CodeIgniter->handleRequest(null, Object(Config\Cache), false)
 9 FCPATH\index.php(79): CodeIgniter\CodeIgniter->run()
10 SYSTEMPATH\Commands\Server\rewrite.php(47): require_once('C:\\fp\\ke6\\public\\index.php')
CRITICAL - 2024-01-07 11:17:45 --> Attempt to read property "harga_sewa" on array
in APPPATH\Views\sewa\form_sewa.php on line 80.
 1 APPPATH\Views\sewa\form_sewa.php(80): CodeIgniter\Debug\Exceptions->errorHandler(2, 'Attempt to read property "harga_sewa" on array', 'C:\\fp\\ke6\\app\\Views\\sewa\\form_sewa.php', 80)
 2 SYSTEMPATH\View\View.php(228): include('C:\\fp\\ke6\\app\\Views\\sewa\\form_sewa.php')
 3 SYSTEMPATH\View\View.php(231): CodeIgniter\View\View->CodeIgniter\View\{closure}()
 4 SYSTEMPATH\Common.php(1190): CodeIgniter\View\View->render('sewa/form_sewa', [], true)
 5 APPPATH\Controllers\Sewa.php(57): view('sewa/form_sewa', [...])
 6 SYSTEMPATH\CodeIgniter.php(942): App\Controllers\Sewa->form()
 7 SYSTEMPATH\CodeIgniter.php(502): CodeIgniter\CodeIgniter->runController(Object(App\Controllers\Sewa))
 8 SYSTEMPATH\CodeIgniter.php(361): CodeIgniter\CodeIgniter->handleRequest(null, Object(Config\Cache), false)
 9 FCPATH\index.php(79): CodeIgniter\CodeIgniter->run()
10 SYSTEMPATH\Commands\Server\rewrite.php(47): require_once('C:\\fp\\ke6\\public\\index.php')
CRITICAL - 2024-01-07 11:17:45 --> Attempt to read property "harga_sewa" on array
in APPPATH\Views\sewa\form_sewa.php on line 80.
 1 APPPATH\Views\sewa\form_sewa.php(80): CodeIgniter\Debug\Exceptions->errorHandler(2, 'Attempt to read property "harga_sewa" on array', 'C:\\fp\\ke6\\app\\Views\\sewa\\form_sewa.php', 80)
 2 SYSTEMPATH\View\View.php(228): include('C:\\fp\\ke6\\app\\Views\\sewa\\form_sewa.php')
 3 SYSTEMPATH\View\View.php(231): CodeIgniter\View\View->CodeIgniter\View\{closure}()
 4 SYSTEMPATH\Common.php(1190): CodeIgniter\View\View->render('sewa/form_sewa', [], true)
 5 APPPATH\Controllers\Sewa.php(57): view('sewa/form_sewa', [...])
 6 SYSTEMPATH\CodeIgniter.php(942): App\Controllers\Sewa->form()
 7 SYSTEMPATH\CodeIgniter.php(502): CodeIgniter\CodeIgniter->runController(Object(App\Controllers\Sewa))
 8 SYSTEMPATH\CodeIgniter.php(361): CodeIgniter\CodeIgniter->handleRequest(null, Object(Config\Cache), false)
 9 FCPATH\index.php(79): CodeIgniter\CodeIgniter->run()
10 SYSTEMPATH\Commands\Server\rewrite.php(47): require_once('C:\\fp\\ke6\\public\\index.php')
CRITICAL - 2024-01-07 11:17:45 --> Attempt to read property "harga_sewa" on array
in APPPATH\Views\sewa\form_sewa.php on line 80.
 1 APPPATH\Views\sewa\form_sewa.php(80): CodeIgniter\Debug\Exceptions->errorHandler(2, 'Attempt to read property "harga_sewa" on array', 'C:\\fp\\ke6\\app\\Views\\sewa\\form_sewa.php', 80)
 2 SYSTEMPATH\View\View.php(228): include('C:\\fp\\ke6\\app\\Views\\sewa\\form_sewa.php')
 3 SYSTEMPATH\View\View.php(231): CodeIgniter\View\View->CodeIgniter\View\{closure}()
 4 SYSTEMPATH\Common.php(1190): CodeIgniter\View\View->render('sewa/form_sewa', [], true)
 5 APPPATH\Controllers\Sewa.php(57): view('sewa/form_sewa', [...])
 6 SYSTEMPATH\CodeIgniter.php(942): App\Controllers\Sewa->form()
 7 SYSTEMPATH\CodeIgniter.php(502): CodeIgniter\CodeIgniter->runController(Object(App\Controllers\Sewa))
 8 SYSTEMPATH\CodeIgniter.php(361): CodeIgniter\CodeIgniter->handleRequest(null, Object(Config\Cache), false)
 9 FCPATH\index.php(79): CodeIgniter\CodeIgniter->run()
10 SYSTEMPATH\Commands\Server\rewrite.php(47): require_once('C:\\fp\\ke6\\public\\index.php')
CRITICAL - 2024-01-07 11:17:46 --> Attempt to read property "harga_sewa" on array
in APPPATH\Views\sewa\form_sewa.php on line 80.
 1 APPPATH\Views\sewa\form_sewa.php(80): CodeIgniter\Debug\Exceptions->errorHandler(2, 'Attempt to read property "harga_sewa" on array', 'C:\\fp\\ke6\\app\\Views\\sewa\\form_sewa.php', 80)
 2 SYSTEMPATH\View\View.php(228): include('C:\\fp\\ke6\\app\\Views\\sewa\\form_sewa.php')
 3 SYSTEMPATH\View\View.php(231): CodeIgniter\View\View->CodeIgniter\View\{closure}()
 4 SYSTEMPATH\Common.php(1190): CodeIgniter\View\View->render('sewa/form_sewa', [], true)
 5 APPPATH\Controllers\Sewa.php(57): view('sewa/form_sewa', [...])
 6 SYSTEMPATH\CodeIgniter.php(942): App\Controllers\Sewa->form()
 7 SYSTEMPATH\CodeIgniter.php(502): CodeIgniter\CodeIgniter->runController(Object(App\Controllers\Sewa))
 8 SYSTEMPATH\CodeIgniter.php(361): CodeIgniter\CodeIgniter->handleRequest(null, Object(Config\Cache), false)
 9 FCPATH\index.php(79): CodeIgniter\CodeIgniter->run()
10 SYSTEMPATH\Commands\Server\rewrite.php(47): require_once('C:\\fp\\ke6\\public\\index.php')
CRITICAL - 2024-01-07 11:17:46 --> Attempt to read property "harga_sewa" on array
in APPPATH\Views\sewa\form_sewa.php on line 80.
 1 APPPATH\Views\sewa\form_sewa.php(80): CodeIgniter\Debug\Exceptions->errorHandler(2, 'Attempt to read property "harga_sewa" on array', 'C:\\fp\\ke6\\app\\Views\\sewa\\form_sewa.php', 80)
 2 SYSTEMPATH\View\View.php(228): include('C:\\fp\\ke6\\app\\Views\\sewa\\form_sewa.php')
 3 SYSTEMPATH\View\View.php(231): CodeIgniter\View\View->CodeIgniter\View\{closure}()
 4 SYSTEMPATH\Common.php(1190): CodeIgniter\View\View->render('sewa/form_sewa', [], true)
 5 APPPATH\Controllers\Sewa.php(57): view('sewa/form_sewa', [...])
 6 SYSTEMPATH\CodeIgniter.php(942): App\Controllers\Sewa->form()
 7 SYSTEMPATH\CodeIgniter.php(502): CodeIgniter\CodeIgniter->runController(Object(App\Controllers\Sewa))
 8 SYSTEMPATH\CodeIgniter.php(361): CodeIgniter\CodeIgniter->handleRequest(null, Object(Config\Cache), false)
 9 FCPATH\index.php(79): CodeIgniter\CodeIgniter->run()
10 SYSTEMPATH\Commands\Server\rewrite.php(47): require_once('C:\\fp\\ke6\\public\\index.php')
CRITICAL - 2024-01-07 11:17:46 --> Attempt to read property "harga_sewa" on array
in APPPATH\Views\sewa\form_sewa.php on line 80.
 1 APPPATH\Views\sewa\form_sewa.php(80): CodeIgniter\Debug\Exceptions->errorHandler(2, 'Attempt to read property "harga_sewa" on array', 'C:\\fp\\ke6\\app\\Views\\sewa\\form_sewa.php', 80)
 2 SYSTEMPATH\View\View.php(228): include('C:\\fp\\ke6\\app\\Views\\sewa\\form_sewa.php')
 3 SYSTEMPATH\View\View.php(231): CodeIgniter\View\View->CodeIgniter\View\{closure}()
 4 SYSTEMPATH\Common.php(1190): CodeIgniter\View\View->render('sewa/form_sewa', [], true)
 5 APPPATH\Controllers\Sewa.php(57): view('sewa/form_sewa', [...])
 6 SYSTEMPATH\CodeIgniter.php(942): App\Controllers\Sewa->form()
 7 SYSTEMPATH\CodeIgniter.php(502): CodeIgniter\CodeIgniter->runController(Object(App\Controllers\Sewa))
 8 SYSTEMPATH\CodeIgniter.php(361): CodeIgniter\CodeIgniter->handleRequest(null, Object(Config\Cache), false)
 9 FCPATH\index.php(79): CodeIgniter\CodeIgniter->run()
10 SYSTEMPATH\Commands\Server\rewrite.php(47): require_once('C:\\fp\\ke6\\public\\index.php')
CRITICAL - 2024-01-07 11:17:46 --> Attempt to read property "harga_sewa" on array
in APPPATH\Views\sewa\form_sewa.php on line 80.
 1 APPPATH\Views\sewa\form_sewa.php(80): CodeIgniter\Debug\Exceptions->errorHandler(2, 'Attempt to read property "harga_sewa" on array', 'C:\\fp\\ke6\\app\\Views\\sewa\\form_sewa.php', 80)
 2 SYSTEMPATH\View\View.php(228): include('C:\\fp\\ke6\\app\\Views\\sewa\\form_sewa.php')
 3 SYSTEMPATH\View\View.php(231): CodeIgniter\View\View->CodeIgniter\View\{closure}()
 4 SYSTEMPATH\Common.php(1190): CodeIgniter\View\View->render('sewa/form_sewa', [], true)
 5 APPPATH\Controllers\Sewa.php(57): view('sewa/form_sewa', [...])
 6 SYSTEMPATH\CodeIgniter.php(942): App\Controllers\Sewa->form()
 7 SYSTEMPATH\CodeIgniter.php(502): CodeIgniter\CodeIgniter->runController(Object(App\Controllers\Sewa))
 8 SYSTEMPATH\CodeIgniter.php(361): CodeIgniter\CodeIgniter->handleRequest(null, Object(Config\Cache), false)
 9 FCPATH\index.php(79): CodeIgniter\CodeIgniter->run()
10 SYSTEMPATH\Commands\Server\rewrite.php(47): require_once('C:\\fp\\ke6\\public\\index.php')
CRITICAL - 2024-01-07 11:17:46 --> Attempt to read property "harga_sewa" on array
in APPPATH\Views\sewa\form_sewa.php on line 80.
 1 APPPATH\Views\sewa\form_sewa.php(80): CodeIgniter\Debug\Exceptions->errorHandler(2, 'Attempt to read property "harga_sewa" on array', 'C:\\fp\\ke6\\app\\Views\\sewa\\form_sewa.php', 80)
 2 SYSTEMPATH\View\View.php(228): include('C:\\fp\\ke6\\app\\Views\\sewa\\form_sewa.php')
 3 SYSTEMPATH\View\View.php(231): CodeIgniter\View\View->CodeIgniter\View\{closure}()
 4 SYSTEMPATH\Common.php(1190): CodeIgniter\View\View->render('sewa/form_sewa', [], true)
 5 APPPATH\Controllers\Sewa.php(57): view('sewa/form_sewa', [...])
 6 SYSTEMPATH\CodeIgniter.php(942): App\Controllers\Sewa->form()
 7 SYSTEMPATH\CodeIgniter.php(502): CodeIgniter\CodeIgniter->runController(Object(App\Controllers\Sewa))
 8 SYSTEMPATH\CodeIgniter.php(361): CodeIgniter\CodeIgniter->handleRequest(null, Object(Config\Cache), false)
 9 FCPATH\index.php(79): CodeIgniter\CodeIgniter->run()
10 SYSTEMPATH\Commands\Server\rewrite.php(47): require_once('C:\\fp\\ke6\\public\\index.php')
CRITICAL - 2024-01-07 11:17:47 --> Attempt to read property "harga_sewa" on array
in APPPATH\Views\sewa\form_sewa.php on line 80.
 1 APPPATH\Views\sewa\form_sewa.php(80): CodeIgniter\Debug\Exceptions->errorHandler(2, 'Attempt to read property "harga_sewa" on array', 'C:\\fp\\ke6\\app\\Views\\sewa\\form_sewa.php', 80)
 2 SYSTEMPATH\View\View.php(228): include('C:\\fp\\ke6\\app\\Views\\sewa\\form_sewa.php')
 3 SYSTEMPATH\View\View.php(231): CodeIgniter\View\View->CodeIgniter\View\{closure}()
 4 SYSTEMPATH\Common.php(1190): CodeIgniter\View\View->render('sewa/form_sewa', [], true)
 5 APPPATH\Controllers\Sewa.php(57): view('sewa/form_sewa', [...])
 6 SYSTEMPATH\CodeIgniter.php(942): App\Controllers\Sewa->form()
 7 SYSTEMPATH\CodeIgniter.php(502): CodeIgniter\CodeIgniter->runController(Object(App\Controllers\Sewa))
 8 SYSTEMPATH\CodeIgniter.php(361): CodeIgniter\CodeIgniter->handleRequest(null, Object(Config\Cache), false)
 9 FCPATH\index.php(79): CodeIgniter\CodeIgniter->run()
10 SYSTEMPATH\Commands\Server\rewrite.php(47): require_once('C:\\fp\\ke6\\public\\index.php')
CRITICAL - 2024-01-07 11:17:47 --> Attempt to read property "harga_sewa" on array
in APPPATH\Views\sewa\form_sewa.php on line 80.
 1 APPPATH\Views\sewa\form_sewa.php(80): CodeIgniter\Debug\Exceptions->errorHandler(2, 'Attempt to read property "harga_sewa" on array', 'C:\\fp\\ke6\\app\\Views\\sewa\\form_sewa.php', 80)
 2 SYSTEMPATH\View\View.php(228): include('C:\\fp\\ke6\\app\\Views\\sewa\\form_sewa.php')
 3 SYSTEMPATH\View\View.php(231): CodeIgniter\View\View->CodeIgniter\View\{closure}()
 4 SYSTEMPATH\Common.php(1190): CodeIgniter\View\View->render('sewa/form_sewa', [], true)
 5 APPPATH\Controllers\Sewa.php(57): view('sewa/form_sewa', [...])
 6 SYSTEMPATH\CodeIgniter.php(942): App\Controllers\Sewa->form()
 7 SYSTEMPATH\CodeIgniter.php(502): CodeIgniter\CodeIgniter->runController(Object(App\Controllers\Sewa))
 8 SYSTEMPATH\CodeIgniter.php(361): CodeIgniter\CodeIgniter->handleRequest(null, Object(Config\Cache), false)
 9 FCPATH\index.php(79): CodeIgniter\CodeIgniter->run()
10 SYSTEMPATH\Commands\Server\rewrite.php(47): require_once('C:\\fp\\ke6\\public\\index.php')
CRITICAL - 2024-01-07 11:17:47 --> Attempt to read property "harga_sewa" on array
in APPPATH\Views\sewa\form_sewa.php on line 80.
 1 APPPATH\Views\sewa\form_sewa.php(80): CodeIgniter\Debug\Exceptions->errorHandler(2, 'Attempt to read property "harga_sewa" on array', 'C:\\fp\\ke6\\app\\Views\\sewa\\form_sewa.php', 80)
 2 SYSTEMPATH\View\View.php(228): include('C:\\fp\\ke6\\app\\Views\\sewa\\form_sewa.php')
 3 SYSTEMPATH\View\View.php(231): CodeIgniter\View\View->CodeIgniter\View\{closure}()
 4 SYSTEMPATH\Common.php(1190): CodeIgniter\View\View->render('sewa/form_sewa', [], true)
 5 APPPATH\Controllers\Sewa.php(57): view('sewa/form_sewa', [...])
 6 SYSTEMPATH\CodeIgniter.php(942): App\Controllers\Sewa->form()
 7 SYSTEMPATH\CodeIgniter.php(502): CodeIgniter\CodeIgniter->runController(Object(App\Controllers\Sewa))
 8 SYSTEMPATH\CodeIgniter.php(361): CodeIgniter\CodeIgniter->handleRequest(null, Object(Config\Cache), false)
 9 FCPATH\index.php(79): CodeIgniter\CodeIgniter->run()
10 SYSTEMPATH\Commands\Server\rewrite.php(47): require_once('C:\\fp\\ke6\\public\\index.php')
CRITICAL - 2024-01-07 11:17:47 --> Attempt to read property "harga_sewa" on array
in APPPATH\Views\sewa\form_sewa.php on line 80.
 1 APPPATH\Views\sewa\form_sewa.php(80): CodeIgniter\Debug\Exceptions->errorHandler(2, 'Attempt to read property "harga_sewa" on array', 'C:\\fp\\ke6\\app\\Views\\sewa\\form_sewa.php', 80)
 2 SYSTEMPATH\View\View.php(228): include('C:\\fp\\ke6\\app\\Views\\sewa\\form_sewa.php')
 3 SYSTEMPATH\View\View.php(231): CodeIgniter\View\View->CodeIgniter\View\{closure}()
 4 SYSTEMPATH\Common.php(1190): CodeIgniter\View\View->render('sewa/form_sewa', [], true)
 5 APPPATH\Controllers\Sewa.php(57): view('sewa/form_sewa', [...])
 6 SYSTEMPATH\CodeIgniter.php(942): App\Controllers\Sewa->form()
 7 SYSTEMPATH\CodeIgniter.php(502): CodeIgniter\CodeIgniter->runController(Object(App\Controllers\Sewa))
 8 SYSTEMPATH\CodeIgniter.php(361): CodeIgniter\CodeIgniter->handleRequest(null, Object(Config\Cache), false)
 9 FCPATH\index.php(79): CodeIgniter\CodeIgniter->run()
10 SYSTEMPATH\Commands\Server\rewrite.php(47): require_once('C:\\fp\\ke6\\public\\index.php')
CRITICAL - 2024-01-07 11:17:47 --> Attempt to read property "harga_sewa" on array
in APPPATH\Views\sewa\form_sewa.php on line 80.
 1 APPPATH\Views\sewa\form_sewa.php(80): CodeIgniter\Debug\Exceptions->errorHandler(2, 'Attempt to read property "harga_sewa" on array', 'C:\\fp\\ke6\\app\\Views\\sewa\\form_sewa.php', 80)
 2 SYSTEMPATH\View\View.php(228): include('C:\\fp\\ke6\\app\\Views\\sewa\\form_sewa.php')
 3 SYSTEMPATH\View\View.php(231): CodeIgniter\View\View->CodeIgniter\View\{closure}()
 4 SYSTEMPATH\Common.php(1190): CodeIgniter\View\View->render('sewa/form_sewa', [], true)
 5 APPPATH\Controllers\Sewa.php(57): view('sewa/form_sewa', [...])
 6 SYSTEMPATH\CodeIgniter.php(942): App\Controllers\Sewa->form()
 7 SYSTEMPATH\CodeIgniter.php(502): CodeIgniter\CodeIgniter->runController(Object(App\Controllers\Sewa))
 8 SYSTEMPATH\CodeIgniter.php(361): CodeIgniter\CodeIgniter->handleRequest(null, Object(Config\Cache), false)
 9 FCPATH\index.php(79): CodeIgniter\CodeIgniter->run()
10 SYSTEMPATH\Commands\Server\rewrite.php(47): require_once('C:\\fp\\ke6\\public\\index.php')
CRITICAL - 2024-01-07 11:17:47 --> Attempt to read property "harga_sewa" on array
in APPPATH\Views\sewa\form_sewa.php on line 80.
 1 APPPATH\Views\sewa\form_sewa.php(80): CodeIgniter\Debug\Exceptions->errorHandler(2, 'Attempt to read property "harga_sewa" on array', 'C:\\fp\\ke6\\app\\Views\\sewa\\form_sewa.php', 80)
 2 SYSTEMPATH\View\View.php(228): include('C:\\fp\\ke6\\app\\Views\\sewa\\form_sewa.php')
 3 SYSTEMPATH\View\View.php(231): CodeIgniter\View\View->CodeIgniter\View\{closure}()
 4 SYSTEMPATH\Common.php(1190): CodeIgniter\View\View->render('sewa/form_sewa', [], true)
 5 APPPATH\Controllers\Sewa.php(57): view('sewa/form_sewa', [...])
 6 SYSTEMPATH\CodeIgniter.php(942): App\Controllers\Sewa->form()
 7 SYSTEMPATH\CodeIgniter.php(502): CodeIgniter\CodeIgniter->runController(Object(App\Controllers\Sewa))
 8 SYSTEMPATH\CodeIgniter.php(361): CodeIgniter\CodeIgniter->handleRequest(null, Object(Config\Cache), false)
 9 FCPATH\index.php(79): CodeIgniter\CodeIgniter->run()
10 SYSTEMPATH\Commands\Server\rewrite.php(47): require_once('C:\\fp\\ke6\\public\\index.php')
CRITICAL - 2024-01-07 11:17:48 --> Attempt to read property "harga_sewa" on array
in APPPATH\Views\sewa\form_sewa.php on line 80.
 1 APPPATH\Views\sewa\form_sewa.php(80): CodeIgniter\Debug\Exceptions->errorHandler(2, 'Attempt to read property "harga_sewa" on array', 'C:\\fp\\ke6\\app\\Views\\sewa\\form_sewa.php', 80)
 2 SYSTEMPATH\View\View.php(228): include('C:\\fp\\ke6\\app\\Views\\sewa\\form_sewa.php')
 3 SYSTEMPATH\View\View.php(231): CodeIgniter\View\View->CodeIgniter\View\{closure}()
 4 SYSTEMPATH\Common.php(1190): CodeIgniter\View\View->render('sewa/form_sewa', [], true)
 5 APPPATH\Controllers\Sewa.php(57): view('sewa/form_sewa', [...])
 6 SYSTEMPATH\CodeIgniter.php(942): App\Controllers\Sewa->form()
 7 SYSTEMPATH\CodeIgniter.php(502): CodeIgniter\CodeIgniter->runController(Object(App\Controllers\Sewa))
 8 SYSTEMPATH\CodeIgniter.php(361): CodeIgniter\CodeIgniter->handleRequest(null, Object(Config\Cache), false)
 9 FCPATH\index.php(79): CodeIgniter\CodeIgniter->run()
10 SYSTEMPATH\Commands\Server\rewrite.php(47): require_once('C:\\fp\\ke6\\public\\index.php')
CRITICAL - 2024-01-07 11:17:48 --> Attempt to read property "harga_sewa" on array
in APPPATH\Views\sewa\form_sewa.php on line 80.
 1 APPPATH\Views\sewa\form_sewa.php(80): CodeIgniter\Debug\Exceptions->errorHandler(2, 'Attempt to read property "harga_sewa" on array', 'C:\\fp\\ke6\\app\\Views\\sewa\\form_sewa.php', 80)
 2 SYSTEMPATH\View\View.php(228): include('C:\\fp\\ke6\\app\\Views\\sewa\\form_sewa.php')
 3 SYSTEMPATH\View\View.php(231): CodeIgniter\View\View->CodeIgniter\View\{closure}()
 4 SYSTEMPATH\Common.php(1190): CodeIgniter\View\View->render('sewa/form_sewa', [], true)
 5 APPPATH\Controllers\Sewa.php(57): view('sewa/form_sewa', [...])
 6 SYSTEMPATH\CodeIgniter.php(942): App\Controllers\Sewa->form()
 7 SYSTEMPATH\CodeIgniter.php(502): CodeIgniter\CodeIgniter->runController(Object(App\Controllers\Sewa))
 8 SYSTEMPATH\CodeIgniter.php(361): CodeIgniter\CodeIgniter->handleRequest(null, Object(Config\Cache), false)
 9 FCPATH\index.php(79): CodeIgniter\CodeIgniter->run()
10 SYSTEMPATH\Commands\Server\rewrite.php(47): require_once('C:\\fp\\ke6\\public\\index.php')
CRITICAL - 2024-01-07 11:17:48 --> Attempt to read property "harga_sewa" on array
in APPPATH\Views\sewa\form_sewa.php on line 80.
 1 APPPATH\Views\sewa\form_sewa.php(80): CodeIgniter\Debug\Exceptions->errorHandler(2, 'Attempt to read property "harga_sewa" on array', 'C:\\fp\\ke6\\app\\Views\\sewa\\form_sewa.php', 80)
 2 SYSTEMPATH\View\View.php(228): include('C:\\fp\\ke6\\app\\Views\\sewa\\form_sewa.php')
 3 SYSTEMPATH\View\View.php(231): CodeIgniter\View\View->CodeIgniter\View\{closure}()
 4 SYSTEMPATH\Common.php(1190): CodeIgniter\View\View->render('sewa/form_sewa', [], true)
 5 APPPATH\Controllers\Sewa.php(57): view('sewa/form_sewa', [...])
 6 SYSTEMPATH\CodeIgniter.php(942): App\Controllers\Sewa->form()
 7 SYSTEMPATH\CodeIgniter.php(502): CodeIgniter\CodeIgniter->runController(Object(App\Controllers\Sewa))
 8 SYSTEMPATH\CodeIgniter.php(361): CodeIgniter\CodeIgniter->handleRequest(null, Object(Config\Cache), false)
 9 FCPATH\index.php(79): CodeIgniter\CodeIgniter->run()
10 SYSTEMPATH\Commands\Server\rewrite.php(47): require_once('C:\\fp\\ke6\\public\\index.php')
CRITICAL - 2024-01-07 11:17:48 --> Attempt to read property "harga_sewa" on array
in APPPATH\Views\sewa\form_sewa.php on line 80.
 1 APPPATH\Views\sewa\form_sewa.php(80): CodeIgniter\Debug\Exceptions->errorHandler(2, 'Attempt to read property "harga_sewa" on array', 'C:\\fp\\ke6\\app\\Views\\sewa\\form_sewa.php', 80)
 2 SYSTEMPATH\View\View.php(228): include('C:\\fp\\ke6\\app\\Views\\sewa\\form_sewa.php')
 3 SYSTEMPATH\View\View.php(231): CodeIgniter\View\View->CodeIgniter\View\{closure}()
 4 SYSTEMPATH\Common.php(1190): CodeIgniter\View\View->render('sewa/form_sewa', [], true)
 5 APPPATH\Controllers\Sewa.php(57): view('sewa/form_sewa', [...])
 6 SYSTEMPATH\CodeIgniter.php(942): App\Controllers\Sewa->form()
 7 SYSTEMPATH\CodeIgniter.php(502): CodeIgniter\CodeIgniter->runController(Object(App\Controllers\Sewa))
 8 SYSTEMPATH\CodeIgniter.php(361): CodeIgniter\CodeIgniter->handleRequest(null, Object(Config\Cache), false)
 9 FCPATH\index.php(79): CodeIgniter\CodeIgniter->run()
10 SYSTEMPATH\Commands\Server\rewrite.php(47): require_once('C:\\fp\\ke6\\public\\index.php')
CRITICAL - 2024-01-07 11:17:48 --> Attempt to read property "harga_sewa" on array
in APPPATH\Views\sewa\form_sewa.php on line 80.
 1 APPPATH\Views\sewa\form_sewa.php(80): CodeIgniter\Debug\Exceptions->errorHandler(2, 'Attempt to read property "harga_sewa" on array', 'C:\\fp\\ke6\\app\\Views\\sewa\\form_sewa.php', 80)
 2 SYSTEMPATH\View\View.php(228): include('C:\\fp\\ke6\\app\\Views\\sewa\\form_sewa.php')
 3 SYSTEMPATH\View\View.php(231): CodeIgniter\View\View->CodeIgniter\View\{closure}()
 4 SYSTEMPATH\Common.php(1190): CodeIgniter\View\View->render('sewa/form_sewa', [], true)
 5 APPPATH\Controllers\Sewa.php(57): view('sewa/form_sewa', [...])
 6 SYSTEMPATH\CodeIgniter.php(942): App\Controllers\Sewa->form()
 7 SYSTEMPATH\CodeIgniter.php(502): CodeIgniter\CodeIgniter->runController(Object(App\Controllers\Sewa))
 8 SYSTEMPATH\CodeIgniter.php(361): CodeIgniter\CodeIgniter->handleRequest(null, Object(Config\Cache), false)
 9 FCPATH\index.php(79): CodeIgniter\CodeIgniter->run()
10 SYSTEMPATH\Commands\Server\rewrite.php(47): require_once('C:\\fp\\ke6\\public\\index.php')
CRITICAL - 2024-01-07 11:17:48 --> Attempt to read property "harga_sewa" on array
in APPPATH\Views\sewa\form_sewa.php on line 80.
 1 APPPATH\Views\sewa\form_sewa.php(80): CodeIgniter\Debug\Exceptions->errorHandler(2, 'Attempt to read property "harga_sewa" on array', 'C:\\fp\\ke6\\app\\Views\\sewa\\form_sewa.php', 80)
 2 SYSTEMPATH\View\View.php(228): include('C:\\fp\\ke6\\app\\Views\\sewa\\form_sewa.php')
 3 SYSTEMPATH\View\View.php(231): CodeIgniter\View\View->CodeIgniter\View\{closure}()
 4 SYSTEMPATH\Common.php(1190): CodeIgniter\View\View->render('sewa/form_sewa', [], true)
 5 APPPATH\Controllers\Sewa.php(57): view('sewa/form_sewa', [...])
 6 SYSTEMPATH\CodeIgniter.php(942): App\Controllers\Sewa->form()
 7 SYSTEMPATH\CodeIgniter.php(502): CodeIgniter\CodeIgniter->runController(Object(App\Controllers\Sewa))
 8 SYSTEMPATH\CodeIgniter.php(361): CodeIgniter\CodeIgniter->handleRequest(null, Object(Config\Cache), false)
 9 FCPATH\index.php(79): CodeIgniter\CodeIgniter->run()
10 SYSTEMPATH\Commands\Server\rewrite.php(47): require_once('C:\\fp\\ke6\\public\\index.php')
CRITICAL - 2024-01-07 11:18:15 --> Cannot access offset of type string on string
in APPPATH\Views\sewa\form_sewa.php on line 82.
 1 SYSTEMPATH\View\View.php(228): include()
 2 SYSTEMPATH\View\View.php(231): CodeIgniter\View\View->CodeIgniter\View\{closure}()
 3 SYSTEMPATH\Common.php(1190): CodeIgniter\View\View->render('sewa/form_sewa', [], true)
 4 APPPATH\Controllers\Sewa.php(57): view('sewa/form_sewa', [...])
 5 SYSTEMPATH\CodeIgniter.php(942): App\Controllers\Sewa->form()
 6 SYSTEMPATH\CodeIgniter.php(502): CodeIgniter\CodeIgniter->runController(Object(App\Controllers\Sewa))
 7 SYSTEMPATH\CodeIgniter.php(361): CodeIgniter\CodeIgniter->handleRequest(null, Object(Config\Cache), false)
 8 FCPATH\index.php(79): CodeIgniter\CodeIgniter->run()
 9 SYSTEMPATH\Commands\Server\rewrite.php(47): require_once('C:\\fp\\ke6\\public\\index.php')
CRITICAL - 2024-01-07 11:18:16 --> Cannot access offset of type string on string
in APPPATH\Views\sewa\form_sewa.php on line 82.
 1 SYSTEMPATH\View\View.php(228): include()
 2 SYSTEMPATH\View\View.php(231): CodeIgniter\View\View->CodeIgniter\View\{closure}()
 3 SYSTEMPATH\Common.php(1190): CodeIgniter\View\View->render('sewa/form_sewa', [], true)
 4 APPPATH\Controllers\Sewa.php(57): view('sewa/form_sewa', [...])
 5 SYSTEMPATH\CodeIgniter.php(942): App\Controllers\Sewa->form()
 6 SYSTEMPATH\CodeIgniter.php(502): CodeIgniter\CodeIgniter->runController(Object(App\Controllers\Sewa))
 7 SYSTEMPATH\CodeIgniter.php(361): CodeIgniter\CodeIgniter->handleRequest(null, Object(Config\Cache), false)
 8 FCPATH\index.php(79): CodeIgniter\CodeIgniter->run()
 9 SYSTEMPATH\Commands\Server\rewrite.php(47): require_once('C:\\fp\\ke6\\public\\index.php')
CRITICAL - 2024-01-07 11:22:56 --> Undefined array key "nama_penyewa"
in APPPATH\Controllers\Sewa.php on line 123.
 1 APPPATH\Controllers\Sewa.php(123): CodeIgniter\Debug\Exceptions->errorHandler(2, 'Undefined array key "nama_penyewa"', 'C:\\fp\\ke6\\app\\Controllers\\Sewa.php', 123)
 2 SYSTEMPATH\CodeIgniter.php(942): App\Controllers\Sewa->ubah()
 3 SYSTEMPATH\CodeIgniter.php(502): CodeIgniter\CodeIgniter->runController(Object(App\Controllers\Sewa))
 4 SYSTEMPATH\CodeIgniter.php(361): CodeIgniter\CodeIgniter->handleRequest(null, Object(Config\Cache), false)
 5 FCPATH\index.php(79): CodeIgniter\CodeIgniter->run()
 6 SYSTEMPATH\Commands\Server\rewrite.php(47): require_once('C:\\fp\\ke6\\public\\index.php')
CRITICAL - 2024-01-07 11:23:23 --> Undefined variable $data_penyewa
in APPPATH\Views\sewa\form_sewa.php on line 19.
 1 APPPATH\Views\sewa\form_sewa.php(19): CodeIgniter\Debug\Exceptions->errorHandler(2, 'Undefined variable $data_penyewa', 'C:\\fp\\ke6\\app\\Views\\sewa\\form_sewa.php', 19)
 2 SYSTEMPATH\View\View.php(228): include('C:\\fp\\ke6\\app\\Views\\sewa\\form_sewa.php')
 3 SYSTEMPATH\View\View.php(231): CodeIgniter\View\View->CodeIgniter\View\{closure}()
 4 SYSTEMPATH\Common.php(1190): CodeIgniter\View\View->render('sewa/form_sewa', [], true)
 5 APPPATH\Controllers\Sewa.php(143): view('sewa/form_sewa', [...])
 6 SYSTEMPATH\CodeIgniter.php(942): App\Controllers\Sewa->ubah()
 7 SYSTEMPATH\CodeIgniter.php(502): CodeIgniter\CodeIgniter->runController(Object(App\Controllers\Sewa))
 8 SYSTEMPATH\CodeIgniter.php(361): CodeIgniter\CodeIgniter->handleRequest(null, Object(Config\Cache), false)
 9 FCPATH\index.php(79): CodeIgniter\CodeIgniter->run()
10 SYSTEMPATH\Commands\Server\rewrite.php(47): require_once('C:\\fp\\ke6\\public\\index.php')
CRITICAL - 2024-01-07 11:24:26 --> Cannot use object of type CodeIgniter\Database\MySQLi\Result as array
in APPPATH\Controllers\Sewa.php on line 125.
 1 SYSTEMPATH\CodeIgniter.php(942): App\Controllers\Sewa->ubah()
 2 SYSTEMPATH\CodeIgniter.php(502): CodeIgniter\CodeIgniter->runController(Object(App\Controllers\Sewa))
 3 SYSTEMPATH\CodeIgniter.php(361): CodeIgniter\CodeIgniter->handleRequest(null, Object(Config\Cache), false)
 4 FCPATH\index.php(79): CodeIgniter\CodeIgniter->run()
 5 SYSTEMPATH\Commands\Server\rewrite.php(47): require_once('C:\\fp\\ke6\\public\\index.php')
CRITICAL - 2024-01-07 11:24:53 --> Cannot use object of type CodeIgniter\Database\MySQLi\Result as array
in APPPATH\Controllers\Sewa.php on line 125.
 1 SYSTEMPATH\CodeIgniter.php(942): App\Controllers\Sewa->ubah()
 2 SYSTEMPATH\CodeIgniter.php(502): CodeIgniter\CodeIgniter->runController(Object(App\Controllers\Sewa))
 3 SYSTEMPATH\CodeIgniter.php(361): CodeIgniter\CodeIgniter->handleRequest(null, Object(Config\Cache), false)
 4 FCPATH\index.php(79): CodeIgniter\CodeIgniter->run()
 5 SYSTEMPATH\Commands\Server\rewrite.php(47): require_once('C:\\fp\\ke6\\public\\index.php')
CRITICAL - 2024-01-07 11:25:59 --> Cannot use object of type CodeIgniter\Database\MySQLi\Result as array
in APPPATH\Controllers\Sewa.php on line 125.
 1 SYSTEMPATH\CodeIgniter.php(942): App\Controllers\Sewa->ubah()
 2 SYSTEMPATH\CodeIgniter.php(502): CodeIgniter\CodeIgniter->runController(Object(App\Controllers\Sewa))
 3 SYSTEMPATH\CodeIgniter.php(361): CodeIgniter\CodeIgniter->handleRequest(null, Object(Config\Cache), false)
 4 FCPATH\index.php(79): CodeIgniter\CodeIgniter->run()
 5 SYSTEMPATH\Commands\Server\rewrite.php(47): require_once('C:\\fp\\ke6\\public\\index.php')
CRITICAL - 2024-01-07 11:28:31 --> Undefined variable $data_penyewa
in APPPATH\Views\sewa\form_sewa.php on line 19.
 1 APPPATH\Views\sewa\form_sewa.php(19): CodeIgniter\Debug\Exceptions->errorHandler(2, 'Undefined variable $data_penyewa', 'C:\\fp\\ke6\\app\\Views\\sewa\\form_sewa.php', 19)
 2 SYSTEMPATH\View\View.php(228): include('C:\\fp\\ke6\\app\\Views\\sewa\\form_sewa.php')
 3 SYSTEMPATH\View\View.php(231): CodeIgniter\View\View->CodeIgniter\View\{closure}()
 4 SYSTEMPATH\Common.php(1190): CodeIgniter\View\View->render('sewa/form_sewa', [], true)
 5 APPPATH\Controllers\Sewa.php(143): view('sewa/form_sewa', [...])
 6 SYSTEMPATH\CodeIgniter.php(942): App\Controllers\Sewa->ubah()
 7 SYSTEMPATH\CodeIgniter.php(502): CodeIgniter\CodeIgniter->runController(Object(App\Controllers\Sewa))
 8 SYSTEMPATH\CodeIgniter.php(361): CodeIgniter\CodeIgniter->handleRequest(null, Object(Config\Cache), false)
 9 FCPATH\index.php(79): CodeIgniter\CodeIgniter->run()
10 SYSTEMPATH\Commands\Server\rewrite.php(47): require_once('C:\\fp\\ke6\\public\\index.php')
CRITICAL - 2024-01-07 11:29:30 --> Call to a member function getResult() on array
in APPPATH\Controllers\Sewa.php on line 146.
 1 SYSTEMPATH\CodeIgniter.php(942): App\Controllers\Sewa->ubah()
 2 SYSTEMPATH\CodeIgniter.php(502): CodeIgniter\CodeIgniter->runController(Object(App\Controllers\Sewa))
 3 SYSTEMPATH\CodeIgniter.php(361): CodeIgniter\CodeIgniter->handleRequest(null, Object(Config\Cache), false)
 4 FCPATH\index.php(79): CodeIgniter\CodeIgniter->run()
 5 SYSTEMPATH\Commands\Server\rewrite.php(47): require_once('C:\\fp\\ke6\\public\\index.php')
CRITICAL - 2024-01-07 11:29:55 --> syntax error, unexpected token "return", expecting "]"
in APPPATH\Controllers\Sewa.php on line 147.
 1 SYSTEMPATH\Router\Router.php(514): CodeIgniter\Router\AutoRouter->getRoute('sewa/ubah', 'get')
 2 SYSTEMPATH\Router\Router.php(210): CodeIgniter\Router\Router->autoRoute('sewa/ubah')
 3 SYSTEMPATH\CodeIgniter.php(823): CodeIgniter\Router\Router->handle('sewa/ubah')
 4 SYSTEMPATH\CodeIgniter.php(450): CodeIgniter\CodeIgniter->tryToRouteIt(Object(CodeIgniter\Router\RouteCollection))
 5 SYSTEMPATH\CodeIgniter.php(361): CodeIgniter\CodeIgniter->handleRequest(null, Object(Config\Cache), false)
 6 FCPATH\index.php(79): CodeIgniter\CodeIgniter->run()
 7 SYSTEMPATH\Commands\Server\rewrite.php(47): require_once('C:\\fp\\ke6\\public\\index.php')
