CRITICAL - 2023-12-18 08:10:50 --> Trying to access array offset on value of type null
in APPPATH\Controllers\Transaksi.php on line 140.
 1 APPPATH\Controllers\Transaksi.php(140): CodeIgniter\Debug\Exceptions->errorHandler(2, 'Trying to access array offset on value of type null', 'D:\\adhani_coba\\app\\Controllers\\Transaksi.php', 140)
 2 SYSTEMPATH\CodeIgniter.php(942): App\Controllers\Transaksi->ubah()
 3 SYSTEMPATH\CodeIgniter.php(502): CodeIgniter\CodeIgniter->runController(Object(App\Controllers\Transaksi))
 4 SYSTEMPATH\CodeIgniter.php(361): CodeIgniter\CodeIgniter->handleRequest(null, Object(Config\Cache), false)
 5 FCPATH\index.php(79): CodeIgniter\CodeIgniter->run()
 6 SYSTEMPATH\Commands\Server\rewrite.php(47): require_once('D:\\adhani_coba\\public\\index.php')
CRITICAL - 2023-12-18 08:10:59 --> Deletes are not allowed unless they contain a "where" or "like" clause.
in SYSTEMPATH\Database\BaseBuilder.php on line 2766.
 1 SYSTEMPATH\Model.php(445): CodeIgniter\Database\BaseBuilder->delete()
 2 SYSTEMPATH\BaseModel.php(1080): CodeIgniter\Model->doDelete('', false)
 3 APPPATH\Controllers\Transaksi.php(168): CodeIgniter\BaseModel->delete('')
 4 SYSTEMPATH\CodeIgniter.php(942): App\Controllers\Transaksi->hapus()
 5 SYSTEMPATH\CodeIgniter.php(502): CodeIgniter\CodeIgniter->runController(Object(App\Controllers\Transaksi))
 6 SYSTEMPATH\CodeIgniter.php(361): CodeIgniter\CodeIgniter->handleRequest(null, Object(Config\Cache), false)
 7 FCPATH\index.php(79): CodeIgniter\CodeIgniter->run()
 8 SYSTEMPATH\Commands\Server\rewrite.php(47): require_once('D:\\adhani_coba\\public\\index.php')
CRITICAL - 2023-12-18 09:31:09 --> Unclosed '{' on line 8
in APPPATH\Models\BarangModel.php on line 18.
 1 SYSTEMPATH\Autoloader\Autoloader.php(291): CodeIgniter\Autoloader\Autoloader->includeFile('D:\\adhani_coba\\app\\Models\\BarangModel.php')
 2 SYSTEMPATH\Autoloader\Autoloader.php(269): CodeIgniter\Autoloader\Autoloader->loadInNamespace('App\\Models\\BarangModel')
 3 APPPATH\Controllers\Barang.php(11): CodeIgniter\Autoloader\Autoloader->loadClass('App\\Models\\BarangModel')
 4 SYSTEMPATH\CodeIgniter.php(914): App\Controllers\Barang->__construct()
 5 SYSTEMPATH\CodeIgniter.php(493): CodeIgniter\CodeIgniter->createController()
 6 SYSTEMPATH\CodeIgniter.php(361): CodeIgniter\CodeIgniter->handleRequest(null, Object(Config\Cache), false)
 7 FCPATH\index.php(79): CodeIgniter\CodeIgniter->run()
 8 SYSTEMPATH\Commands\Server\rewrite.php(47): require_once('D:\\adhani_coba\\public\\index.php')
CRITICAL - 2023-12-18 09:31:14 --> Unclosed '{' on line 8
in APPPATH\Models\BarangModel.php on line 18.
 1 SYSTEMPATH\Autoloader\Autoloader.php(291): CodeIgniter\Autoloader\Autoloader->includeFile('D:\\adhani_coba\\app\\Models\\BarangModel.php')
 2 SYSTEMPATH\Autoloader\Autoloader.php(269): CodeIgniter\Autoloader\Autoloader->loadInNamespace('App\\Models\\BarangModel')
 3 APPPATH\Controllers\Barang.php(11): CodeIgniter\Autoloader\Autoloader->loadClass('App\\Models\\BarangModel')
 4 SYSTEMPATH\CodeIgniter.php(914): App\Controllers\Barang->__construct()
 5 SYSTEMPATH\CodeIgniter.php(493): CodeIgniter\CodeIgniter->createController()
 6 SYSTEMPATH\CodeIgniter.php(361): CodeIgniter\CodeIgniter->handleRequest(null, Object(Config\Cache), false)
 7 FCPATH\index.php(79): CodeIgniter\CodeIgniter->run()
 8 SYSTEMPATH\Commands\Server\rewrite.php(47): require_once('D:\\adhani_coba\\public\\index.php')
ERROR - 2023-12-18 09:41:01 --> mysqli_sql_exception: Duplicate entry 'B006' for key 'PRIMARY' in D:\adhani_coba\system\Database\MySQLi\Connection.php:306
Stack trace:
#0 D:\adhani_coba\system\Database\MySQLi\Connection.php(306): mysqli->query('INSERT INTO `ba...', 0)
#1 D:\adhani_coba\system\Database\BaseConnection.php(693): CodeIgniter\Database\MySQLi\Connection->execute('INSERT INTO `ba...')
#2 D:\adhani_coba\system\Database\BaseConnection.php(607): CodeIgniter\Database\BaseConnection->simpleQuery('INSERT INTO `ba...')
#3 D:\adhani_coba\system\Database\BaseBuilder.php(2308): CodeIgniter\Database\BaseConnection->query('INSERT INTO `ba...', Array, false)
#4 D:\adhani_coba\system\Model.php(319): CodeIgniter\Database\BaseBuilder->insert()
#5 D:\adhani_coba\system\BaseModel.php(788): CodeIgniter\Model->doInsert(Array)
#6 D:\adhani_coba\system\Model.php(715): CodeIgniter\BaseModel->insert(Array, true)
#7 D:\adhani_coba\app\Controllers\Barang.php(77): CodeIgniter\Model->insert(Array)
#8 D:\adhani_coba\system\CodeIgniter.php(942): App\Controllers\Barang->proses_input()
#9 D:\adhani_coba\system\CodeIgniter.php(502): CodeIgniter\CodeIgniter->runController(Object(App\Controllers\Barang))
#10 D:\adhani_coba\system\CodeIgniter.php(361): CodeIgniter\CodeIgniter->handleRequest(NULL, Object(Config\Cache), false)
#11 D:\adhani_coba\public\index.php(79): CodeIgniter\CodeIgniter->run()
#12 D:\adhani_coba\system\Commands\Server\rewrite.php(47): require_once('D:\\adhani_coba\\...')
#13 {main}
CRITICAL - 2023-12-18 09:41:01 --> Duplicate entry 'B006' for key 'PRIMARY'
in SYSTEMPATH\Database\BaseConnection.php on line 647.
 1 SYSTEMPATH\Database\BaseBuilder.php(2308): CodeIgniter\Database\BaseConnection->query('INSERT INTO `barang` (`id_barang`, `nama_barang`, `spesifikasi`, `jumlah_barang`) VALUES (:id_barang:, :nama_barang:, :spesifikasi:, :jumlah_barang:)', [...], false)
 2 SYSTEMPATH\Model.php(319): CodeIgniter\Database\BaseBuilder->insert()
 3 SYSTEMPATH\BaseModel.php(788): CodeIgniter\Model->doInsert([...])
 4 SYSTEMPATH\Model.php(715): CodeIgniter\BaseModel->insert([...], true)
 5 APPPATH\Controllers\Barang.php(77): CodeIgniter\Model->insert([...])
 6 SYSTEMPATH\CodeIgniter.php(942): App\Controllers\Barang->proses_input()
 7 SYSTEMPATH\CodeIgniter.php(502): CodeIgniter\CodeIgniter->runController(Object(App\Controllers\Barang))
 8 SYSTEMPATH\CodeIgniter.php(361): CodeIgniter\CodeIgniter->handleRequest(null, Object(Config\Cache), false)
 9 FCPATH\index.php(79): CodeIgniter\CodeIgniter->run()
10 SYSTEMPATH\Commands\Server\rewrite.php(47): require_once('D:\\adhani_coba\\public\\index.php')
CRITICAL - 2023-12-18 09:46:56 --> Undefined variable $value
in APPPATH\Views\barang\data_alat.php on line 58.
 1 APPPATH\Views\barang\data_alat.php(58): CodeIgniter\Debug\Exceptions->errorHandler(2, 'Undefined variable $value', 'D:\\adhani_coba\\app\\Views\\barang\\data_alat.php', 58)
 2 SYSTEMPATH\View\View.php(228): include('D:\\adhani_coba\\app\\Views\\barang\\data_alat.php')
 3 SYSTEMPATH\View\View.php(231): CodeIgniter\View\View->CodeIgniter\View\{closure}()
 4 SYSTEMPATH\Common.php(1190): CodeIgniter\View\View->render('barang/data_alat', [], true)
 5 APPPATH\Controllers\Barang.php(107): view('barang/data_alat', [...])
 6 SYSTEMPATH\CodeIgniter.php(942): App\Controllers\Barang->data_alat()
 7 SYSTEMPATH\CodeIgniter.php(502): CodeIgniter\CodeIgniter->runController(Object(App\Controllers\Barang))
 8 SYSTEMPATH\CodeIgniter.php(361): CodeIgniter\CodeIgniter->handleRequest(null, Object(Config\Cache), false)
 9 FCPATH\index.php(79): CodeIgniter\CodeIgniter->run()
10 SYSTEMPATH\Commands\Server\rewrite.php(47): require_once('D:\\adhani_coba\\public\\index.php')
CRITICAL - 2023-12-18 09:46:57 --> Undefined variable $value
in APPPATH\Views\barang\data_alat.php on line 58.
 1 APPPATH\Views\barang\data_alat.php(58): CodeIgniter\Debug\Exceptions->errorHandler(2, 'Undefined variable $value', 'D:\\adhani_coba\\app\\Views\\barang\\data_alat.php', 58)
 2 SYSTEMPATH\View\View.php(228): include('D:\\adhani_coba\\app\\Views\\barang\\data_alat.php')
 3 SYSTEMPATH\View\View.php(231): CodeIgniter\View\View->CodeIgniter\View\{closure}()
 4 SYSTEMPATH\Common.php(1190): CodeIgniter\View\View->render('barang/data_alat', [], true)
 5 APPPATH\Controllers\Barang.php(107): view('barang/data_alat', [...])
 6 SYSTEMPATH\CodeIgniter.php(942): App\Controllers\Barang->data_alat()
 7 SYSTEMPATH\CodeIgniter.php(502): CodeIgniter\CodeIgniter->runController(Object(App\Controllers\Barang))
 8 SYSTEMPATH\CodeIgniter.php(361): CodeIgniter\CodeIgniter->handleRequest(null, Object(Config\Cache), false)
 9 FCPATH\index.php(79): CodeIgniter\CodeIgniter->run()
10 SYSTEMPATH\Commands\Server\rewrite.php(47): require_once('D:\\adhani_coba\\public\\index.php')
CRITICAL - 2023-12-18 09:47:21 --> Undefined variable $value
in APPPATH\Views\barang\data_alat.php on line 58.
 1 APPPATH\Views\barang\data_alat.php(58): CodeIgniter\Debug\Exceptions->errorHandler(2, 'Undefined variable $value', 'D:\\adhani_coba\\app\\Views\\barang\\data_alat.php', 58)
 2 SYSTEMPATH\View\View.php(228): include('D:\\adhani_coba\\app\\Views\\barang\\data_alat.php')
 3 SYSTEMPATH\View\View.php(231): CodeIgniter\View\View->CodeIgniter\View\{closure}()
 4 SYSTEMPATH\Common.php(1190): CodeIgniter\View\View->render('barang/data_alat', [], true)
 5 APPPATH\Controllers\Barang.php(107): view('barang/data_alat', [...])
 6 SYSTEMPATH\CodeIgniter.php(942): App\Controllers\Barang->data_alat()
 7 SYSTEMPATH\CodeIgniter.php(502): CodeIgniter\CodeIgniter->runController(Object(App\Controllers\Barang))
 8 SYSTEMPATH\CodeIgniter.php(361): CodeIgniter\CodeIgniter->handleRequest(null, Object(Config\Cache), false)
 9 FCPATH\index.php(79): CodeIgniter\CodeIgniter->run()
10 SYSTEMPATH\Commands\Server\rewrite.php(47): require_once('D:\\adhani_coba\\public\\index.php')
CRITICAL - 2023-12-18 09:47:22 --> Undefined variable $value
in APPPATH\Views\barang\data_alat.php on line 58.
 1 APPPATH\Views\barang\data_alat.php(58): CodeIgniter\Debug\Exceptions->errorHandler(2, 'Undefined variable $value', 'D:\\adhani_coba\\app\\Views\\barang\\data_alat.php', 58)
 2 SYSTEMPATH\View\View.php(228): include('D:\\adhani_coba\\app\\Views\\barang\\data_alat.php')
 3 SYSTEMPATH\View\View.php(231): CodeIgniter\View\View->CodeIgniter\View\{closure}()
 4 SYSTEMPATH\Common.php(1190): CodeIgniter\View\View->render('barang/data_alat', [], true)
 5 APPPATH\Controllers\Barang.php(107): view('barang/data_alat', [...])
 6 SYSTEMPATH\CodeIgniter.php(942): App\Controllers\Barang->data_alat()
 7 SYSTEMPATH\CodeIgniter.php(502): CodeIgniter\CodeIgniter->runController(Object(App\Controllers\Barang))
 8 SYSTEMPATH\CodeIgniter.php(361): CodeIgniter\CodeIgniter->handleRequest(null, Object(Config\Cache), false)
 9 FCPATH\index.php(79): CodeIgniter\CodeIgniter->run()
10 SYSTEMPATH\Commands\Server\rewrite.php(47): require_once('D:\\adhani_coba\\public\\index.php')
CRITICAL - 2023-12-18 09:47:22 --> Undefined variable $value
in APPPATH\Views\barang\data_alat.php on line 58.
 1 APPPATH\Views\barang\data_alat.php(58): CodeIgniter\Debug\Exceptions->errorHandler(2, 'Undefined variable $value', 'D:\\adhani_coba\\app\\Views\\barang\\data_alat.php', 58)
 2 SYSTEMPATH\View\View.php(228): include('D:\\adhani_coba\\app\\Views\\barang\\data_alat.php')
 3 SYSTEMPATH\View\View.php(231): CodeIgniter\View\View->CodeIgniter\View\{closure}()
 4 SYSTEMPATH\Common.php(1190): CodeIgniter\View\View->render('barang/data_alat', [], true)
 5 APPPATH\Controllers\Barang.php(107): view('barang/data_alat', [...])
 6 SYSTEMPATH\CodeIgniter.php(942): App\Controllers\Barang->data_alat()
 7 SYSTEMPATH\CodeIgniter.php(502): CodeIgniter\CodeIgniter->runController(Object(App\Controllers\Barang))
 8 SYSTEMPATH\CodeIgniter.php(361): CodeIgniter\CodeIgniter->handleRequest(null, Object(Config\Cache), false)
 9 FCPATH\index.php(79): CodeIgniter\CodeIgniter->run()
10 SYSTEMPATH\Commands\Server\rewrite.php(47): require_once('D:\\adhani_coba\\public\\index.php')
