CRITICAL - 2023-12-30 12:45:10 --> Call to a member function getResult() on array
in APPPATH\Controllers\Sewa.php on line 147.
 1 SYSTEMPATH\CodeIgniter.php(942): App\Controllers\Sewa->ubah()
 2 SYSTEMPATH\CodeIgniter.php(502): CodeIgniter\CodeIgniter->runController(Object(App\Controllers\Sewa))
 3 SYSTEMPATH\CodeIgniter.php(361): CodeIgniter\CodeIgniter->handleRequest(null, Object(Config\Cache), false)
 4 FCPATH\index.php(79): CodeIgniter\CodeIgniter->run()
 5 SYSTEMPATH\Commands\Server\rewrite.php(47): require_once('C:\\fp\\ke6\\public\\index.php')
CRITICAL - 2023-12-30 12:46:47 --> Undefined variable $data_sewa
in APPPATH\Views\sewa\form_sewa.php on line 18.
 1 APPPATH\Views\sewa\form_sewa.php(18): CodeIgniter\Debug\Exceptions->errorHandler(2, 'Undefined variable $data_sewa', 'C:\\fp\\ke6\\app\\Views\\sewa\\form_sewa.php', 18)
 2 SYSTEMPATH\View\View.php(228): include('C:\\fp\\ke6\\app\\Views\\sewa\\form_sewa.php')
 3 SYSTEMPATH\View\View.php(231): CodeIgniter\View\View->CodeIgniter\View\{closure}()
 4 SYSTEMPATH\Common.php(1190): CodeIgniter\View\View->render('sewa/form_sewa', [], true)
 5 APPPATH\Controllers\Sewa.php(150): view('sewa/form_sewa', [...])
 6 SYSTEMPATH\CodeIgniter.php(942): App\Controllers\Sewa->ubah()
 7 SYSTEMPATH\CodeIgniter.php(502): CodeIgniter\CodeIgniter->runController(Object(App\Controllers\Sewa))
 8 SYSTEMPATH\CodeIgniter.php(361): CodeIgniter\CodeIgniter->handleRequest(null, Object(Config\Cache), false)
 9 FCPATH\index.php(79): CodeIgniter\CodeIgniter->run()
10 SYSTEMPATH\Commands\Server\rewrite.php(47): require_once('C:\\fp\\ke6\\public\\index.php')
CRITICAL - 2023-12-30 12:47:18 --> Call to a member function getResult() on array
in APPPATH\Controllers\Sewa.php on line 147.
 1 SYSTEMPATH\CodeIgniter.php(942): App\Controllers\Sewa->ubah()
 2 SYSTEMPATH\CodeIgniter.php(502): CodeIgniter\CodeIgniter->runController(Object(App\Controllers\Sewa))
 3 SYSTEMPATH\CodeIgniter.php(361): CodeIgniter\CodeIgniter->handleRequest(null, Object(Config\Cache), false)
 4 FCPATH\index.php(79): CodeIgniter\CodeIgniter->run()
 5 SYSTEMPATH\Commands\Server\rewrite.php(47): require_once('C:\\fp\\ke6\\public\\index.php')
CRITICAL - 2023-12-30 13:02:36 --> Call to a member function getResult() on array
in APPPATH\Controllers\Sewa.php on line 140.
 1 SYSTEMPATH\CodeIgniter.php(942): App\Controllers\Sewa->ubah()
 2 SYSTEMPATH\CodeIgniter.php(502): CodeIgniter\CodeIgniter->runController(Object(App\Controllers\Sewa))
 3 SYSTEMPATH\CodeIgniter.php(361): CodeIgniter\CodeIgniter->handleRequest(null, Object(Config\Cache), false)
 4 FCPATH\index.php(79): CodeIgniter\CodeIgniter->run()
 5 SYSTEMPATH\Commands\Server\rewrite.php(47): require_once('C:\\fp\\ke6\\public\\index.php')
CRITICAL - 2023-12-30 13:02:37 --> Call to a member function getResult() on array
in APPPATH\Controllers\Sewa.php on line 140.
 1 SYSTEMPATH\CodeIgniter.php(942): App\Controllers\Sewa->ubah()
 2 SYSTEMPATH\CodeIgniter.php(502): CodeIgniter\CodeIgniter->runController(Object(App\Controllers\Sewa))
 3 SYSTEMPATH\CodeIgniter.php(361): CodeIgniter\CodeIgniter->handleRequest(null, Object(Config\Cache), false)
 4 FCPATH\index.php(79): CodeIgniter\CodeIgniter->run()
 5 SYSTEMPATH\Commands\Server\rewrite.php(47): require_once('C:\\fp\\ke6\\public\\index.php')
CRITICAL - 2023-12-30 13:02:37 --> Call to a member function getResult() on array
in APPPATH\Controllers\Sewa.php on line 140.
 1 SYSTEMPATH\CodeIgniter.php(942): App\Controllers\Sewa->ubah()
 2 SYSTEMPATH\CodeIgniter.php(502): CodeIgniter\CodeIgniter->runController(Object(App\Controllers\Sewa))
 3 SYSTEMPATH\CodeIgniter.php(361): CodeIgniter\CodeIgniter->handleRequest(null, Object(Config\Cache), false)
 4 FCPATH\index.php(79): CodeIgniter\CodeIgniter->run()
 5 SYSTEMPATH\Commands\Server\rewrite.php(47): require_once('C:\\fp\\ke6\\public\\index.php')
CRITICAL - 2023-12-30 13:02:41 --> Call to a member function getResult() on array
in APPPATH\Controllers\Sewa.php on line 140.
 1 SYSTEMPATH\CodeIgniter.php(942): App\Controllers\Sewa->ubah()
 2 SYSTEMPATH\CodeIgniter.php(502): CodeIgniter\CodeIgniter->runController(Object(App\Controllers\Sewa))
 3 SYSTEMPATH\CodeIgniter.php(361): CodeIgniter\CodeIgniter->handleRequest(null, Object(Config\Cache), false)
 4 FCPATH\index.php(79): CodeIgniter\CodeIgniter->run()
 5 SYSTEMPATH\Commands\Server\rewrite.php(47): require_once('C:\\fp\\ke6\\public\\index.php')
CRITICAL - 2023-12-30 13:03:09 --> Call to a member function getResult() on array
in APPPATH\Controllers\Sewa.php on line 140.
 1 SYSTEMPATH\CodeIgniter.php(942): App\Controllers\Sewa->ubah()
 2 SYSTEMPATH\CodeIgniter.php(502): CodeIgniter\CodeIgniter->runController(Object(App\Controllers\Sewa))
 3 SYSTEMPATH\CodeIgniter.php(361): CodeIgniter\CodeIgniter->handleRequest(null, Object(Config\Cache), false)
 4 FCPATH\index.php(79): CodeIgniter\CodeIgniter->run()
 5 SYSTEMPATH\Commands\Server\rewrite.php(47): require_once('C:\\fp\\ke6\\public\\index.php')
CRITICAL - 2023-12-30 13:04:52 --> Undefined variable $data_sewa
in APPPATH\Views\sewa\form_sewa.php on line 18.
 1 APPPATH\Views\sewa\form_sewa.php(18): CodeIgniter\Debug\Exceptions->errorHandler(2, 'Undefined variable $data_sewa', 'C:\\fp\\ke6\\app\\Views\\sewa\\form_sewa.php', 18)
 2 SYSTEMPATH\View\View.php(228): include('C:\\fp\\ke6\\app\\Views\\sewa\\form_sewa.php')
 3 SYSTEMPATH\View\View.php(231): CodeIgniter\View\View->CodeIgniter\View\{closure}()
 4 SYSTEMPATH\Common.php(1190): CodeIgniter\View\View->render('sewa/form_sewa', [], true)
 5 APPPATH\Controllers\Sewa.php(150): view('sewa/form_sewa', [...])
 6 SYSTEMPATH\CodeIgniter.php(942): App\Controllers\Sewa->ubah()
 7 SYSTEMPATH\CodeIgniter.php(502): CodeIgniter\CodeIgniter->runController(Object(App\Controllers\Sewa))
 8 SYSTEMPATH\CodeIgniter.php(361): CodeIgniter\CodeIgniter->handleRequest(null, Object(Config\Cache), false)
 9 FCPATH\index.php(79): CodeIgniter\CodeIgniter->run()
10 SYSTEMPATH\Commands\Server\rewrite.php(47): require_once('C:\\fp\\ke6\\public\\index.php')
CRITICAL - 2023-12-30 13:05:30 --> Cannot use object of type CodeIgniter\Database\MySQLi\Result as array
in APPPATH\Controllers\Sewa.php on line 131.
 1 SYSTEMPATH\CodeIgniter.php(942): App\Controllers\Sewa->ubah()
 2 SYSTEMPATH\CodeIgniter.php(502): CodeIgniter\CodeIgniter->runController(Object(App\Controllers\Sewa))
 3 SYSTEMPATH\CodeIgniter.php(361): CodeIgniter\CodeIgniter->handleRequest(null, Object(Config\Cache), false)
 4 FCPATH\index.php(79): CodeIgniter\CodeIgniter->run()
 5 SYSTEMPATH\Commands\Server\rewrite.php(47): require_once('C:\\fp\\ke6\\public\\index.php')
CRITICAL - 2023-12-30 13:07:29 --> Cannot use object of type CodeIgniter\Database\MySQLi\Result as array
in APPPATH\Controllers\Sewa.php on line 129.
 1 SYSTEMPATH\CodeIgniter.php(942): App\Controllers\Sewa->ubah()
 2 SYSTEMPATH\CodeIgniter.php(502): CodeIgniter\CodeIgniter->runController(Object(App\Controllers\Sewa))
 3 SYSTEMPATH\CodeIgniter.php(361): CodeIgniter\CodeIgniter->handleRequest(null, Object(Config\Cache), false)
 4 FCPATH\index.php(79): CodeIgniter\CodeIgniter->run()
 5 SYSTEMPATH\Commands\Server\rewrite.php(47): require_once('C:\\fp\\ke6\\public\\index.php')
CRITICAL - 2023-12-30 13:08:34 --> CodeIgniter\Database\BaseBuilder::get(): Argument #1 ($limit) must be of type ?int, string given, called in C:\fp\ke6\system\Model.php on line 871
in SYSTEMPATH\Database\BaseBuilder.php on line 1607.
 1 SYSTEMPATH\Model.php(871): CodeIgniter\Database\BaseBuilder->get('sewa')
 2 APPPATH\Controllers\Sewa.php(127): CodeIgniter\Model->__call('get', [...])
 3 SYSTEMPATH\CodeIgniter.php(942): App\Controllers\Sewa->ubah()
 4 SYSTEMPATH\CodeIgniter.php(502): CodeIgniter\CodeIgniter->runController(Object(App\Controllers\Sewa))
 5 SYSTEMPATH\CodeIgniter.php(361): CodeIgniter\CodeIgniter->handleRequest(null, Object(Config\Cache), false)
 6 FCPATH\index.php(79): CodeIgniter\CodeIgniter->run()
 7 SYSTEMPATH\Commands\Server\rewrite.php(47): require_once('C:\\fp\\ke6\\public\\index.php')
CRITICAL - 2023-12-30 13:08:34 --> CodeIgniter\Database\BaseBuilder::get(): Argument #1 ($limit) must be of type ?int, string given, called in C:\fp\ke6\system\Model.php on line 871
in SYSTEMPATH\Database\BaseBuilder.php on line 1607.
 1 SYSTEMPATH\Model.php(871): CodeIgniter\Database\BaseBuilder->get('sewa')
 2 APPPATH\Controllers\Sewa.php(127): CodeIgniter\Model->__call('get', [...])
 3 SYSTEMPATH\CodeIgniter.php(942): App\Controllers\Sewa->ubah()
 4 SYSTEMPATH\CodeIgniter.php(502): CodeIgniter\CodeIgniter->runController(Object(App\Controllers\Sewa))
 5 SYSTEMPATH\CodeIgniter.php(361): CodeIgniter\CodeIgniter->handleRequest(null, Object(Config\Cache), false)
 6 FCPATH\index.php(79): CodeIgniter\CodeIgniter->run()
 7 SYSTEMPATH\Commands\Server\rewrite.php(47): require_once('C:\\fp\\ke6\\public\\index.php')
CRITICAL - 2023-12-30 13:08:34 --> CodeIgniter\Database\BaseBuilder::get(): Argument #1 ($limit) must be of type ?int, string given, called in C:\fp\ke6\system\Model.php on line 871
in SYSTEMPATH\Database\BaseBuilder.php on line 1607.
 1 SYSTEMPATH\Model.php(871): CodeIgniter\Database\BaseBuilder->get('sewa')
 2 APPPATH\Controllers\Sewa.php(127): CodeIgniter\Model->__call('get', [...])
 3 SYSTEMPATH\CodeIgniter.php(942): App\Controllers\Sewa->ubah()
 4 SYSTEMPATH\CodeIgniter.php(502): CodeIgniter\CodeIgniter->runController(Object(App\Controllers\Sewa))
 5 SYSTEMPATH\CodeIgniter.php(361): CodeIgniter\CodeIgniter->handleRequest(null, Object(Config\Cache), false)
 6 FCPATH\index.php(79): CodeIgniter\CodeIgniter->run()
 7 SYSTEMPATH\Commands\Server\rewrite.php(47): require_once('C:\\fp\\ke6\\public\\index.php')
CRITICAL - 2023-12-30 13:08:41 --> CodeIgniter\Database\BaseBuilder::get(): Argument #1 ($limit) must be of type ?int, string given, called in C:\fp\ke6\system\Model.php on line 871
in SYSTEMPATH\Database\BaseBuilder.php on line 1607.
 1 SYSTEMPATH\Model.php(871): CodeIgniter\Database\BaseBuilder->get('sewa')
 2 APPPATH\Controllers\Sewa.php(127): CodeIgniter\Model->__call('get', [...])
 3 SYSTEMPATH\CodeIgniter.php(942): App\Controllers\Sewa->ubah()
 4 SYSTEMPATH\CodeIgniter.php(502): CodeIgniter\CodeIgniter->runController(Object(App\Controllers\Sewa))
 5 SYSTEMPATH\CodeIgniter.php(361): CodeIgniter\CodeIgniter->handleRequest(null, Object(Config\Cache), false)
 6 FCPATH\index.php(79): CodeIgniter\CodeIgniter->run()
 7 SYSTEMPATH\Commands\Server\rewrite.php(47): require_once('C:\\fp\\ke6\\public\\index.php')
CRITICAL - 2023-12-30 13:12:20 --> CodeIgniter\Database\BaseBuilder::get(): Argument #1 ($limit) must be of type ?int, string given, called in C:\fp\ke6\system\Model.php on line 871
in SYSTEMPATH\Database\BaseBuilder.php on line 1607.
 1 SYSTEMPATH\Model.php(871): CodeIgniter\Database\BaseBuilder->get('sewa')
 2 APPPATH\Controllers\Sewa.php(128): CodeIgniter\Model->__call('get', [...])
 3 SYSTEMPATH\CodeIgniter.php(942): App\Controllers\Sewa->ubah()
 4 SYSTEMPATH\CodeIgniter.php(502): CodeIgniter\CodeIgniter->runController(Object(App\Controllers\Sewa))
 5 SYSTEMPATH\CodeIgniter.php(361): CodeIgniter\CodeIgniter->handleRequest(null, Object(Config\Cache), false)
 6 FCPATH\index.php(79): CodeIgniter\CodeIgniter->run()
 7 SYSTEMPATH\Commands\Server\rewrite.php(47): require_once('C:\\fp\\ke6\\public\\index.php')
CRITICAL - 2023-12-30 13:12:26 --> CodeIgniter\Database\BaseBuilder::get(): Argument #1 ($limit) must be of type ?int, string given, called in C:\fp\ke6\system\Model.php on line 871
in SYSTEMPATH\Database\BaseBuilder.php on line 1607.
 1 SYSTEMPATH\Model.php(871): CodeIgniter\Database\BaseBuilder->get('sewa')
 2 APPPATH\Controllers\Sewa.php(128): CodeIgniter\Model->__call('get', [...])
 3 SYSTEMPATH\CodeIgniter.php(942): App\Controllers\Sewa->ubah()
 4 SYSTEMPATH\CodeIgniter.php(502): CodeIgniter\CodeIgniter->runController(Object(App\Controllers\Sewa))
 5 SYSTEMPATH\CodeIgniter.php(361): CodeIgniter\CodeIgniter->handleRequest(null, Object(Config\Cache), false)
 6 FCPATH\index.php(79): CodeIgniter\CodeIgniter->run()
 7 SYSTEMPATH\Commands\Server\rewrite.php(47): require_once('C:\\fp\\ke6\\public\\index.php')
CRITICAL - 2023-12-30 13:13:13 --> CodeIgniter\Database\BaseBuilder::get(): Argument #1 ($limit) must be of type ?int, string given, called in C:\fp\ke6\system\Model.php on line 871
in SYSTEMPATH\Database\BaseBuilder.php on line 1607.
 1 SYSTEMPATH\Model.php(871): CodeIgniter\Database\BaseBuilder->get('sewa')
 2 APPPATH\Controllers\Sewa.php(128): CodeIgniter\Model->__call('get', [...])
 3 SYSTEMPATH\CodeIgniter.php(942): App\Controllers\Sewa->ubah()
 4 SYSTEMPATH\CodeIgniter.php(502): CodeIgniter\CodeIgniter->runController(Object(App\Controllers\Sewa))
 5 SYSTEMPATH\CodeIgniter.php(361): CodeIgniter\CodeIgniter->handleRequest(null, Object(Config\Cache), false)
 6 FCPATH\index.php(79): CodeIgniter\CodeIgniter->run()
 7 SYSTEMPATH\Commands\Server\rewrite.php(47): require_once('C:\\fp\\ke6\\public\\index.php')
CRITICAL - 2023-12-30 13:13:39 --> CodeIgniter\Database\BaseBuilder::get(): Argument #1 ($limit) must be of type ?int, string given, called in C:\fp\ke6\system\Model.php on line 871
in SYSTEMPATH\Database\BaseBuilder.php on line 1607.
 1 SYSTEMPATH\Model.php(871): CodeIgniter\Database\BaseBuilder->get('sewa')
 2 APPPATH\Controllers\Sewa.php(128): CodeIgniter\Model->__call('get', [...])
 3 SYSTEMPATH\CodeIgniter.php(942): App\Controllers\Sewa->ubah()
 4 SYSTEMPATH\CodeIgniter.php(502): CodeIgniter\CodeIgniter->runController(Object(App\Controllers\Sewa))
 5 SYSTEMPATH\CodeIgniter.php(361): CodeIgniter\CodeIgniter->handleRequest(null, Object(Config\Cache), false)
 6 FCPATH\index.php(79): CodeIgniter\CodeIgniter->run()
 7 SYSTEMPATH\Commands\Server\rewrite.php(47): require_once('C:\\fp\\ke6\\public\\index.php')
CRITICAL - 2023-12-30 13:17:57 --> Undefined variable $data_sewa
in APPPATH\Views\sewa\form_sewa.php on line 18.
 1 APPPATH\Views\sewa\form_sewa.php(18): CodeIgniter\Debug\Exceptions->errorHandler(2, 'Undefined variable $data_sewa', 'C:\\fp\\ke6\\app\\Views\\sewa\\form_sewa.php', 18)
 2 SYSTEMPATH\View\View.php(228): include('C:\\fp\\ke6\\app\\Views\\sewa\\form_sewa.php')
 3 SYSTEMPATH\View\View.php(231): CodeIgniter\View\View->CodeIgniter\View\{closure}()
 4 SYSTEMPATH\Common.php(1190): CodeIgniter\View\View->render('sewa/form_sewa', [], true)
 5 APPPATH\Controllers\Sewa.php(152): view('sewa/form_sewa', [...])
 6 SYSTEMPATH\CodeIgniter.php(942): App\Controllers\Sewa->ubah()
 7 SYSTEMPATH\CodeIgniter.php(502): CodeIgniter\CodeIgniter->runController(Object(App\Controllers\Sewa))
 8 SYSTEMPATH\CodeIgniter.php(361): CodeIgniter\CodeIgniter->handleRequest(null, Object(Config\Cache), false)
 9 FCPATH\index.php(79): CodeIgniter\CodeIgniter->run()
10 SYSTEMPATH\Commands\Server\rewrite.php(47): require_once('C:\\fp\\ke6\\public\\index.php')
CRITICAL - 2023-12-30 13:27:23 --> Undefined variable $default_nama_penyewa
in APPPATH\Views\sewa\form_sewa.php on line 15.
 1 APPPATH\Views\sewa\form_sewa.php(15): CodeIgniter\Debug\Exceptions->errorHandler(2, 'Undefined variable $default_nama_penyewa', 'C:\\fp\\ke6\\app\\Views\\sewa\\form_sewa.php', 15)
 2 SYSTEMPATH\View\View.php(228): include('C:\\fp\\ke6\\app\\Views\\sewa\\form_sewa.php')
 3 SYSTEMPATH\View\View.php(231): CodeIgniter\View\View->CodeIgniter\View\{closure}()
 4 SYSTEMPATH\Common.php(1190): CodeIgniter\View\View->render('sewa/form_sewa', [], true)
 5 APPPATH\Controllers\Sewa.php(152): view('sewa/form_sewa', [...])
 6 SYSTEMPATH\CodeIgniter.php(942): App\Controllers\Sewa->ubah()
 7 SYSTEMPATH\CodeIgniter.php(502): CodeIgniter\CodeIgniter->runController(Object(App\Controllers\Sewa))
 8 SYSTEMPATH\CodeIgniter.php(361): CodeIgniter\CodeIgniter->handleRequest(null, Object(Config\Cache), false)
 9 FCPATH\index.php(79): CodeIgniter\CodeIgniter->run()
10 SYSTEMPATH\Commands\Server\rewrite.php(47): require_once('C:\\fp\\ke6\\public\\index.php')
CRITICAL - 2023-12-30 13:27:57 --> Undefined variable $default_jumlah_barang
in APPPATH\Views\sewa\form_sewa.php on line 29.
 1 APPPATH\Views\sewa\form_sewa.php(29): CodeIgniter\Debug\Exceptions->errorHandler(2, 'Undefined variable $default_jumlah_barang', 'C:\\fp\\ke6\\app\\Views\\sewa\\form_sewa.php', 29)
 2 SYSTEMPATH\View\View.php(228): include('C:\\fp\\ke6\\app\\Views\\sewa\\form_sewa.php')
 3 SYSTEMPATH\View\View.php(231): CodeIgniter\View\View->CodeIgniter\View\{closure}()
 4 SYSTEMPATH\Common.php(1190): CodeIgniter\View\View->render('sewa/form_sewa', [], true)
 5 APPPATH\Controllers\Sewa.php(152): view('sewa/form_sewa', [...])
 6 SYSTEMPATH\CodeIgniter.php(942): App\Controllers\Sewa->ubah()
 7 SYSTEMPATH\CodeIgniter.php(502): CodeIgniter\CodeIgniter->runController(Object(App\Controllers\Sewa))
 8 SYSTEMPATH\CodeIgniter.php(361): CodeIgniter\CodeIgniter->handleRequest(null, Object(Config\Cache), false)
 9 FCPATH\index.php(79): CodeIgniter\CodeIgniter->run()
10 SYSTEMPATH\Commands\Server\rewrite.php(47): require_once('C:\\fp\\ke6\\public\\index.php')
ERROR - 2023-12-30 13:28:43 --> mysqli_sql_exception: Cannot add or update a child row: a foreign key constraint fails (`sewa_ht`.`sewa`, CONSTRAINT `sewa_ibfk_1` FOREIGN KEY (`nama_penyewa`) REFERENCES `penyewa` (`nama_penyewa`) ON DELETE CASCADE ON UPDATE CASCADE) in C:\fp\ke6\system\Database\MySQLi\Connection.php:306
Stack trace:
#0 C:\fp\ke6\system\Database\MySQLi\Connection.php(306): mysqli->query('INSERT INTO `se...', 0)
#1 C:\fp\ke6\system\Database\BaseConnection.php(693): CodeIgniter\Database\MySQLi\Connection->execute('INSERT INTO `se...')
#2 C:\fp\ke6\system\Database\BaseConnection.php(607): CodeIgniter\Database\BaseConnection->simpleQuery('INSERT INTO `se...')
#3 C:\fp\ke6\system\Database\BaseBuilder.php(2308): CodeIgniter\Database\BaseConnection->query('INSERT INTO `se...', Array, false)
#4 C:\fp\ke6\system\Model.php(319): CodeIgniter\Database\BaseBuilder->insert()
#5 C:\fp\ke6\system\BaseModel.php(788): CodeIgniter\Model->doInsert(Array)
#6 C:\fp\ke6\system\Model.php(715): CodeIgniter\BaseModel->insert(Array, true)
#7 C:\fp\ke6\app\Controllers\Sewa.php(86): CodeIgniter\Model->insert(Array)
#8 C:\fp\ke6\system\CodeIgniter.php(942): App\Controllers\Sewa->proses_input()
#9 C:\fp\ke6\system\CodeIgniter.php(502): CodeIgniter\CodeIgniter->runController(Object(App\Controllers\Sewa))
#10 C:\fp\ke6\system\CodeIgniter.php(361): CodeIgniter\CodeIgniter->handleRequest(NULL, Object(Config\Cache), false)
#11 C:\fp\ke6\public\index.php(79): CodeIgniter\CodeIgniter->run()
#12 C:\fp\ke6\system\Commands\Server\rewrite.php(47): require_once('C:\\fp\\ke6\\publi...')
#13 {main}
CRITICAL - 2023-12-30 13:28:43 --> Cannot add or update a child row: a foreign key constraint fails (`sewa_ht`.`sewa`, CONSTRAINT `sewa_ibfk_1` FOREIGN KEY (`nama_penyewa`) REFERENCES `penyewa` (`nama_penyewa`) ON DELETE CASCADE ON UPDATE CASCADE)
in SYSTEMPATH\Database\BaseConnection.php on line 647.
 1 SYSTEMPATH\Database\BaseBuilder.php(2308): CodeIgniter\Database\BaseConnection->query('INSERT INTO `sewa` (`nama_penyewa`, `nama_barang`, `jumlah_barang`, `tanggal_sewa`, `jatuh_tempo`) VALUES (:nama_penyewa:, :nama_barang:, :jumlah_barang:, :tanggal_sewa:, :jatuh_tempo:)', [...], false)
 2 SYSTEMPATH\Model.php(319): CodeIgniter\Database\BaseBuilder->insert()
 3 SYSTEMPATH\BaseModel.php(788): CodeIgniter\Model->doInsert([...])
 4 SYSTEMPATH\Model.php(715): CodeIgniter\BaseModel->insert([...], true)
 5 APPPATH\Controllers\Sewa.php(86): CodeIgniter\Model->insert([...])
 6 SYSTEMPATH\CodeIgniter.php(942): App\Controllers\Sewa->proses_input()
 7 SYSTEMPATH\CodeIgniter.php(502): CodeIgniter\CodeIgniter->runController(Object(App\Controllers\Sewa))
 8 SYSTEMPATH\CodeIgniter.php(361): CodeIgniter\CodeIgniter->handleRequest(null, Object(Config\Cache), false)
 9 FCPATH\index.php(79): CodeIgniter\CodeIgniter->run()
10 SYSTEMPATH\Commands\Server\rewrite.php(47): require_once('C:\\fp\\ke6\\public\\index.php')
ERROR - 2023-12-30 13:34:30 --> mysqli_sql_exception: Cannot add or update a child row: a foreign key constraint fails (`sewa_ht`.`sewa`, CONSTRAINT `sewa_ibfk_1` FOREIGN KEY (`nama_penyewa`) REFERENCES `penyewa` (`nama_penyewa`) ON DELETE CASCADE ON UPDATE CASCADE) in C:\fp\ke6\system\Database\MySQLi\Connection.php:306
Stack trace:
#0 C:\fp\ke6\system\Database\MySQLi\Connection.php(306): mysqli->query('INSERT INTO `se...', 0)
#1 C:\fp\ke6\system\Database\BaseConnection.php(693): CodeIgniter\Database\MySQLi\Connection->execute('INSERT INTO `se...')
#2 C:\fp\ke6\system\Database\BaseConnection.php(607): CodeIgniter\Database\BaseConnection->simpleQuery('INSERT INTO `se...')
#3 C:\fp\ke6\system\Database\BaseBuilder.php(2308): CodeIgniter\Database\BaseConnection->query('INSERT INTO `se...', Array, false)
#4 C:\fp\ke6\system\Model.php(319): CodeIgniter\Database\BaseBuilder->insert()
#5 C:\fp\ke6\system\BaseModel.php(788): CodeIgniter\Model->doInsert(Array)
#6 C:\fp\ke6\system\Model.php(715): CodeIgniter\BaseModel->insert(Array, true)
#7 C:\fp\ke6\app\Controllers\Sewa.php(86): CodeIgniter\Model->insert(Array)
#8 C:\fp\ke6\system\CodeIgniter.php(942): App\Controllers\Sewa->proses_input()
#9 C:\fp\ke6\system\CodeIgniter.php(502): CodeIgniter\CodeIgniter->runController(Object(App\Controllers\Sewa))
#10 C:\fp\ke6\system\CodeIgniter.php(361): CodeIgniter\CodeIgniter->handleRequest(NULL, Object(Config\Cache), false)
#11 C:\fp\ke6\public\index.php(79): CodeIgniter\CodeIgniter->run()
#12 C:\fp\ke6\system\Commands\Server\rewrite.php(47): require_once('C:\\fp\\ke6\\publi...')
#13 {main}
CRITICAL - 2023-12-30 13:34:30 --> Cannot add or update a child row: a foreign key constraint fails (`sewa_ht`.`sewa`, CONSTRAINT `sewa_ibfk_1` FOREIGN KEY (`nama_penyewa`) REFERENCES `penyewa` (`nama_penyewa`) ON DELETE CASCADE ON UPDATE CASCADE)
in SYSTEMPATH\Database\BaseConnection.php on line 647.
 1 SYSTEMPATH\Database\BaseBuilder.php(2308): CodeIgniter\Database\BaseConnection->query('INSERT INTO `sewa` (`nama_penyewa`, `nama_barang`, `jumlah_barang`, `tanggal_sewa`, `jatuh_tempo`) VALUES (:nama_penyewa:, :nama_barang:, :jumlah_barang:, :tanggal_sewa:, :jatuh_tempo:)', [...], false)
 2 SYSTEMPATH\Model.php(319): CodeIgniter\Database\BaseBuilder->insert()
 3 SYSTEMPATH\BaseModel.php(788): CodeIgniter\Model->doInsert([...])
 4 SYSTEMPATH\Model.php(715): CodeIgniter\BaseModel->insert([...], true)
 5 APPPATH\Controllers\Sewa.php(86): CodeIgniter\Model->insert([...])
 6 SYSTEMPATH\CodeIgniter.php(942): App\Controllers\Sewa->proses_input()
 7 SYSTEMPATH\CodeIgniter.php(502): CodeIgniter\CodeIgniter->runController(Object(App\Controllers\Sewa))
 8 SYSTEMPATH\CodeIgniter.php(361): CodeIgniter\CodeIgniter->handleRequest(null, Object(Config\Cache), false)
 9 FCPATH\index.php(79): CodeIgniter\CodeIgniter->run()
10 SYSTEMPATH\Commands\Server\rewrite.php(47): require_once('C:\\fp\\ke6\\public\\index.php')
CRITICAL - 2023-12-30 13:42:04 --> Undefined variable $default_jumlah_barang
in APPPATH\Views\sewa\form_sewa.php on line 29.
 1 APPPATH\Views\sewa\form_sewa.php(29): CodeIgniter\Debug\Exceptions->errorHandler(2, 'Undefined variable $default_jumlah_barang', 'C:\\fp\\ke6\\app\\Views\\sewa\\form_sewa.php', 29)
 2 SYSTEMPATH\View\View.php(228): include('C:\\fp\\ke6\\app\\Views\\sewa\\form_sewa.php')
 3 SYSTEMPATH\View\View.php(231): CodeIgniter\View\View->CodeIgniter\View\{closure}()
 4 SYSTEMPATH\Common.php(1190): CodeIgniter\View\View->render('sewa/form_sewa', [], true)
 5 APPPATH\Controllers\Sewa.php(54): view('sewa/form_sewa', [...])
 6 SYSTEMPATH\CodeIgniter.php(942): App\Controllers\Sewa->form()
 7 SYSTEMPATH\CodeIgniter.php(502): CodeIgniter\CodeIgniter->runController(Object(App\Controllers\Sewa))
 8 SYSTEMPATH\CodeIgniter.php(361): CodeIgniter\CodeIgniter->handleRequest(null, Object(Config\Cache), false)
 9 FCPATH\index.php(79): CodeIgniter\CodeIgniter->run()
10 SYSTEMPATH\Commands\Server\rewrite.php(47): require_once('C:\\fp\\ke6\\public\\index.php')
