CRITICAL - 2023-12-17 13:46:37 --> Invalid file: "transaksi/data_transaksi.php"
in SYSTEMPATH\Exceptions\FrameworkException.php on line 39.
 1 SYSTEMPATH\View\View.php(216): CodeIgniter\Exceptions\FrameworkException::forInvalidFile('transaksi/data_transaksi.php')
 2 SYSTEMPATH\Common.php(1190): CodeIgniter\View\View->render('transaksi/data_transaksi', [], true)
 3 APPPATH\Controllers\Transaksi.php(29): view('transaksi/data_transaksi', [...])
 4 SYSTEMPATH\CodeIgniter.php(942): App\Controllers\Transaksi->index()
 5 SYSTEMPATH\CodeIgniter.php(502): CodeIgniter\CodeIgniter->runController(Object(App\Controllers\Transaksi))
 6 SYSTEMPATH\CodeIgniter.php(361): CodeIgniter\CodeIgniter->handleRequest(null, Object(Config\Cache), false)
 7 FCPATH\index.php(79): CodeIgniter\CodeIgniter->run()
 8 SYSTEMPATH\Commands\Server\rewrite.php(47): require_once('D:\\adhani_coba\\public\\index.php')
CRITICAL - 2023-12-17 13:51:07 --> Invalid file: "transaksi/data_transaksi.php"
in SYSTEMPATH\Exceptions\FrameworkException.php on line 39.
 1 SYSTEMPATH\View\View.php(216): CodeIgniter\Exceptions\FrameworkException::forInvalidFile('transaksi/data_transaksi.php')
 2 SYSTEMPATH\Common.php(1190): CodeIgniter\View\View->render('transaksi/data_transaksi', [], true)
 3 APPPATH\Controllers\Transaksi.php(129): view('transaksi/data_transaksi', [...])
 4 SYSTEMPATH\CodeIgniter.php(942): App\Controllers\Transaksi->data_transaksi()
 5 SYSTEMPATH\CodeIgniter.php(502): CodeIgniter\CodeIgniter->runController(Object(App\Controllers\Transaksi))
 6 SYSTEMPATH\CodeIgniter.php(361): CodeIgniter\CodeIgniter->handleRequest(null, Object(Config\Cache), false)
 7 FCPATH\index.php(79): CodeIgniter\CodeIgniter->run()
 8 SYSTEMPATH\Commands\Server\rewrite.php(47): require_once('D:\\adhani_coba\\public\\index.php')
CRITICAL - 2023-12-17 13:51:08 --> Invalid file: "transaksi/data_transaksi.php"
in SYSTEMPATH\Exceptions\FrameworkException.php on line 39.
 1 SYSTEMPATH\View\View.php(216): CodeIgniter\Exceptions\FrameworkException::forInvalidFile('transaksi/data_transaksi.php')
 2 SYSTEMPATH\Common.php(1190): CodeIgniter\View\View->render('transaksi/data_transaksi', [], true)
 3 APPPATH\Controllers\Transaksi.php(129): view('transaksi/data_transaksi', [...])
 4 SYSTEMPATH\CodeIgniter.php(942): App\Controllers\Transaksi->data_transaksi()
 5 SYSTEMPATH\CodeIgniter.php(502): CodeIgniter\CodeIgniter->runController(Object(App\Controllers\Transaksi))
 6 SYSTEMPATH\CodeIgniter.php(361): CodeIgniter\CodeIgniter->handleRequest(null, Object(Config\Cache), false)
 7 FCPATH\index.php(79): CodeIgniter\CodeIgniter->run()
 8 SYSTEMPATH\Commands\Server\rewrite.php(47): require_once('D:\\adhani_coba\\public\\index.php')
CRITICAL - 2023-12-17 13:51:08 --> Invalid file: "transaksi/data_transaksi.php"
in SYSTEMPATH\Exceptions\FrameworkException.php on line 39.
 1 SYSTEMPATH\View\View.php(216): CodeIgniter\Exceptions\FrameworkException::forInvalidFile('transaksi/data_transaksi.php')
 2 SYSTEMPATH\Common.php(1190): CodeIgniter\View\View->render('transaksi/data_transaksi', [], true)
 3 APPPATH\Controllers\Transaksi.php(129): view('transaksi/data_transaksi', [...])
 4 SYSTEMPATH\CodeIgniter.php(942): App\Controllers\Transaksi->data_transaksi()
 5 SYSTEMPATH\CodeIgniter.php(502): CodeIgniter\CodeIgniter->runController(Object(App\Controllers\Transaksi))
 6 SYSTEMPATH\CodeIgniter.php(361): CodeIgniter\CodeIgniter->handleRequest(null, Object(Config\Cache), false)
 7 FCPATH\index.php(79): CodeIgniter\CodeIgniter->run()
 8 SYSTEMPATH\Commands\Server\rewrite.php(47): require_once('D:\\adhani_coba\\public\\index.php')
CRITICAL - 2023-12-17 13:51:08 --> Invalid file: "transaksi/data_transaksi.php"
in SYSTEMPATH\Exceptions\FrameworkException.php on line 39.
 1 SYSTEMPATH\View\View.php(216): CodeIgniter\Exceptions\FrameworkException::forInvalidFile('transaksi/data_transaksi.php')
 2 SYSTEMPATH\Common.php(1190): CodeIgniter\View\View->render('transaksi/data_transaksi', [], true)
 3 APPPATH\Controllers\Transaksi.php(129): view('transaksi/data_transaksi', [...])
 4 SYSTEMPATH\CodeIgniter.php(942): App\Controllers\Transaksi->data_transaksi()
 5 SYSTEMPATH\CodeIgniter.php(502): CodeIgniter\CodeIgniter->runController(Object(App\Controllers\Transaksi))
 6 SYSTEMPATH\CodeIgniter.php(361): CodeIgniter\CodeIgniter->handleRequest(null, Object(Config\Cache), false)
 7 FCPATH\index.php(79): CodeIgniter\CodeIgniter->run()
 8 SYSTEMPATH\Commands\Server\rewrite.php(47): require_once('D:\\adhani_coba\\public\\index.php')
CRITICAL - 2023-12-17 13:53:18 --> Invalid file: "transaksi/data_transaksi.php"
in SYSTEMPATH\Exceptions\FrameworkException.php on line 39.
 1 SYSTEMPATH\View\View.php(216): CodeIgniter\Exceptions\FrameworkException::forInvalidFile('transaksi/data_transaksi.php')
 2 SYSTEMPATH\Common.php(1190): CodeIgniter\View\View->render('transaksi/data_transaksi', [], true)
 3 APPPATH\Controllers\Transaksi.php(29): view('transaksi/data_transaksi', [...])
 4 SYSTEMPATH\CodeIgniter.php(942): App\Controllers\Transaksi->index()
 5 SYSTEMPATH\CodeIgniter.php(502): CodeIgniter\CodeIgniter->runController(Object(App\Controllers\Transaksi))
 6 SYSTEMPATH\CodeIgniter.php(361): CodeIgniter\CodeIgniter->handleRequest(null, Object(Config\Cache), false)
 7 FCPATH\index.php(79): CodeIgniter\CodeIgniter->run()
 8 SYSTEMPATH\Commands\Server\rewrite.php(47): require_once('D:\\adhani_coba\\public\\index.php')
CRITICAL - 2023-12-17 13:53:19 --> Invalid file: "transaksi/data_transaksi.php"
in SYSTEMPATH\Exceptions\FrameworkException.php on line 39.
 1 SYSTEMPATH\View\View.php(216): CodeIgniter\Exceptions\FrameworkException::forInvalidFile('transaksi/data_transaksi.php')
 2 SYSTEMPATH\Common.php(1190): CodeIgniter\View\View->render('transaksi/data_transaksi', [], true)
 3 APPPATH\Controllers\Transaksi.php(29): view('transaksi/data_transaksi', [...])
 4 SYSTEMPATH\CodeIgniter.php(942): App\Controllers\Transaksi->index()
 5 SYSTEMPATH\CodeIgniter.php(502): CodeIgniter\CodeIgniter->runController(Object(App\Controllers\Transaksi))
 6 SYSTEMPATH\CodeIgniter.php(361): CodeIgniter\CodeIgniter->handleRequest(null, Object(Config\Cache), false)
 7 FCPATH\index.php(79): CodeIgniter\CodeIgniter->run()
 8 SYSTEMPATH\Commands\Server\rewrite.php(47): require_once('D:\\adhani_coba\\public\\index.php')
CRITICAL - 2023-12-17 13:59:06 --> Invalid file: "transaksi/transaksi.php"
in SYSTEMPATH\Exceptions\FrameworkException.php on line 39.
 1 SYSTEMPATH\View\View.php(216): CodeIgniter\Exceptions\FrameworkException::forInvalidFile('transaksi/transaksi.php')
 2 SYSTEMPATH\Common.php(1190): CodeIgniter\View\View->render('transaksi/transaksi', [], true)
 3 APPPATH\Controllers\Transaksi.php(27): view('transaksi/transaksi', [...])
 4 SYSTEMPATH\CodeIgniter.php(942): App\Controllers\Transaksi->data_transaksi()
 5 SYSTEMPATH\CodeIgniter.php(502): CodeIgniter\CodeIgniter->runController(Object(App\Controllers\Transaksi))
 6 SYSTEMPATH\CodeIgniter.php(361): CodeIgniter\CodeIgniter->handleRequest(null, Object(Config\Cache), false)
 7 FCPATH\index.php(79): CodeIgniter\CodeIgniter->run()
 8 SYSTEMPATH\Commands\Server\rewrite.php(47): require_once('D:\\adhani_coba\\public\\index.php')
CRITICAL - 2023-12-17 14:00:20 --> Invalid file: "transaksi/data_transaksi.php"
in SYSTEMPATH\Exceptions\FrameworkException.php on line 39.
 1 SYSTEMPATH\View\View.php(216): CodeIgniter\Exceptions\FrameworkException::forInvalidFile('transaksi/data_transaksi.php')
 2 SYSTEMPATH\Common.php(1190): CodeIgniter\View\View->render('transaksi/data_transaksi', [], true)
 3 APPPATH\Controllers\Transaksi.php(27): view('transaksi/data_transaksi', [...])
 4 SYSTEMPATH\CodeIgniter.php(942): App\Controllers\Transaksi->data_transaksi()
 5 SYSTEMPATH\CodeIgniter.php(502): CodeIgniter\CodeIgniter->runController(Object(App\Controllers\Transaksi))
 6 SYSTEMPATH\CodeIgniter.php(361): CodeIgniter\CodeIgniter->handleRequest(null, Object(Config\Cache), false)
 7 FCPATH\index.php(79): CodeIgniter\CodeIgniter->run()
 8 SYSTEMPATH\Commands\Server\rewrite.php(47): require_once('D:\\adhani_coba\\public\\index.php')
CRITICAL - 2023-12-17 14:00:21 --> Invalid file: "transaksi/data_transaksi.php"
in SYSTEMPATH\Exceptions\FrameworkException.php on line 39.
 1 SYSTEMPATH\View\View.php(216): CodeIgniter\Exceptions\FrameworkException::forInvalidFile('transaksi/data_transaksi.php')
 2 SYSTEMPATH\Common.php(1190): CodeIgniter\View\View->render('transaksi/data_transaksi', [], true)
 3 APPPATH\Controllers\Transaksi.php(27): view('transaksi/data_transaksi', [...])
 4 SYSTEMPATH\CodeIgniter.php(942): App\Controllers\Transaksi->data_transaksi()
 5 SYSTEMPATH\CodeIgniter.php(502): CodeIgniter\CodeIgniter->runController(Object(App\Controllers\Transaksi))
 6 SYSTEMPATH\CodeIgniter.php(361): CodeIgniter\CodeIgniter->handleRequest(null, Object(Config\Cache), false)
 7 FCPATH\index.php(79): CodeIgniter\CodeIgniter->run()
 8 SYSTEMPATH\Commands\Server\rewrite.php(47): require_once('D:\\adhani_coba\\public\\index.php')
CRITICAL - 2023-12-17 14:00:21 --> Invalid file: "transaksi/data_transaksi.php"
in SYSTEMPATH\Exceptions\FrameworkException.php on line 39.
 1 SYSTEMPATH\View\View.php(216): CodeIgniter\Exceptions\FrameworkException::forInvalidFile('transaksi/data_transaksi.php')
 2 SYSTEMPATH\Common.php(1190): CodeIgniter\View\View->render('transaksi/data_transaksi', [], true)
 3 APPPATH\Controllers\Transaksi.php(27): view('transaksi/data_transaksi', [...])
 4 SYSTEMPATH\CodeIgniter.php(942): App\Controllers\Transaksi->data_transaksi()
 5 SYSTEMPATH\CodeIgniter.php(502): CodeIgniter\CodeIgniter->runController(Object(App\Controllers\Transaksi))
 6 SYSTEMPATH\CodeIgniter.php(361): CodeIgniter\CodeIgniter->handleRequest(null, Object(Config\Cache), false)
 7 FCPATH\index.php(79): CodeIgniter\CodeIgniter->run()
 8 SYSTEMPATH\Commands\Server\rewrite.php(47): require_once('D:\\adhani_coba\\public\\index.php')
CRITICAL - 2023-12-17 14:00:22 --> Invalid file: "transaksi/data_transaksi.php"
in SYSTEMPATH\Exceptions\FrameworkException.php on line 39.
 1 SYSTEMPATH\View\View.php(216): CodeIgniter\Exceptions\FrameworkException::forInvalidFile('transaksi/data_transaksi.php')
 2 SYSTEMPATH\Common.php(1190): CodeIgniter\View\View->render('transaksi/data_transaksi', [], true)
 3 APPPATH\Controllers\Transaksi.php(27): view('transaksi/data_transaksi', [...])
 4 SYSTEMPATH\CodeIgniter.php(942): App\Controllers\Transaksi->data_transaksi()
 5 SYSTEMPATH\CodeIgniter.php(502): CodeIgniter\CodeIgniter->runController(Object(App\Controllers\Transaksi))
 6 SYSTEMPATH\CodeIgniter.php(361): CodeIgniter\CodeIgniter->handleRequest(null, Object(Config\Cache), false)
 7 FCPATH\index.php(79): CodeIgniter\CodeIgniter->run()
 8 SYSTEMPATH\Commands\Server\rewrite.php(47): require_once('D:\\adhani_coba\\public\\index.php')
CRITICAL - 2023-12-17 14:00:22 --> Invalid file: "transaksi/data_transaksi.php"
in SYSTEMPATH\Exceptions\FrameworkException.php on line 39.
 1 SYSTEMPATH\View\View.php(216): CodeIgniter\Exceptions\FrameworkException::forInvalidFile('transaksi/data_transaksi.php')
 2 SYSTEMPATH\Common.php(1190): CodeIgniter\View\View->render('transaksi/data_transaksi', [], true)
 3 APPPATH\Controllers\Transaksi.php(27): view('transaksi/data_transaksi', [...])
 4 SYSTEMPATH\CodeIgniter.php(942): App\Controllers\Transaksi->data_transaksi()
 5 SYSTEMPATH\CodeIgniter.php(502): CodeIgniter\CodeIgniter->runController(Object(App\Controllers\Transaksi))
 6 SYSTEMPATH\CodeIgniter.php(361): CodeIgniter\CodeIgniter->handleRequest(null, Object(Config\Cache), false)
 7 FCPATH\index.php(79): CodeIgniter\CodeIgniter->run()
 8 SYSTEMPATH\Commands\Server\rewrite.php(47): require_once('D:\\adhani_coba\\public\\index.php')
CRITICAL - 2023-12-17 14:00:22 --> Invalid file: "transaksi/data_transaksi.php"
in SYSTEMPATH\Exceptions\FrameworkException.php on line 39.
 1 SYSTEMPATH\View\View.php(216): CodeIgniter\Exceptions\FrameworkException::forInvalidFile('transaksi/data_transaksi.php')
 2 SYSTEMPATH\Common.php(1190): CodeIgniter\View\View->render('transaksi/data_transaksi', [], true)
 3 APPPATH\Controllers\Transaksi.php(27): view('transaksi/data_transaksi', [...])
 4 SYSTEMPATH\CodeIgniter.php(942): App\Controllers\Transaksi->data_transaksi()
 5 SYSTEMPATH\CodeIgniter.php(502): CodeIgniter\CodeIgniter->runController(Object(App\Controllers\Transaksi))
 6 SYSTEMPATH\CodeIgniter.php(361): CodeIgniter\CodeIgniter->handleRequest(null, Object(Config\Cache), false)
 7 FCPATH\index.php(79): CodeIgniter\CodeIgniter->run()
 8 SYSTEMPATH\Commands\Server\rewrite.php(47): require_once('D:\\adhani_coba\\public\\index.php')
CRITICAL - 2023-12-17 14:00:22 --> Invalid file: "transaksi/data_transaksi.php"
in SYSTEMPATH\Exceptions\FrameworkException.php on line 39.
 1 SYSTEMPATH\View\View.php(216): CodeIgniter\Exceptions\FrameworkException::forInvalidFile('transaksi/data_transaksi.php')
 2 SYSTEMPATH\Common.php(1190): CodeIgniter\View\View->render('transaksi/data_transaksi', [], true)
 3 APPPATH\Controllers\Transaksi.php(27): view('transaksi/data_transaksi', [...])
 4 SYSTEMPATH\CodeIgniter.php(942): App\Controllers\Transaksi->data_transaksi()
 5 SYSTEMPATH\CodeIgniter.php(502): CodeIgniter\CodeIgniter->runController(Object(App\Controllers\Transaksi))
 6 SYSTEMPATH\CodeIgniter.php(361): CodeIgniter\CodeIgniter->handleRequest(null, Object(Config\Cache), false)
 7 FCPATH\index.php(79): CodeIgniter\CodeIgniter->run()
 8 SYSTEMPATH\Commands\Server\rewrite.php(47): require_once('D:\\adhani_coba\\public\\index.php')
CRITICAL - 2023-12-17 14:00:22 --> Invalid file: "transaksi/data_transaksi.php"
in SYSTEMPATH\Exceptions\FrameworkException.php on line 39.
 1 SYSTEMPATH\View\View.php(216): CodeIgniter\Exceptions\FrameworkException::forInvalidFile('transaksi/data_transaksi.php')
 2 SYSTEMPATH\Common.php(1190): CodeIgniter\View\View->render('transaksi/data_transaksi', [], true)
 3 APPPATH\Controllers\Transaksi.php(27): view('transaksi/data_transaksi', [...])
 4 SYSTEMPATH\CodeIgniter.php(942): App\Controllers\Transaksi->data_transaksi()
 5 SYSTEMPATH\CodeIgniter.php(502): CodeIgniter\CodeIgniter->runController(Object(App\Controllers\Transaksi))
 6 SYSTEMPATH\CodeIgniter.php(361): CodeIgniter\CodeIgniter->handleRequest(null, Object(Config\Cache), false)
 7 FCPATH\index.php(79): CodeIgniter\CodeIgniter->run()
 8 SYSTEMPATH\Commands\Server\rewrite.php(47): require_once('D:\\adhani_coba\\public\\index.php')
CRITICAL - 2023-12-17 14:00:23 --> Invalid file: "transaksi/data_transaksi.php"
in SYSTEMPATH\Exceptions\FrameworkException.php on line 39.
 1 SYSTEMPATH\View\View.php(216): CodeIgniter\Exceptions\FrameworkException::forInvalidFile('transaksi/data_transaksi.php')
 2 SYSTEMPATH\Common.php(1190): CodeIgniter\View\View->render('transaksi/data_transaksi', [], true)
 3 APPPATH\Controllers\Transaksi.php(27): view('transaksi/data_transaksi', [...])
 4 SYSTEMPATH\CodeIgniter.php(942): App\Controllers\Transaksi->data_transaksi()
 5 SYSTEMPATH\CodeIgniter.php(502): CodeIgniter\CodeIgniter->runController(Object(App\Controllers\Transaksi))
 6 SYSTEMPATH\CodeIgniter.php(361): CodeIgniter\CodeIgniter->handleRequest(null, Object(Config\Cache), false)
 7 FCPATH\index.php(79): CodeIgniter\CodeIgniter->run()
 8 SYSTEMPATH\Commands\Server\rewrite.php(47): require_once('D:\\adhani_coba\\public\\index.php')
CRITICAL - 2023-12-17 14:00:23 --> Invalid file: "transaksi/data_transaksi.php"
in SYSTEMPATH\Exceptions\FrameworkException.php on line 39.
 1 SYSTEMPATH\View\View.php(216): CodeIgniter\Exceptions\FrameworkException::forInvalidFile('transaksi/data_transaksi.php')
 2 SYSTEMPATH\Common.php(1190): CodeIgniter\View\View->render('transaksi/data_transaksi', [], true)
 3 APPPATH\Controllers\Transaksi.php(27): view('transaksi/data_transaksi', [...])
 4 SYSTEMPATH\CodeIgniter.php(942): App\Controllers\Transaksi->data_transaksi()
 5 SYSTEMPATH\CodeIgniter.php(502): CodeIgniter\CodeIgniter->runController(Object(App\Controllers\Transaksi))
 6 SYSTEMPATH\CodeIgniter.php(361): CodeIgniter\CodeIgniter->handleRequest(null, Object(Config\Cache), false)
 7 FCPATH\index.php(79): CodeIgniter\CodeIgniter->run()
 8 SYSTEMPATH\Commands\Server\rewrite.php(47): require_once('D:\\adhani_coba\\public\\index.php')
CRITICAL - 2023-12-17 14:02:02 --> Invalid file: "transaksi/transaksi.php"
in SYSTEMPATH\Exceptions\FrameworkException.php on line 39.
 1 SYSTEMPATH\View\View.php(216): CodeIgniter\Exceptions\FrameworkException::forInvalidFile('transaksi/transaksi.php')
 2 SYSTEMPATH\Common.php(1190): CodeIgniter\View\View->render('transaksi/transaksi', [], true)
 3 APPPATH\Controllers\Transaksi.php(27): view('transaksi/transaksi', [...])
 4 SYSTEMPATH\CodeIgniter.php(942): App\Controllers\Transaksi->data_transaksi()
 5 SYSTEMPATH\CodeIgniter.php(502): CodeIgniter\CodeIgniter->runController(Object(App\Controllers\Transaksi))
 6 SYSTEMPATH\CodeIgniter.php(361): CodeIgniter\CodeIgniter->handleRequest(null, Object(Config\Cache), false)
 7 FCPATH\index.php(79): CodeIgniter\CodeIgniter->run()
 8 SYSTEMPATH\Commands\Server\rewrite.php(47): require_once('D:\\adhani_coba\\public\\index.php')
CRITICAL - 2023-12-17 14:02:03 --> Invalid file: "transaksi/transaksi.php"
in SYSTEMPATH\Exceptions\FrameworkException.php on line 39.
 1 SYSTEMPATH\View\View.php(216): CodeIgniter\Exceptions\FrameworkException::forInvalidFile('transaksi/transaksi.php')
 2 SYSTEMPATH\Common.php(1190): CodeIgniter\View\View->render('transaksi/transaksi', [], true)
 3 APPPATH\Controllers\Transaksi.php(27): view('transaksi/transaksi', [...])
 4 SYSTEMPATH\CodeIgniter.php(942): App\Controllers\Transaksi->data_transaksi()
 5 SYSTEMPATH\CodeIgniter.php(502): CodeIgniter\CodeIgniter->runController(Object(App\Controllers\Transaksi))
 6 SYSTEMPATH\CodeIgniter.php(361): CodeIgniter\CodeIgniter->handleRequest(null, Object(Config\Cache), false)
 7 FCPATH\index.php(79): CodeIgniter\CodeIgniter->run()
 8 SYSTEMPATH\Commands\Server\rewrite.php(47): require_once('D:\\adhani_coba\\public\\index.php')
CRITICAL - 2023-12-17 14:02:03 --> Invalid file: "transaksi/transaksi.php"
in SYSTEMPATH\Exceptions\FrameworkException.php on line 39.
 1 SYSTEMPATH\View\View.php(216): CodeIgniter\Exceptions\FrameworkException::forInvalidFile('transaksi/transaksi.php')
 2 SYSTEMPATH\Common.php(1190): CodeIgniter\View\View->render('transaksi/transaksi', [], true)
 3 APPPATH\Controllers\Transaksi.php(27): view('transaksi/transaksi', [...])
 4 SYSTEMPATH\CodeIgniter.php(942): App\Controllers\Transaksi->data_transaksi()
 5 SYSTEMPATH\CodeIgniter.php(502): CodeIgniter\CodeIgniter->runController(Object(App\Controllers\Transaksi))
 6 SYSTEMPATH\CodeIgniter.php(361): CodeIgniter\CodeIgniter->handleRequest(null, Object(Config\Cache), false)
 7 FCPATH\index.php(79): CodeIgniter\CodeIgniter->run()
 8 SYSTEMPATH\Commands\Server\rewrite.php(47): require_once('D:\\adhani_coba\\public\\index.php')
CRITICAL - 2023-12-17 14:02:03 --> Invalid file: "transaksi/transaksi.php"
in SYSTEMPATH\Exceptions\FrameworkException.php on line 39.
 1 SYSTEMPATH\View\View.php(216): CodeIgniter\Exceptions\FrameworkException::forInvalidFile('transaksi/transaksi.php')
 2 SYSTEMPATH\Common.php(1190): CodeIgniter\View\View->render('transaksi/transaksi', [], true)
 3 APPPATH\Controllers\Transaksi.php(27): view('transaksi/transaksi', [...])
 4 SYSTEMPATH\CodeIgniter.php(942): App\Controllers\Transaksi->data_transaksi()
 5 SYSTEMPATH\CodeIgniter.php(502): CodeIgniter\CodeIgniter->runController(Object(App\Controllers\Transaksi))
 6 SYSTEMPATH\CodeIgniter.php(361): CodeIgniter\CodeIgniter->handleRequest(null, Object(Config\Cache), false)
 7 FCPATH\index.php(79): CodeIgniter\CodeIgniter->run()
 8 SYSTEMPATH\Commands\Server\rewrite.php(47): require_once('D:\\adhani_coba\\public\\index.php')
CRITICAL - 2023-12-17 14:02:03 --> Invalid file: "transaksi/transaksi.php"
in SYSTEMPATH\Exceptions\FrameworkException.php on line 39.
 1 SYSTEMPATH\View\View.php(216): CodeIgniter\Exceptions\FrameworkException::forInvalidFile('transaksi/transaksi.php')
 2 SYSTEMPATH\Common.php(1190): CodeIgniter\View\View->render('transaksi/transaksi', [], true)
 3 APPPATH\Controllers\Transaksi.php(27): view('transaksi/transaksi', [...])
 4 SYSTEMPATH\CodeIgniter.php(942): App\Controllers\Transaksi->data_transaksi()
 5 SYSTEMPATH\CodeIgniter.php(502): CodeIgniter\CodeIgniter->runController(Object(App\Controllers\Transaksi))
 6 SYSTEMPATH\CodeIgniter.php(361): CodeIgniter\CodeIgniter->handleRequest(null, Object(Config\Cache), false)
 7 FCPATH\index.php(79): CodeIgniter\CodeIgniter->run()
 8 SYSTEMPATH\Commands\Server\rewrite.php(47): require_once('D:\\adhani_coba\\public\\index.php')
CRITICAL - 2023-12-17 14:02:04 --> Invalid file: "transaksi/transaksi.php"
in SYSTEMPATH\Exceptions\FrameworkException.php on line 39.
 1 SYSTEMPATH\View\View.php(216): CodeIgniter\Exceptions\FrameworkException::forInvalidFile('transaksi/transaksi.php')
 2 SYSTEMPATH\Common.php(1190): CodeIgniter\View\View->render('transaksi/transaksi', [], true)
 3 APPPATH\Controllers\Transaksi.php(27): view('transaksi/transaksi', [...])
 4 SYSTEMPATH\CodeIgniter.php(942): App\Controllers\Transaksi->data_transaksi()
 5 SYSTEMPATH\CodeIgniter.php(502): CodeIgniter\CodeIgniter->runController(Object(App\Controllers\Transaksi))
 6 SYSTEMPATH\CodeIgniter.php(361): CodeIgniter\CodeIgniter->handleRequest(null, Object(Config\Cache), false)
 7 FCPATH\index.php(79): CodeIgniter\CodeIgniter->run()
 8 SYSTEMPATH\Commands\Server\rewrite.php(47): require_once('D:\\adhani_coba\\public\\index.php')
CRITICAL - 2023-12-17 14:02:04 --> Invalid file: "transaksi/transaksi.php"
in SYSTEMPATH\Exceptions\FrameworkException.php on line 39.
 1 SYSTEMPATH\View\View.php(216): CodeIgniter\Exceptions\FrameworkException::forInvalidFile('transaksi/transaksi.php')
 2 SYSTEMPATH\Common.php(1190): CodeIgniter\View\View->render('transaksi/transaksi', [], true)
 3 APPPATH\Controllers\Transaksi.php(27): view('transaksi/transaksi', [...])
 4 SYSTEMPATH\CodeIgniter.php(942): App\Controllers\Transaksi->data_transaksi()
 5 SYSTEMPATH\CodeIgniter.php(502): CodeIgniter\CodeIgniter->runController(Object(App\Controllers\Transaksi))
 6 SYSTEMPATH\CodeIgniter.php(361): CodeIgniter\CodeIgniter->handleRequest(null, Object(Config\Cache), false)
 7 FCPATH\index.php(79): CodeIgniter\CodeIgniter->run()
 8 SYSTEMPATH\Commands\Server\rewrite.php(47): require_once('D:\\adhani_coba\\public\\index.php')
CRITICAL - 2023-12-17 14:02:04 --> Invalid file: "transaksi/transaksi.php"
in SYSTEMPATH\Exceptions\FrameworkException.php on line 39.
 1 SYSTEMPATH\View\View.php(216): CodeIgniter\Exceptions\FrameworkException::forInvalidFile('transaksi/transaksi.php')
 2 SYSTEMPATH\Common.php(1190): CodeIgniter\View\View->render('transaksi/transaksi', [], true)
 3 APPPATH\Controllers\Transaksi.php(27): view('transaksi/transaksi', [...])
 4 SYSTEMPATH\CodeIgniter.php(942): App\Controllers\Transaksi->data_transaksi()
 5 SYSTEMPATH\CodeIgniter.php(502): CodeIgniter\CodeIgniter->runController(Object(App\Controllers\Transaksi))
 6 SYSTEMPATH\CodeIgniter.php(361): CodeIgniter\CodeIgniter->handleRequest(null, Object(Config\Cache), false)
 7 FCPATH\index.php(79): CodeIgniter\CodeIgniter->run()
 8 SYSTEMPATH\Commands\Server\rewrite.php(47): require_once('D:\\adhani_coba\\public\\index.php')
CRITICAL - 2023-12-17 14:02:04 --> Invalid file: "transaksi/transaksi.php"
in SYSTEMPATH\Exceptions\FrameworkException.php on line 39.
 1 SYSTEMPATH\View\View.php(216): CodeIgniter\Exceptions\FrameworkException::forInvalidFile('transaksi/transaksi.php')
 2 SYSTEMPATH\Common.php(1190): CodeIgniter\View\View->render('transaksi/transaksi', [], true)
 3 APPPATH\Controllers\Transaksi.php(27): view('transaksi/transaksi', [...])
 4 SYSTEMPATH\CodeIgniter.php(942): App\Controllers\Transaksi->data_transaksi()
 5 SYSTEMPATH\CodeIgniter.php(502): CodeIgniter\CodeIgniter->runController(Object(App\Controllers\Transaksi))
 6 SYSTEMPATH\CodeIgniter.php(361): CodeIgniter\CodeIgniter->handleRequest(null, Object(Config\Cache), false)
 7 FCPATH\index.php(79): CodeIgniter\CodeIgniter->run()
 8 SYSTEMPATH\Commands\Server\rewrite.php(47): require_once('D:\\adhani_coba\\public\\index.php')
CRITICAL - 2023-12-17 14:02:04 --> Invalid file: "transaksi/transaksi.php"
in SYSTEMPATH\Exceptions\FrameworkException.php on line 39.
 1 SYSTEMPATH\View\View.php(216): CodeIgniter\Exceptions\FrameworkException::forInvalidFile('transaksi/transaksi.php')
 2 SYSTEMPATH\Common.php(1190): CodeIgniter\View\View->render('transaksi/transaksi', [], true)
 3 APPPATH\Controllers\Transaksi.php(27): view('transaksi/transaksi', [...])
 4 SYSTEMPATH\CodeIgniter.php(942): App\Controllers\Transaksi->data_transaksi()
 5 SYSTEMPATH\CodeIgniter.php(502): CodeIgniter\CodeIgniter->runController(Object(App\Controllers\Transaksi))
 6 SYSTEMPATH\CodeIgniter.php(361): CodeIgniter\CodeIgniter->handleRequest(null, Object(Config\Cache), false)
 7 FCPATH\index.php(79): CodeIgniter\CodeIgniter->run()
 8 SYSTEMPATH\Commands\Server\rewrite.php(47): require_once('D:\\adhani_coba\\public\\index.php')
CRITICAL - 2023-12-17 14:02:05 --> Invalid file: "transaksi/transaksi.php"
in SYSTEMPATH\Exceptions\FrameworkException.php on line 39.
 1 SYSTEMPATH\View\View.php(216): CodeIgniter\Exceptions\FrameworkException::forInvalidFile('transaksi/transaksi.php')
 2 SYSTEMPATH\Common.php(1190): CodeIgniter\View\View->render('transaksi/transaksi', [], true)
 3 APPPATH\Controllers\Transaksi.php(27): view('transaksi/transaksi', [...])
 4 SYSTEMPATH\CodeIgniter.php(942): App\Controllers\Transaksi->data_transaksi()
 5 SYSTEMPATH\CodeIgniter.php(502): CodeIgniter\CodeIgniter->runController(Object(App\Controllers\Transaksi))
 6 SYSTEMPATH\CodeIgniter.php(361): CodeIgniter\CodeIgniter->handleRequest(null, Object(Config\Cache), false)
 7 FCPATH\index.php(79): CodeIgniter\CodeIgniter->run()
 8 SYSTEMPATH\Commands\Server\rewrite.php(47): require_once('D:\\adhani_coba\\public\\index.php')
CRITICAL - 2023-12-17 14:02:50 --> Invalid file: "transaksi/transaksi.php"
in SYSTEMPATH\Exceptions\FrameworkException.php on line 39.
 1 SYSTEMPATH\View\View.php(216): CodeIgniter\Exceptions\FrameworkException::forInvalidFile('transaksi/transaksi.php')
 2 SYSTEMPATH\Common.php(1190): CodeIgniter\View\View->render('transaksi/transaksi', [], true)
 3 APPPATH\Controllers\Transaksi.php(27): view('transaksi/transaksi', [...])
 4 SYSTEMPATH\CodeIgniter.php(942): App\Controllers\Transaksi->data_transaksi()
 5 SYSTEMPATH\CodeIgniter.php(502): CodeIgniter\CodeIgniter->runController(Object(App\Controllers\Transaksi))
 6 SYSTEMPATH\CodeIgniter.php(361): CodeIgniter\CodeIgniter->handleRequest(null, Object(Config\Cache), false)
 7 FCPATH\index.php(79): CodeIgniter\CodeIgniter->run()
 8 SYSTEMPATH\Commands\Server\rewrite.php(47): require_once('D:\\adhani_coba\\public\\index.php')
CRITICAL - 2023-12-17 14:02:51 --> Invalid file: "transaksi/transaksi.php"
in SYSTEMPATH\Exceptions\FrameworkException.php on line 39.
 1 SYSTEMPATH\View\View.php(216): CodeIgniter\Exceptions\FrameworkException::forInvalidFile('transaksi/transaksi.php')
 2 SYSTEMPATH\Common.php(1190): CodeIgniter\View\View->render('transaksi/transaksi', [], true)
 3 APPPATH\Controllers\Transaksi.php(27): view('transaksi/transaksi', [...])
 4 SYSTEMPATH\CodeIgniter.php(942): App\Controllers\Transaksi->data_transaksi()
 5 SYSTEMPATH\CodeIgniter.php(502): CodeIgniter\CodeIgniter->runController(Object(App\Controllers\Transaksi))
 6 SYSTEMPATH\CodeIgniter.php(361): CodeIgniter\CodeIgniter->handleRequest(null, Object(Config\Cache), false)
 7 FCPATH\index.php(79): CodeIgniter\CodeIgniter->run()
 8 SYSTEMPATH\Commands\Server\rewrite.php(47): require_once('D:\\adhani_coba\\public\\index.php')
CRITICAL - 2023-12-17 14:02:51 --> Invalid file: "transaksi/transaksi.php"
in SYSTEMPATH\Exceptions\FrameworkException.php on line 39.
 1 SYSTEMPATH\View\View.php(216): CodeIgniter\Exceptions\FrameworkException::forInvalidFile('transaksi/transaksi.php')
 2 SYSTEMPATH\Common.php(1190): CodeIgniter\View\View->render('transaksi/transaksi', [], true)
 3 APPPATH\Controllers\Transaksi.php(27): view('transaksi/transaksi', [...])
 4 SYSTEMPATH\CodeIgniter.php(942): App\Controllers\Transaksi->data_transaksi()
 5 SYSTEMPATH\CodeIgniter.php(502): CodeIgniter\CodeIgniter->runController(Object(App\Controllers\Transaksi))
 6 SYSTEMPATH\CodeIgniter.php(361): CodeIgniter\CodeIgniter->handleRequest(null, Object(Config\Cache), false)
 7 FCPATH\index.php(79): CodeIgniter\CodeIgniter->run()
 8 SYSTEMPATH\Commands\Server\rewrite.php(47): require_once('D:\\adhani_coba\\public\\index.php')
CRITICAL - 2023-12-17 14:02:51 --> Invalid file: "transaksi/transaksi.php"
in SYSTEMPATH\Exceptions\FrameworkException.php on line 39.
 1 SYSTEMPATH\View\View.php(216): CodeIgniter\Exceptions\FrameworkException::forInvalidFile('transaksi/transaksi.php')
 2 SYSTEMPATH\Common.php(1190): CodeIgniter\View\View->render('transaksi/transaksi', [], true)
 3 APPPATH\Controllers\Transaksi.php(27): view('transaksi/transaksi', [...])
 4 SYSTEMPATH\CodeIgniter.php(942): App\Controllers\Transaksi->data_transaksi()
 5 SYSTEMPATH\CodeIgniter.php(502): CodeIgniter\CodeIgniter->runController(Object(App\Controllers\Transaksi))
 6 SYSTEMPATH\CodeIgniter.php(361): CodeIgniter\CodeIgniter->handleRequest(null, Object(Config\Cache), false)
 7 FCPATH\index.php(79): CodeIgniter\CodeIgniter->run()
 8 SYSTEMPATH\Commands\Server\rewrite.php(47): require_once('D:\\adhani_coba\\public\\index.php')
CRITICAL - 2023-12-17 14:02:51 --> Invalid file: "transaksi/transaksi.php"
in SYSTEMPATH\Exceptions\FrameworkException.php on line 39.
 1 SYSTEMPATH\View\View.php(216): CodeIgniter\Exceptions\FrameworkException::forInvalidFile('transaksi/transaksi.php')
 2 SYSTEMPATH\Common.php(1190): CodeIgniter\View\View->render('transaksi/transaksi', [], true)
 3 APPPATH\Controllers\Transaksi.php(27): view('transaksi/transaksi', [...])
 4 SYSTEMPATH\CodeIgniter.php(942): App\Controllers\Transaksi->data_transaksi()
 5 SYSTEMPATH\CodeIgniter.php(502): CodeIgniter\CodeIgniter->runController(Object(App\Controllers\Transaksi))
 6 SYSTEMPATH\CodeIgniter.php(361): CodeIgniter\CodeIgniter->handleRequest(null, Object(Config\Cache), false)
 7 FCPATH\index.php(79): CodeIgniter\CodeIgniter->run()
 8 SYSTEMPATH\Commands\Server\rewrite.php(47): require_once('D:\\adhani_coba\\public\\index.php')
CRITICAL - 2023-12-17 14:02:52 --> Invalid file: "transaksi/transaksi.php"
in SYSTEMPATH\Exceptions\FrameworkException.php on line 39.
 1 SYSTEMPATH\View\View.php(216): CodeIgniter\Exceptions\FrameworkException::forInvalidFile('transaksi/transaksi.php')
 2 SYSTEMPATH\Common.php(1190): CodeIgniter\View\View->render('transaksi/transaksi', [], true)
 3 APPPATH\Controllers\Transaksi.php(27): view('transaksi/transaksi', [...])
 4 SYSTEMPATH\CodeIgniter.php(942): App\Controllers\Transaksi->data_transaksi()
 5 SYSTEMPATH\CodeIgniter.php(502): CodeIgniter\CodeIgniter->runController(Object(App\Controllers\Transaksi))
 6 SYSTEMPATH\CodeIgniter.php(361): CodeIgniter\CodeIgniter->handleRequest(null, Object(Config\Cache), false)
 7 FCPATH\index.php(79): CodeIgniter\CodeIgniter->run()
 8 SYSTEMPATH\Commands\Server\rewrite.php(47): require_once('D:\\adhani_coba\\public\\index.php')
CRITICAL - 2023-12-17 14:02:52 --> Invalid file: "transaksi/transaksi.php"
in SYSTEMPATH\Exceptions\FrameworkException.php on line 39.
 1 SYSTEMPATH\View\View.php(216): CodeIgniter\Exceptions\FrameworkException::forInvalidFile('transaksi/transaksi.php')
 2 SYSTEMPATH\Common.php(1190): CodeIgniter\View\View->render('transaksi/transaksi', [], true)
 3 APPPATH\Controllers\Transaksi.php(27): view('transaksi/transaksi', [...])
 4 SYSTEMPATH\CodeIgniter.php(942): App\Controllers\Transaksi->data_transaksi()
 5 SYSTEMPATH\CodeIgniter.php(502): CodeIgniter\CodeIgniter->runController(Object(App\Controllers\Transaksi))
 6 SYSTEMPATH\CodeIgniter.php(361): CodeIgniter\CodeIgniter->handleRequest(null, Object(Config\Cache), false)
 7 FCPATH\index.php(79): CodeIgniter\CodeIgniter->run()
 8 SYSTEMPATH\Commands\Server\rewrite.php(47): require_once('D:\\adhani_coba\\public\\index.php')
CRITICAL - 2023-12-17 14:02:52 --> Invalid file: "transaksi/transaksi.php"
in SYSTEMPATH\Exceptions\FrameworkException.php on line 39.
 1 SYSTEMPATH\View\View.php(216): CodeIgniter\Exceptions\FrameworkException::forInvalidFile('transaksi/transaksi.php')
 2 SYSTEMPATH\Common.php(1190): CodeIgniter\View\View->render('transaksi/transaksi', [], true)
 3 APPPATH\Controllers\Transaksi.php(27): view('transaksi/transaksi', [...])
 4 SYSTEMPATH\CodeIgniter.php(942): App\Controllers\Transaksi->data_transaksi()
 5 SYSTEMPATH\CodeIgniter.php(502): CodeIgniter\CodeIgniter->runController(Object(App\Controllers\Transaksi))
 6 SYSTEMPATH\CodeIgniter.php(361): CodeIgniter\CodeIgniter->handleRequest(null, Object(Config\Cache), false)
 7 FCPATH\index.php(79): CodeIgniter\CodeIgniter->run()
 8 SYSTEMPATH\Commands\Server\rewrite.php(47): require_once('D:\\adhani_coba\\public\\index.php')
CRITICAL - 2023-12-17 14:02:52 --> Invalid file: "transaksi/transaksi.php"
in SYSTEMPATH\Exceptions\FrameworkException.php on line 39.
 1 SYSTEMPATH\View\View.php(216): CodeIgniter\Exceptions\FrameworkException::forInvalidFile('transaksi/transaksi.php')
 2 SYSTEMPATH\Common.php(1190): CodeIgniter\View\View->render('transaksi/transaksi', [], true)
 3 APPPATH\Controllers\Transaksi.php(27): view('transaksi/transaksi', [...])
 4 SYSTEMPATH\CodeIgniter.php(942): App\Controllers\Transaksi->data_transaksi()
 5 SYSTEMPATH\CodeIgniter.php(502): CodeIgniter\CodeIgniter->runController(Object(App\Controllers\Transaksi))
 6 SYSTEMPATH\CodeIgniter.php(361): CodeIgniter\CodeIgniter->handleRequest(null, Object(Config\Cache), false)
 7 FCPATH\index.php(79): CodeIgniter\CodeIgniter->run()
 8 SYSTEMPATH\Commands\Server\rewrite.php(47): require_once('D:\\adhani_coba\\public\\index.php')
CRITICAL - 2023-12-17 14:02:52 --> Invalid file: "transaksi/transaksi.php"
in SYSTEMPATH\Exceptions\FrameworkException.php on line 39.
 1 SYSTEMPATH\View\View.php(216): CodeIgniter\Exceptions\FrameworkException::forInvalidFile('transaksi/transaksi.php')
 2 SYSTEMPATH\Common.php(1190): CodeIgniter\View\View->render('transaksi/transaksi', [], true)
 3 APPPATH\Controllers\Transaksi.php(27): view('transaksi/transaksi', [...])
 4 SYSTEMPATH\CodeIgniter.php(942): App\Controllers\Transaksi->data_transaksi()
 5 SYSTEMPATH\CodeIgniter.php(502): CodeIgniter\CodeIgniter->runController(Object(App\Controllers\Transaksi))
 6 SYSTEMPATH\CodeIgniter.php(361): CodeIgniter\CodeIgniter->handleRequest(null, Object(Config\Cache), false)
 7 FCPATH\index.php(79): CodeIgniter\CodeIgniter->run()
 8 SYSTEMPATH\Commands\Server\rewrite.php(47): require_once('D:\\adhani_coba\\public\\index.php')
CRITICAL - 2023-12-17 14:02:53 --> Invalid file: "transaksi/transaksi.php"
in SYSTEMPATH\Exceptions\FrameworkException.php on line 39.
 1 SYSTEMPATH\View\View.php(216): CodeIgniter\Exceptions\FrameworkException::forInvalidFile('transaksi/transaksi.php')
 2 SYSTEMPATH\Common.php(1190): CodeIgniter\View\View->render('transaksi/transaksi', [], true)
 3 APPPATH\Controllers\Transaksi.php(27): view('transaksi/transaksi', [...])
 4 SYSTEMPATH\CodeIgniter.php(942): App\Controllers\Transaksi->data_transaksi()
 5 SYSTEMPATH\CodeIgniter.php(502): CodeIgniter\CodeIgniter->runController(Object(App\Controllers\Transaksi))
 6 SYSTEMPATH\CodeIgniter.php(361): CodeIgniter\CodeIgniter->handleRequest(null, Object(Config\Cache), false)
 7 FCPATH\index.php(79): CodeIgniter\CodeIgniter->run()
 8 SYSTEMPATH\Commands\Server\rewrite.php(47): require_once('D:\\adhani_coba\\public\\index.php')
CRITICAL - 2023-12-17 14:02:53 --> Invalid file: "transaksi/transaksi.php"
in SYSTEMPATH\Exceptions\FrameworkException.php on line 39.
 1 SYSTEMPATH\View\View.php(216): CodeIgniter\Exceptions\FrameworkException::forInvalidFile('transaksi/transaksi.php')
 2 SYSTEMPATH\Common.php(1190): CodeIgniter\View\View->render('transaksi/transaksi', [], true)
 3 APPPATH\Controllers\Transaksi.php(27): view('transaksi/transaksi', [...])
 4 SYSTEMPATH\CodeIgniter.php(942): App\Controllers\Transaksi->data_transaksi()
 5 SYSTEMPATH\CodeIgniter.php(502): CodeIgniter\CodeIgniter->runController(Object(App\Controllers\Transaksi))
 6 SYSTEMPATH\CodeIgniter.php(361): CodeIgniter\CodeIgniter->handleRequest(null, Object(Config\Cache), false)
 7 FCPATH\index.php(79): CodeIgniter\CodeIgniter->run()
 8 SYSTEMPATH\Commands\Server\rewrite.php(47): require_once('D:\\adhani_coba\\public\\index.php')
CRITICAL - 2023-12-17 14:02:53 --> Invalid file: "transaksi/transaksi.php"
in SYSTEMPATH\Exceptions\FrameworkException.php on line 39.
 1 SYSTEMPATH\View\View.php(216): CodeIgniter\Exceptions\FrameworkException::forInvalidFile('transaksi/transaksi.php')
 2 SYSTEMPATH\Common.php(1190): CodeIgniter\View\View->render('transaksi/transaksi', [], true)
 3 APPPATH\Controllers\Transaksi.php(27): view('transaksi/transaksi', [...])
 4 SYSTEMPATH\CodeIgniter.php(942): App\Controllers\Transaksi->data_transaksi()
 5 SYSTEMPATH\CodeIgniter.php(502): CodeIgniter\CodeIgniter->runController(Object(App\Controllers\Transaksi))
 6 SYSTEMPATH\CodeIgniter.php(361): CodeIgniter\CodeIgniter->handleRequest(null, Object(Config\Cache), false)
 7 FCPATH\index.php(79): CodeIgniter\CodeIgniter->run()
 8 SYSTEMPATH\Commands\Server\rewrite.php(47): require_once('D:\\adhani_coba\\public\\index.php')
CRITICAL - 2023-12-17 14:03:07 --> Invalid file: "transaksi/transaksi.php"
in SYSTEMPATH\Exceptions\FrameworkException.php on line 39.
 1 SYSTEMPATH\View\View.php(216): CodeIgniter\Exceptions\FrameworkException::forInvalidFile('transaksi/transaksi.php')
 2 SYSTEMPATH\Common.php(1190): CodeIgniter\View\View->render('transaksi/transaksi', [], true)
 3 APPPATH\Controllers\Transaksi.php(27): view('transaksi/transaksi', [...])
 4 SYSTEMPATH\CodeIgniter.php(942): App\Controllers\Transaksi->data_transaksi()
 5 SYSTEMPATH\CodeIgniter.php(502): CodeIgniter\CodeIgniter->runController(Object(App\Controllers\Transaksi))
 6 SYSTEMPATH\CodeIgniter.php(361): CodeIgniter\CodeIgniter->handleRequest(null, Object(Config\Cache), false)
 7 FCPATH\index.php(79): CodeIgniter\CodeIgniter->run()
 8 SYSTEMPATH\Commands\Server\rewrite.php(47): require_once('D:\\adhani_coba\\public\\index.php')
CRITICAL - 2023-12-17 14:03:07 --> Invalid file: "transaksi/transaksi.php"
in SYSTEMPATH\Exceptions\FrameworkException.php on line 39.
 1 SYSTEMPATH\View\View.php(216): CodeIgniter\Exceptions\FrameworkException::forInvalidFile('transaksi/transaksi.php')
 2 SYSTEMPATH\Common.php(1190): CodeIgniter\View\View->render('transaksi/transaksi', [], true)
 3 APPPATH\Controllers\Transaksi.php(27): view('transaksi/transaksi', [...])
 4 SYSTEMPATH\CodeIgniter.php(942): App\Controllers\Transaksi->data_transaksi()
 5 SYSTEMPATH\CodeIgniter.php(502): CodeIgniter\CodeIgniter->runController(Object(App\Controllers\Transaksi))
 6 SYSTEMPATH\CodeIgniter.php(361): CodeIgniter\CodeIgniter->handleRequest(null, Object(Config\Cache), false)
 7 FCPATH\index.php(79): CodeIgniter\CodeIgniter->run()
 8 SYSTEMPATH\Commands\Server\rewrite.php(47): require_once('D:\\adhani_coba\\public\\index.php')
CRITICAL - 2023-12-17 14:03:07 --> Invalid file: "transaksi/transaksi.php"
in SYSTEMPATH\Exceptions\FrameworkException.php on line 39.
 1 SYSTEMPATH\View\View.php(216): CodeIgniter\Exceptions\FrameworkException::forInvalidFile('transaksi/transaksi.php')
 2 SYSTEMPATH\Common.php(1190): CodeIgniter\View\View->render('transaksi/transaksi', [], true)
 3 APPPATH\Controllers\Transaksi.php(27): view('transaksi/transaksi', [...])
 4 SYSTEMPATH\CodeIgniter.php(942): App\Controllers\Transaksi->data_transaksi()
 5 SYSTEMPATH\CodeIgniter.php(502): CodeIgniter\CodeIgniter->runController(Object(App\Controllers\Transaksi))
 6 SYSTEMPATH\CodeIgniter.php(361): CodeIgniter\CodeIgniter->handleRequest(null, Object(Config\Cache), false)
 7 FCPATH\index.php(79): CodeIgniter\CodeIgniter->run()
 8 SYSTEMPATH\Commands\Server\rewrite.php(47): require_once('D:\\adhani_coba\\public\\index.php')
CRITICAL - 2023-12-17 14:03:12 --> Invalid file: "transaksi/transaksi.php"
in SYSTEMPATH\Exceptions\FrameworkException.php on line 39.
 1 SYSTEMPATH\View\View.php(216): CodeIgniter\Exceptions\FrameworkException::forInvalidFile('transaksi/transaksi.php')
 2 SYSTEMPATH\Common.php(1190): CodeIgniter\View\View->render('transaksi/transaksi', [], true)
 3 APPPATH\Controllers\Transaksi.php(27): view('transaksi/transaksi', [...])
 4 SYSTEMPATH\CodeIgniter.php(942): App\Controllers\Transaksi->data_transaksi()
 5 SYSTEMPATH\CodeIgniter.php(502): CodeIgniter\CodeIgniter->runController(Object(App\Controllers\Transaksi))
 6 SYSTEMPATH\CodeIgniter.php(361): CodeIgniter\CodeIgniter->handleRequest(null, Object(Config\Cache), false)
 7 FCPATH\index.php(79): CodeIgniter\CodeIgniter->run()
 8 SYSTEMPATH\Commands\Server\rewrite.php(47): require_once('D:\\adhani_coba\\public\\index.php')
CRITICAL - 2023-12-17 14:03:59 --> Invalid file: "transaksi/transaksi.php"
in SYSTEMPATH\Exceptions\FrameworkException.php on line 39.
 1 SYSTEMPATH\View\View.php(216): CodeIgniter\Exceptions\FrameworkException::forInvalidFile('transaksi/transaksi.php')
 2 SYSTEMPATH\Common.php(1190): CodeIgniter\View\View->render('transaksi/transaksi', [], true)
 3 APPPATH\Controllers\Transaksi.php(27): view('transaksi/transaksi', [...])
 4 SYSTEMPATH\CodeIgniter.php(942): App\Controllers\Transaksi->data_transaksi()
 5 SYSTEMPATH\CodeIgniter.php(502): CodeIgniter\CodeIgniter->runController(Object(App\Controllers\Transaksi))
 6 SYSTEMPATH\CodeIgniter.php(361): CodeIgniter\CodeIgniter->handleRequest(null, Object(Config\Cache), false)
 7 FCPATH\index.php(79): CodeIgniter\CodeIgniter->run()
 8 SYSTEMPATH\Commands\Server\rewrite.php(47): require_once('D:\\adhani_coba\\public\\index.php')
CRITICAL - 2023-12-17 14:04:00 --> Invalid file: "transaksi/transaksi.php"
in SYSTEMPATH\Exceptions\FrameworkException.php on line 39.
 1 SYSTEMPATH\View\View.php(216): CodeIgniter\Exceptions\FrameworkException::forInvalidFile('transaksi/transaksi.php')
 2 SYSTEMPATH\Common.php(1190): CodeIgniter\View\View->render('transaksi/transaksi', [], true)
 3 APPPATH\Controllers\Transaksi.php(27): view('transaksi/transaksi', [...])
 4 SYSTEMPATH\CodeIgniter.php(942): App\Controllers\Transaksi->data_transaksi()
 5 SYSTEMPATH\CodeIgniter.php(502): CodeIgniter\CodeIgniter->runController(Object(App\Controllers\Transaksi))
 6 SYSTEMPATH\CodeIgniter.php(361): CodeIgniter\CodeIgniter->handleRequest(null, Object(Config\Cache), false)
 7 FCPATH\index.php(79): CodeIgniter\CodeIgniter->run()
 8 SYSTEMPATH\Commands\Server\rewrite.php(47): require_once('D:\\adhani_coba\\public\\index.php')
CRITICAL - 2023-12-17 14:04:00 --> Invalid file: "transaksi/transaksi.php"
in SYSTEMPATH\Exceptions\FrameworkException.php on line 39.
 1 SYSTEMPATH\View\View.php(216): CodeIgniter\Exceptions\FrameworkException::forInvalidFile('transaksi/transaksi.php')
 2 SYSTEMPATH\Common.php(1190): CodeIgniter\View\View->render('transaksi/transaksi', [], true)
 3 APPPATH\Controllers\Transaksi.php(27): view('transaksi/transaksi', [...])
 4 SYSTEMPATH\CodeIgniter.php(942): App\Controllers\Transaksi->data_transaksi()
 5 SYSTEMPATH\CodeIgniter.php(502): CodeIgniter\CodeIgniter->runController(Object(App\Controllers\Transaksi))
 6 SYSTEMPATH\CodeIgniter.php(361): CodeIgniter\CodeIgniter->handleRequest(null, Object(Config\Cache), false)
 7 FCPATH\index.php(79): CodeIgniter\CodeIgniter->run()
 8 SYSTEMPATH\Commands\Server\rewrite.php(47): require_once('D:\\adhani_coba\\public\\index.php')
CRITICAL - 2023-12-17 14:04:00 --> Invalid file: "transaksi/transaksi.php"
in SYSTEMPATH\Exceptions\FrameworkException.php on line 39.
 1 SYSTEMPATH\View\View.php(216): CodeIgniter\Exceptions\FrameworkException::forInvalidFile('transaksi/transaksi.php')
 2 SYSTEMPATH\Common.php(1190): CodeIgniter\View\View->render('transaksi/transaksi', [], true)
 3 APPPATH\Controllers\Transaksi.php(27): view('transaksi/transaksi', [...])
 4 SYSTEMPATH\CodeIgniter.php(942): App\Controllers\Transaksi->data_transaksi()
 5 SYSTEMPATH\CodeIgniter.php(502): CodeIgniter\CodeIgniter->runController(Object(App\Controllers\Transaksi))
 6 SYSTEMPATH\CodeIgniter.php(361): CodeIgniter\CodeIgniter->handleRequest(null, Object(Config\Cache), false)
 7 FCPATH\index.php(79): CodeIgniter\CodeIgniter->run()
 8 SYSTEMPATH\Commands\Server\rewrite.php(47): require_once('D:\\adhani_coba\\public\\index.php')
CRITICAL - 2023-12-17 14:04:00 --> Invalid file: "transaksi/transaksi.php"
in SYSTEMPATH\Exceptions\FrameworkException.php on line 39.
 1 SYSTEMPATH\View\View.php(216): CodeIgniter\Exceptions\FrameworkException::forInvalidFile('transaksi/transaksi.php')
 2 SYSTEMPATH\Common.php(1190): CodeIgniter\View\View->render('transaksi/transaksi', [], true)
 3 APPPATH\Controllers\Transaksi.php(27): view('transaksi/transaksi', [...])
 4 SYSTEMPATH\CodeIgniter.php(942): App\Controllers\Transaksi->data_transaksi()
 5 SYSTEMPATH\CodeIgniter.php(502): CodeIgniter\CodeIgniter->runController(Object(App\Controllers\Transaksi))
 6 SYSTEMPATH\CodeIgniter.php(361): CodeIgniter\CodeIgniter->handleRequest(null, Object(Config\Cache), false)
 7 FCPATH\index.php(79): CodeIgniter\CodeIgniter->run()
 8 SYSTEMPATH\Commands\Server\rewrite.php(47): require_once('D:\\adhani_coba\\public\\index.php')
CRITICAL - 2023-12-17 14:04:00 --> Invalid file: "transaksi/transaksi.php"
in SYSTEMPATH\Exceptions\FrameworkException.php on line 39.
 1 SYSTEMPATH\View\View.php(216): CodeIgniter\Exceptions\FrameworkException::forInvalidFile('transaksi/transaksi.php')
 2 SYSTEMPATH\Common.php(1190): CodeIgniter\View\View->render('transaksi/transaksi', [], true)
 3 APPPATH\Controllers\Transaksi.php(27): view('transaksi/transaksi', [...])
 4 SYSTEMPATH\CodeIgniter.php(942): App\Controllers\Transaksi->data_transaksi()
 5 SYSTEMPATH\CodeIgniter.php(502): CodeIgniter\CodeIgniter->runController(Object(App\Controllers\Transaksi))
 6 SYSTEMPATH\CodeIgniter.php(361): CodeIgniter\CodeIgniter->handleRequest(null, Object(Config\Cache), false)
 7 FCPATH\index.php(79): CodeIgniter\CodeIgniter->run()
 8 SYSTEMPATH\Commands\Server\rewrite.php(47): require_once('D:\\adhani_coba\\public\\index.php')
CRITICAL - 2023-12-17 14:04:01 --> Invalid file: "transaksi/transaksi.php"
in SYSTEMPATH\Exceptions\FrameworkException.php on line 39.
 1 SYSTEMPATH\View\View.php(216): CodeIgniter\Exceptions\FrameworkException::forInvalidFile('transaksi/transaksi.php')
 2 SYSTEMPATH\Common.php(1190): CodeIgniter\View\View->render('transaksi/transaksi', [], true)
 3 APPPATH\Controllers\Transaksi.php(27): view('transaksi/transaksi', [...])
 4 SYSTEMPATH\CodeIgniter.php(942): App\Controllers\Transaksi->data_transaksi()
 5 SYSTEMPATH\CodeIgniter.php(502): CodeIgniter\CodeIgniter->runController(Object(App\Controllers\Transaksi))
 6 SYSTEMPATH\CodeIgniter.php(361): CodeIgniter\CodeIgniter->handleRequest(null, Object(Config\Cache), false)
 7 FCPATH\index.php(79): CodeIgniter\CodeIgniter->run()
 8 SYSTEMPATH\Commands\Server\rewrite.php(47): require_once('D:\\adhani_coba\\public\\index.php')
CRITICAL - 2023-12-17 14:04:01 --> Invalid file: "transaksi/transaksi.php"
in SYSTEMPATH\Exceptions\FrameworkException.php on line 39.
 1 SYSTEMPATH\View\View.php(216): CodeIgniter\Exceptions\FrameworkException::forInvalidFile('transaksi/transaksi.php')
 2 SYSTEMPATH\Common.php(1190): CodeIgniter\View\View->render('transaksi/transaksi', [], true)
 3 APPPATH\Controllers\Transaksi.php(27): view('transaksi/transaksi', [...])
 4 SYSTEMPATH\CodeIgniter.php(942): App\Controllers\Transaksi->data_transaksi()
 5 SYSTEMPATH\CodeIgniter.php(502): CodeIgniter\CodeIgniter->runController(Object(App\Controllers\Transaksi))
 6 SYSTEMPATH\CodeIgniter.php(361): CodeIgniter\CodeIgniter->handleRequest(null, Object(Config\Cache), false)
 7 FCPATH\index.php(79): CodeIgniter\CodeIgniter->run()
 8 SYSTEMPATH\Commands\Server\rewrite.php(47): require_once('D:\\adhani_coba\\public\\index.php')
CRITICAL - 2023-12-17 14:04:01 --> Invalid file: "transaksi/transaksi.php"
in SYSTEMPATH\Exceptions\FrameworkException.php on line 39.
 1 SYSTEMPATH\View\View.php(216): CodeIgniter\Exceptions\FrameworkException::forInvalidFile('transaksi/transaksi.php')
 2 SYSTEMPATH\Common.php(1190): CodeIgniter\View\View->render('transaksi/transaksi', [], true)
 3 APPPATH\Controllers\Transaksi.php(27): view('transaksi/transaksi', [...])
 4 SYSTEMPATH\CodeIgniter.php(942): App\Controllers\Transaksi->data_transaksi()
 5 SYSTEMPATH\CodeIgniter.php(502): CodeIgniter\CodeIgniter->runController(Object(App\Controllers\Transaksi))
 6 SYSTEMPATH\CodeIgniter.php(361): CodeIgniter\CodeIgniter->handleRequest(null, Object(Config\Cache), false)
 7 FCPATH\index.php(79): CodeIgniter\CodeIgniter->run()
 8 SYSTEMPATH\Commands\Server\rewrite.php(47): require_once('D:\\adhani_coba\\public\\index.php')
CRITICAL - 2023-12-17 14:06:22 --> Invalid file: "transaksi/transaksi.php"
in SYSTEMPATH\Exceptions\FrameworkException.php on line 39.
 1 SYSTEMPATH\View\View.php(216): CodeIgniter\Exceptions\FrameworkException::forInvalidFile('transaksi/transaksi.php')
 2 SYSTEMPATH\Common.php(1190): CodeIgniter\View\View->render('transaksi/transaksi', [], true)
 3 APPPATH\Controllers\Transaksi.php(27): view('transaksi/transaksi', [...])
 4 SYSTEMPATH\CodeIgniter.php(942): App\Controllers\Transaksi->data_transaksi()
 5 SYSTEMPATH\CodeIgniter.php(502): CodeIgniter\CodeIgniter->runController(Object(App\Controllers\Transaksi))
 6 SYSTEMPATH\CodeIgniter.php(361): CodeIgniter\CodeIgniter->handleRequest(null, Object(Config\Cache), false)
 7 FCPATH\index.php(79): CodeIgniter\CodeIgniter->run()
 8 SYSTEMPATH\Commands\Server\rewrite.php(47): require_once('D:\\adhani_coba\\public\\index.php')
CRITICAL - 2023-12-17 14:14:45 --> Invalid file: "transaksi/transaksi.php"
in SYSTEMPATH\Exceptions\FrameworkException.php on line 39.
 1 SYSTEMPATH\View\View.php(216): CodeIgniter\Exceptions\FrameworkException::forInvalidFile('transaksi/transaksi.php')
 2 SYSTEMPATH\Common.php(1190): CodeIgniter\View\View->render('transaksi/transaksi', [], true)
 3 APPPATH\Controllers\Transaksi.php(27): view('transaksi/transaksi', [...])
 4 SYSTEMPATH\CodeIgniter.php(942): App\Controllers\Transaksi->data_transaksi()
 5 SYSTEMPATH\CodeIgniter.php(502): CodeIgniter\CodeIgniter->runController(Object(App\Controllers\Transaksi))
 6 SYSTEMPATH\CodeIgniter.php(361): CodeIgniter\CodeIgniter->handleRequest(null, Object(Config\Cache), false)
 7 FCPATH\index.php(79): CodeIgniter\CodeIgniter->run()
 8 SYSTEMPATH\Commands\Server\rewrite.php(47): require_once('D:\\adhani_coba\\public\\index.php')
ERROR - 2023-12-17 14:16:59 --> mysqli_sql_exception: Table 'persewaan_sehate.data_transaksi' doesn't exist in D:\adhani_coba\system\Database\MySQLi\Connection.php:306
Stack trace:
#0 D:\adhani_coba\system\Database\MySQLi\Connection.php(306): mysqli->query('SELECT *\nFROM `...', 0)
#1 D:\adhani_coba\system\Database\BaseConnection.php(693): CodeIgniter\Database\MySQLi\Connection->execute('SELECT *\nFROM `...')
#2 D:\adhani_coba\system\Database\BaseConnection.php(607): CodeIgniter\Database\BaseConnection->simpleQuery('SELECT *\nFROM `...')
#3 D:\adhani_coba\system\Database\BaseBuilder.php(1615): CodeIgniter\Database\BaseConnection->query('SELECT *\nFROM `...', Array, false)
#4 D:\adhani_coba\system\Model.php(871): CodeIgniter\Database\BaseBuilder->get()
#5 D:\adhani_coba\app\Controllers\Transaksi.php(18): CodeIgniter\Model->__call('get', Array)
#6 D:\adhani_coba\system\CodeIgniter.php(942): App\Controllers\Transaksi->data_transaksi()
#7 D:\adhani_coba\system\CodeIgniter.php(502): CodeIgniter\CodeIgniter->runController(Object(App\Controllers\Transaksi))
#8 D:\adhani_coba\system\CodeIgniter.php(361): CodeIgniter\CodeIgniter->handleRequest(NULL, Object(Config\Cache), false)
#9 D:\adhani_coba\public\index.php(79): CodeIgniter\CodeIgniter->run()
#10 D:\adhani_coba\system\Commands\Server\rewrite.php(47): require_once('D:\\adhani_coba\\...')
#11 {main}
CRITICAL - 2023-12-17 14:16:59 --> Table 'persewaan_sehate.data_transaksi' doesn't exist
in SYSTEMPATH\Database\BaseConnection.php on line 647.
 1 SYSTEMPATH\Database\BaseBuilder.php(1615): CodeIgniter\Database\BaseConnection->query('SELECT *
FROM `data_transaksi`
LEFT JOIN `barang` ON `barang`.`id_barang` = `transaksi`.`id_barang`', [], false)
 2 SYSTEMPATH\Model.php(871): CodeIgniter\Database\BaseBuilder->get()
 3 APPPATH\Controllers\Transaksi.php(18): CodeIgniter\Model->__call('get', [])
 4 SYSTEMPATH\CodeIgniter.php(942): App\Controllers\Transaksi->data_transaksi()
 5 SYSTEMPATH\CodeIgniter.php(502): CodeIgniter\CodeIgniter->runController(Object(App\Controllers\Transaksi))
 6 SYSTEMPATH\CodeIgniter.php(361): CodeIgniter\CodeIgniter->handleRequest(null, Object(Config\Cache), false)
 7 FCPATH\index.php(79): CodeIgniter\CodeIgniter->run()
 8 SYSTEMPATH\Commands\Server\rewrite.php(47): require_once('D:\\adhani_coba\\public\\index.php')
ERROR - 2023-12-17 14:17:00 --> mysqli_sql_exception: Table 'persewaan_sehate.data_transaksi' doesn't exist in D:\adhani_coba\system\Database\MySQLi\Connection.php:306
Stack trace:
#0 D:\adhani_coba\system\Database\MySQLi\Connection.php(306): mysqli->query('SELECT *\nFROM `...', 0)
#1 D:\adhani_coba\system\Database\BaseConnection.php(693): CodeIgniter\Database\MySQLi\Connection->execute('SELECT *\nFROM `...')
#2 D:\adhani_coba\system\Database\BaseConnection.php(607): CodeIgniter\Database\BaseConnection->simpleQuery('SELECT *\nFROM `...')
#3 D:\adhani_coba\system\Database\BaseBuilder.php(1615): CodeIgniter\Database\BaseConnection->query('SELECT *\nFROM `...', Array, false)
#4 D:\adhani_coba\system\Model.php(871): CodeIgniter\Database\BaseBuilder->get()
#5 D:\adhani_coba\app\Controllers\Transaksi.php(18): CodeIgniter\Model->__call('get', Array)
#6 D:\adhani_coba\system\CodeIgniter.php(942): App\Controllers\Transaksi->data_transaksi()
#7 D:\adhani_coba\system\CodeIgniter.php(502): CodeIgniter\CodeIgniter->runController(Object(App\Controllers\Transaksi))
#8 D:\adhani_coba\system\CodeIgniter.php(361): CodeIgniter\CodeIgniter->handleRequest(NULL, Object(Config\Cache), false)
#9 D:\adhani_coba\public\index.php(79): CodeIgniter\CodeIgniter->run()
#10 D:\adhani_coba\system\Commands\Server\rewrite.php(47): require_once('D:\\adhani_coba\\...')
#11 {main}
CRITICAL - 2023-12-17 14:17:00 --> Table 'persewaan_sehate.data_transaksi' doesn't exist
in SYSTEMPATH\Database\BaseConnection.php on line 647.
 1 SYSTEMPATH\Database\BaseBuilder.php(1615): CodeIgniter\Database\BaseConnection->query('SELECT *
FROM `data_transaksi`
LEFT JOIN `barang` ON `barang`.`id_barang` = `transaksi`.`id_barang`', [], false)
 2 SYSTEMPATH\Model.php(871): CodeIgniter\Database\BaseBuilder->get()
 3 APPPATH\Controllers\Transaksi.php(18): CodeIgniter\Model->__call('get', [])
 4 SYSTEMPATH\CodeIgniter.php(942): App\Controllers\Transaksi->data_transaksi()
 5 SYSTEMPATH\CodeIgniter.php(502): CodeIgniter\CodeIgniter->runController(Object(App\Controllers\Transaksi))
 6 SYSTEMPATH\CodeIgniter.php(361): CodeIgniter\CodeIgniter->handleRequest(null, Object(Config\Cache), false)
 7 FCPATH\index.php(79): CodeIgniter\CodeIgniter->run()
 8 SYSTEMPATH\Commands\Server\rewrite.php(47): require_once('D:\\adhani_coba\\public\\index.php')
ERROR - 2023-12-17 14:17:00 --> mysqli_sql_exception: Table 'persewaan_sehate.data_transaksi' doesn't exist in D:\adhani_coba\system\Database\MySQLi\Connection.php:306
Stack trace:
#0 D:\adhani_coba\system\Database\MySQLi\Connection.php(306): mysqli->query('SELECT *\nFROM `...', 0)
#1 D:\adhani_coba\system\Database\BaseConnection.php(693): CodeIgniter\Database\MySQLi\Connection->execute('SELECT *\nFROM `...')
#2 D:\adhani_coba\system\Database\BaseConnection.php(607): CodeIgniter\Database\BaseConnection->simpleQuery('SELECT *\nFROM `...')
#3 D:\adhani_coba\system\Database\BaseBuilder.php(1615): CodeIgniter\Database\BaseConnection->query('SELECT *\nFROM `...', Array, false)
#4 D:\adhani_coba\system\Model.php(871): CodeIgniter\Database\BaseBuilder->get()
#5 D:\adhani_coba\app\Controllers\Transaksi.php(18): CodeIgniter\Model->__call('get', Array)
#6 D:\adhani_coba\system\CodeIgniter.php(942): App\Controllers\Transaksi->data_transaksi()
#7 D:\adhani_coba\system\CodeIgniter.php(502): CodeIgniter\CodeIgniter->runController(Object(App\Controllers\Transaksi))
#8 D:\adhani_coba\system\CodeIgniter.php(361): CodeIgniter\CodeIgniter->handleRequest(NULL, Object(Config\Cache), false)
#9 D:\adhani_coba\public\index.php(79): CodeIgniter\CodeIgniter->run()
#10 D:\adhani_coba\system\Commands\Server\rewrite.php(47): require_once('D:\\adhani_coba\\...')
#11 {main}
CRITICAL - 2023-12-17 14:17:00 --> Table 'persewaan_sehate.data_transaksi' doesn't exist
in SYSTEMPATH\Database\BaseConnection.php on line 647.
 1 SYSTEMPATH\Database\BaseBuilder.php(1615): CodeIgniter\Database\BaseConnection->query('SELECT *
FROM `data_transaksi`
LEFT JOIN `barang` ON `barang`.`id_barang` = `transaksi`.`id_barang`', [], false)
 2 SYSTEMPATH\Model.php(871): CodeIgniter\Database\BaseBuilder->get()
 3 APPPATH\Controllers\Transaksi.php(18): CodeIgniter\Model->__call('get', [])
 4 SYSTEMPATH\CodeIgniter.php(942): App\Controllers\Transaksi->data_transaksi()
 5 SYSTEMPATH\CodeIgniter.php(502): CodeIgniter\CodeIgniter->runController(Object(App\Controllers\Transaksi))
 6 SYSTEMPATH\CodeIgniter.php(361): CodeIgniter\CodeIgniter->handleRequest(null, Object(Config\Cache), false)
 7 FCPATH\index.php(79): CodeIgniter\CodeIgniter->run()
 8 SYSTEMPATH\Commands\Server\rewrite.php(47): require_once('D:\\adhani_coba\\public\\index.php')
ERROR - 2023-12-17 14:17:00 --> mysqli_sql_exception: Table 'persewaan_sehate.data_transaksi' doesn't exist in D:\adhani_coba\system\Database\MySQLi\Connection.php:306
Stack trace:
#0 D:\adhani_coba\system\Database\MySQLi\Connection.php(306): mysqli->query('SELECT *\nFROM `...', 0)
#1 D:\adhani_coba\system\Database\BaseConnection.php(693): CodeIgniter\Database\MySQLi\Connection->execute('SELECT *\nFROM `...')
#2 D:\adhani_coba\system\Database\BaseConnection.php(607): CodeIgniter\Database\BaseConnection->simpleQuery('SELECT *\nFROM `...')
#3 D:\adhani_coba\system\Database\BaseBuilder.php(1615): CodeIgniter\Database\BaseConnection->query('SELECT *\nFROM `...', Array, false)
#4 D:\adhani_coba\system\Model.php(871): CodeIgniter\Database\BaseBuilder->get()
#5 D:\adhani_coba\app\Controllers\Transaksi.php(18): CodeIgniter\Model->__call('get', Array)
#6 D:\adhani_coba\system\CodeIgniter.php(942): App\Controllers\Transaksi->data_transaksi()
#7 D:\adhani_coba\system\CodeIgniter.php(502): CodeIgniter\CodeIgniter->runController(Object(App\Controllers\Transaksi))
#8 D:\adhani_coba\system\CodeIgniter.php(361): CodeIgniter\CodeIgniter->handleRequest(NULL, Object(Config\Cache), false)
#9 D:\adhani_coba\public\index.php(79): CodeIgniter\CodeIgniter->run()
#10 D:\adhani_coba\system\Commands\Server\rewrite.php(47): require_once('D:\\adhani_coba\\...')
#11 {main}
CRITICAL - 2023-12-17 14:17:00 --> Table 'persewaan_sehate.data_transaksi' doesn't exist
in SYSTEMPATH\Database\BaseConnection.php on line 647.
 1 SYSTEMPATH\Database\BaseBuilder.php(1615): CodeIgniter\Database\BaseConnection->query('SELECT *
FROM `data_transaksi`
LEFT JOIN `barang` ON `barang`.`id_barang` = `transaksi`.`id_barang`', [], false)
 2 SYSTEMPATH\Model.php(871): CodeIgniter\Database\BaseBuilder->get()
 3 APPPATH\Controllers\Transaksi.php(18): CodeIgniter\Model->__call('get', [])
 4 SYSTEMPATH\CodeIgniter.php(942): App\Controllers\Transaksi->data_transaksi()
 5 SYSTEMPATH\CodeIgniter.php(502): CodeIgniter\CodeIgniter->runController(Object(App\Controllers\Transaksi))
 6 SYSTEMPATH\CodeIgniter.php(361): CodeIgniter\CodeIgniter->handleRequest(null, Object(Config\Cache), false)
 7 FCPATH\index.php(79): CodeIgniter\CodeIgniter->run()
 8 SYSTEMPATH\Commands\Server\rewrite.php(47): require_once('D:\\adhani_coba\\public\\index.php')
ERROR - 2023-12-17 14:17:00 --> mysqli_sql_exception: Table 'persewaan_sehate.data_transaksi' doesn't exist in D:\adhani_coba\system\Database\MySQLi\Connection.php:306
Stack trace:
#0 D:\adhani_coba\system\Database\MySQLi\Connection.php(306): mysqli->query('SELECT *\nFROM `...', 0)
#1 D:\adhani_coba\system\Database\BaseConnection.php(693): CodeIgniter\Database\MySQLi\Connection->execute('SELECT *\nFROM `...')
#2 D:\adhani_coba\system\Database\BaseConnection.php(607): CodeIgniter\Database\BaseConnection->simpleQuery('SELECT *\nFROM `...')
#3 D:\adhani_coba\system\Database\BaseBuilder.php(1615): CodeIgniter\Database\BaseConnection->query('SELECT *\nFROM `...', Array, false)
#4 D:\adhani_coba\system\Model.php(871): CodeIgniter\Database\BaseBuilder->get()
#5 D:\adhani_coba\app\Controllers\Transaksi.php(18): CodeIgniter\Model->__call('get', Array)
#6 D:\adhani_coba\system\CodeIgniter.php(942): App\Controllers\Transaksi->data_transaksi()
#7 D:\adhani_coba\system\CodeIgniter.php(502): CodeIgniter\CodeIgniter->runController(Object(App\Controllers\Transaksi))
#8 D:\adhani_coba\system\CodeIgniter.php(361): CodeIgniter\CodeIgniter->handleRequest(NULL, Object(Config\Cache), false)
#9 D:\adhani_coba\public\index.php(79): CodeIgniter\CodeIgniter->run()
#10 D:\adhani_coba\system\Commands\Server\rewrite.php(47): require_once('D:\\adhani_coba\\...')
#11 {main}
CRITICAL - 2023-12-17 14:17:00 --> Table 'persewaan_sehate.data_transaksi' doesn't exist
in SYSTEMPATH\Database\BaseConnection.php on line 647.
 1 SYSTEMPATH\Database\BaseBuilder.php(1615): CodeIgniter\Database\BaseConnection->query('SELECT *
FROM `data_transaksi`
LEFT JOIN `barang` ON `barang`.`id_barang` = `transaksi`.`id_barang`', [], false)
 2 SYSTEMPATH\Model.php(871): CodeIgniter\Database\BaseBuilder->get()
 3 APPPATH\Controllers\Transaksi.php(18): CodeIgniter\Model->__call('get', [])
 4 SYSTEMPATH\CodeIgniter.php(942): App\Controllers\Transaksi->data_transaksi()
 5 SYSTEMPATH\CodeIgniter.php(502): CodeIgniter\CodeIgniter->runController(Object(App\Controllers\Transaksi))
 6 SYSTEMPATH\CodeIgniter.php(361): CodeIgniter\CodeIgniter->handleRequest(null, Object(Config\Cache), false)
 7 FCPATH\index.php(79): CodeIgniter\CodeIgniter->run()
 8 SYSTEMPATH\Commands\Server\rewrite.php(47): require_once('D:\\adhani_coba\\public\\index.php')
ERROR - 2023-12-17 14:23:17 --> mysqli_sql_exception: Cannot add or update a child row: a foreign key constraint fails (`persewaan_sehate`.`transaksi`, CONSTRAINT `transaksi_ibfk_2` FOREIGN KEY (`id_barang`) REFERENCES `barang` (`id_barang`) ON DELETE NO ACTION ON UPDATE CASCADE) in D:\adhani_coba\system\Database\MySQLi\Connection.php:306
Stack trace:
#0 D:\adhani_coba\system\Database\MySQLi\Connection.php(306): mysqli->query('INSERT INTO `tr...', 0)
#1 D:\adhani_coba\system\Database\BaseConnection.php(693): CodeIgniter\Database\MySQLi\Connection->execute('INSERT INTO `tr...')
#2 D:\adhani_coba\system\Database\BaseConnection.php(607): CodeIgniter\Database\BaseConnection->simpleQuery('INSERT INTO `tr...')
#3 D:\adhani_coba\system\Database\BaseBuilder.php(2308): CodeIgniter\Database\BaseConnection->query('INSERT INTO `tr...', Array, false)
#4 D:\adhani_coba\system\Model.php(319): CodeIgniter\Database\BaseBuilder->insert()
#5 D:\adhani_coba\system\BaseModel.php(788): CodeIgniter\Model->doInsert(Array)
#6 D:\adhani_coba\system\Model.php(715): CodeIgniter\BaseModel->insert(Array, true)
#7 D:\adhani_coba\app\Controllers\Transaksi.php(95): CodeIgniter\Model->insert(Array)
#8 D:\adhani_coba\system\CodeIgniter.php(942): App\Controllers\Transaksi->proses_input()
#9 D:\adhani_coba\system\CodeIgniter.php(502): CodeIgniter\CodeIgniter->runController(Object(App\Controllers\Transaksi))
#10 D:\adhani_coba\system\CodeIgniter.php(361): CodeIgniter\CodeIgniter->handleRequest(NULL, Object(Config\Cache), false)
#11 D:\adhani_coba\public\index.php(79): CodeIgniter\CodeIgniter->run()
#12 D:\adhani_coba\system\Commands\Server\rewrite.php(47): require_once('D:\\adhani_coba\\...')
#13 {main}
CRITICAL - 2023-12-17 14:23:17 --> Cannot add or update a child row: a foreign key constraint fails (`persewaan_sehate`.`transaksi`, CONSTRAINT `transaksi_ibfk_2` FOREIGN KEY (`id_barang`) REFERENCES `barang` (`id_barang`) ON DELETE NO ACTION ON UPDATE CASCADE)
in SYSTEMPATH\Database\BaseConnection.php on line 647.
 1 SYSTEMPATH\Database\BaseBuilder.php(2308): CodeIgniter\Database\BaseConnection->query('INSERT INTO `transaksi` (`id_penyewa`, `id_barang`, `jumlah_barang`, `tanggal_ambil`, `jatuh_tempo`, `tanggal_kembali`, `terlambat`, `denda`) VALUES (:id_penyewa:, :id_barang:, :jumlah_barang:, :tanggal_ambil:, :jatuh_tempo:, :tanggal_kembali:, :terlambat:, :denda:)', [...], false)
 2 SYSTEMPATH\Model.php(319): CodeIgniter\Database\BaseBuilder->insert()
 3 SYSTEMPATH\BaseModel.php(788): CodeIgniter\Model->doInsert([...])
 4 SYSTEMPATH\Model.php(715): CodeIgniter\BaseModel->insert([...], true)
 5 APPPATH\Controllers\Transaksi.php(95): CodeIgniter\Model->insert([...])
 6 SYSTEMPATH\CodeIgniter.php(942): App\Controllers\Transaksi->proses_input()
 7 SYSTEMPATH\CodeIgniter.php(502): CodeIgniter\CodeIgniter->runController(Object(App\Controllers\Transaksi))
 8 SYSTEMPATH\CodeIgniter.php(361): CodeIgniter\CodeIgniter->handleRequest(null, Object(Config\Cache), false)
 9 FCPATH\index.php(79): CodeIgniter\CodeIgniter->run()
10 SYSTEMPATH\Commands\Server\rewrite.php(47): require_once('D:\\adhani_coba\\public\\index.php')
CRITICAL - 2023-12-17 14:28:21 --> Undefined variable $data_penyewaan
in APPPATH\Controllers\Transaksi.php on line 140.
 1 APPPATH\Controllers\Transaksi.php(140): CodeIgniter\Debug\Exceptions->errorHandler(2, 'Undefined variable $data_penyewaan', 'D:\\adhani_coba\\app\\Controllers\\Transaksi.php', 140)
 2 SYSTEMPATH\CodeIgniter.php(942): App\Controllers\Transaksi->ubah()
 3 SYSTEMPATH\CodeIgniter.php(502): CodeIgniter\CodeIgniter->runController(Object(App\Controllers\Transaksi))
 4 SYSTEMPATH\CodeIgniter.php(361): CodeIgniter\CodeIgniter->handleRequest(null, Object(Config\Cache), false)
 5 FCPATH\index.php(79): CodeIgniter\CodeIgniter->run()
 6 SYSTEMPATH\Commands\Server\rewrite.php(47): require_once('D:\\adhani_coba\\public\\index.php')
CRITICAL - 2023-12-17 14:30:08 --> Undefined variable $data_penyewaan
in APPPATH\Controllers\Transaksi.php on line 140.
 1 APPPATH\Controllers\Transaksi.php(140): CodeIgniter\Debug\Exceptions->errorHandler(2, 'Undefined variable $data_penyewaan', 'D:\\adhani_coba\\app\\Controllers\\Transaksi.php', 140)
 2 SYSTEMPATH\CodeIgniter.php(942): App\Controllers\Transaksi->ubah()
 3 SYSTEMPATH\CodeIgniter.php(502): CodeIgniter\CodeIgniter->runController(Object(App\Controllers\Transaksi))
 4 SYSTEMPATH\CodeIgniter.php(361): CodeIgniter\CodeIgniter->handleRequest(null, Object(Config\Cache), false)
 5 FCPATH\index.php(79): CodeIgniter\CodeIgniter->run()
 6 SYSTEMPATH\Commands\Server\rewrite.php(47): require_once('D:\\adhani_coba\\public\\index.php')
CRITICAL - 2023-12-17 14:32:00 --> Undefined variable $data_penyewa
in APPPATH\Controllers\Transaksi.php on line 140.
 1 APPPATH\Controllers\Transaksi.php(140): CodeIgniter\Debug\Exceptions->errorHandler(2, 'Undefined variable $data_penyewa', 'D:\\adhani_coba\\app\\Controllers\\Transaksi.php', 140)
 2 SYSTEMPATH\CodeIgniter.php(942): App\Controllers\Transaksi->ubah()
 3 SYSTEMPATH\CodeIgniter.php(502): CodeIgniter\CodeIgniter->runController(Object(App\Controllers\Transaksi))
 4 SYSTEMPATH\CodeIgniter.php(361): CodeIgniter\CodeIgniter->handleRequest(null, Object(Config\Cache), false)
 5 FCPATH\index.php(79): CodeIgniter\CodeIgniter->run()
 6 SYSTEMPATH\Commands\Server\rewrite.php(47): require_once('D:\\adhani_coba\\public\\index.php')
CRITICAL - 2023-12-17 14:32:01 --> Undefined variable $data_penyewa
in APPPATH\Controllers\Transaksi.php on line 140.
 1 APPPATH\Controllers\Transaksi.php(140): CodeIgniter\Debug\Exceptions->errorHandler(2, 'Undefined variable $data_penyewa', 'D:\\adhani_coba\\app\\Controllers\\Transaksi.php', 140)
 2 SYSTEMPATH\CodeIgniter.php(942): App\Controllers\Transaksi->ubah()
 3 SYSTEMPATH\CodeIgniter.php(502): CodeIgniter\CodeIgniter->runController(Object(App\Controllers\Transaksi))
 4 SYSTEMPATH\CodeIgniter.php(361): CodeIgniter\CodeIgniter->handleRequest(null, Object(Config\Cache), false)
 5 FCPATH\index.php(79): CodeIgniter\CodeIgniter->run()
 6 SYSTEMPATH\Commands\Server\rewrite.php(47): require_once('D:\\adhani_coba\\public\\index.php')
CRITICAL - 2023-12-17 14:32:01 --> Undefined variable $data_penyewa
in APPPATH\Controllers\Transaksi.php on line 140.
 1 APPPATH\Controllers\Transaksi.php(140): CodeIgniter\Debug\Exceptions->errorHandler(2, 'Undefined variable $data_penyewa', 'D:\\adhani_coba\\app\\Controllers\\Transaksi.php', 140)
 2 SYSTEMPATH\CodeIgniter.php(942): App\Controllers\Transaksi->ubah()
 3 SYSTEMPATH\CodeIgniter.php(502): CodeIgniter\CodeIgniter->runController(Object(App\Controllers\Transaksi))
 4 SYSTEMPATH\CodeIgniter.php(361): CodeIgniter\CodeIgniter->handleRequest(null, Object(Config\Cache), false)
 5 FCPATH\index.php(79): CodeIgniter\CodeIgniter->run()
 6 SYSTEMPATH\Commands\Server\rewrite.php(47): require_once('D:\\adhani_coba\\public\\index.php')
CRITICAL - 2023-12-17 14:32:01 --> Undefined variable $data_penyewa
in APPPATH\Controllers\Transaksi.php on line 140.
 1 APPPATH\Controllers\Transaksi.php(140): CodeIgniter\Debug\Exceptions->errorHandler(2, 'Undefined variable $data_penyewa', 'D:\\adhani_coba\\app\\Controllers\\Transaksi.php', 140)
 2 SYSTEMPATH\CodeIgniter.php(942): App\Controllers\Transaksi->ubah()
 3 SYSTEMPATH\CodeIgniter.php(502): CodeIgniter\CodeIgniter->runController(Object(App\Controllers\Transaksi))
 4 SYSTEMPATH\CodeIgniter.php(361): CodeIgniter\CodeIgniter->handleRequest(null, Object(Config\Cache), false)
 5 FCPATH\index.php(79): CodeIgniter\CodeIgniter->run()
 6 SYSTEMPATH\Commands\Server\rewrite.php(47): require_once('D:\\adhani_coba\\public\\index.php')
CRITICAL - 2023-12-17 14:32:01 --> Undefined variable $data_penyewa
in APPPATH\Controllers\Transaksi.php on line 140.
 1 APPPATH\Controllers\Transaksi.php(140): CodeIgniter\Debug\Exceptions->errorHandler(2, 'Undefined variable $data_penyewa', 'D:\\adhani_coba\\app\\Controllers\\Transaksi.php', 140)
 2 SYSTEMPATH\CodeIgniter.php(942): App\Controllers\Transaksi->ubah()
 3 SYSTEMPATH\CodeIgniter.php(502): CodeIgniter\CodeIgniter->runController(Object(App\Controllers\Transaksi))
 4 SYSTEMPATH\CodeIgniter.php(361): CodeIgniter\CodeIgniter->handleRequest(null, Object(Config\Cache), false)
 5 FCPATH\index.php(79): CodeIgniter\CodeIgniter->run()
 6 SYSTEMPATH\Commands\Server\rewrite.php(47): require_once('D:\\adhani_coba\\public\\index.php')
CRITICAL - 2023-12-17 14:32:01 --> Undefined variable $data_penyewa
in APPPATH\Controllers\Transaksi.php on line 140.
 1 APPPATH\Controllers\Transaksi.php(140): CodeIgniter\Debug\Exceptions->errorHandler(2, 'Undefined variable $data_penyewa', 'D:\\adhani_coba\\app\\Controllers\\Transaksi.php', 140)
 2 SYSTEMPATH\CodeIgniter.php(942): App\Controllers\Transaksi->ubah()
 3 SYSTEMPATH\CodeIgniter.php(502): CodeIgniter\CodeIgniter->runController(Object(App\Controllers\Transaksi))
 4 SYSTEMPATH\CodeIgniter.php(361): CodeIgniter\CodeIgniter->handleRequest(null, Object(Config\Cache), false)
 5 FCPATH\index.php(79): CodeIgniter\CodeIgniter->run()
 6 SYSTEMPATH\Commands\Server\rewrite.php(47): require_once('D:\\adhani_coba\\public\\index.php')
CRITICAL - 2023-12-17 14:32:02 --> Undefined variable $data_penyewa
in APPPATH\Controllers\Transaksi.php on line 140.
 1 APPPATH\Controllers\Transaksi.php(140): CodeIgniter\Debug\Exceptions->errorHandler(2, 'Undefined variable $data_penyewa', 'D:\\adhani_coba\\app\\Controllers\\Transaksi.php', 140)
 2 SYSTEMPATH\CodeIgniter.php(942): App\Controllers\Transaksi->ubah()
 3 SYSTEMPATH\CodeIgniter.php(502): CodeIgniter\CodeIgniter->runController(Object(App\Controllers\Transaksi))
 4 SYSTEMPATH\CodeIgniter.php(361): CodeIgniter\CodeIgniter->handleRequest(null, Object(Config\Cache), false)
 5 FCPATH\index.php(79): CodeIgniter\CodeIgniter->run()
 6 SYSTEMPATH\Commands\Server\rewrite.php(47): require_once('D:\\adhani_coba\\public\\index.php')
CRITICAL - 2023-12-17 14:32:02 --> Undefined variable $data_penyewa
in APPPATH\Controllers\Transaksi.php on line 140.
 1 APPPATH\Controllers\Transaksi.php(140): CodeIgniter\Debug\Exceptions->errorHandler(2, 'Undefined variable $data_penyewa', 'D:\\adhani_coba\\app\\Controllers\\Transaksi.php', 140)
 2 SYSTEMPATH\CodeIgniter.php(942): App\Controllers\Transaksi->ubah()
 3 SYSTEMPATH\CodeIgniter.php(502): CodeIgniter\CodeIgniter->runController(Object(App\Controllers\Transaksi))
 4 SYSTEMPATH\CodeIgniter.php(361): CodeIgniter\CodeIgniter->handleRequest(null, Object(Config\Cache), false)
 5 FCPATH\index.php(79): CodeIgniter\CodeIgniter->run()
 6 SYSTEMPATH\Commands\Server\rewrite.php(47): require_once('D:\\adhani_coba\\public\\index.php')
CRITICAL - 2023-12-17 14:32:02 --> Undefined variable $data_penyewa
in APPPATH\Controllers\Transaksi.php on line 140.
 1 APPPATH\Controllers\Transaksi.php(140): CodeIgniter\Debug\Exceptions->errorHandler(2, 'Undefined variable $data_penyewa', 'D:\\adhani_coba\\app\\Controllers\\Transaksi.php', 140)
 2 SYSTEMPATH\CodeIgniter.php(942): App\Controllers\Transaksi->ubah()
 3 SYSTEMPATH\CodeIgniter.php(502): CodeIgniter\CodeIgniter->runController(Object(App\Controllers\Transaksi))
 4 SYSTEMPATH\CodeIgniter.php(361): CodeIgniter\CodeIgniter->handleRequest(null, Object(Config\Cache), false)
 5 FCPATH\index.php(79): CodeIgniter\CodeIgniter->run()
 6 SYSTEMPATH\Commands\Server\rewrite.php(47): require_once('D:\\adhani_coba\\public\\index.php')
CRITICAL - 2023-12-17 14:32:43 --> Cannot redeclare App\Controllers\Transaksi::data_transaksi()
in APPPATH\Controllers\Transaksi.php on line 113.
 1 [internal function]: CodeIgniter\Debug\Exceptions->shutdownHandler()
CRITICAL - 2023-12-17 14:32:44 --> Cannot redeclare App\Controllers\Transaksi::data_transaksi()
in APPPATH\Controllers\Transaksi.php on line 113.
 1 [internal function]: CodeIgniter\Debug\Exceptions->shutdownHandler()
CRITICAL - 2023-12-17 14:32:44 --> Cannot redeclare App\Controllers\Transaksi::data_transaksi()
in APPPATH\Controllers\Transaksi.php on line 113.
 1 [internal function]: CodeIgniter\Debug\Exceptions->shutdownHandler()
CRITICAL - 2023-12-17 14:32:44 --> Cannot redeclare App\Controllers\Transaksi::data_transaksi()
in APPPATH\Controllers\Transaksi.php on line 113.
 1 [internal function]: CodeIgniter\Debug\Exceptions->shutdownHandler()
CRITICAL - 2023-12-17 14:33:16 --> Trying to access array offset on value of type null
in APPPATH\Controllers\Transaksi.php on line 140.
 1 APPPATH\Controllers\Transaksi.php(140): CodeIgniter\Debug\Exceptions->errorHandler(2, 'Trying to access array offset on value of type null', 'D:\\adhani_coba\\app\\Controllers\\Transaksi.php', 140)
 2 SYSTEMPATH\CodeIgniter.php(942): App\Controllers\Transaksi->ubah()
 3 SYSTEMPATH\CodeIgniter.php(502): CodeIgniter\CodeIgniter->runController(Object(App\Controllers\Transaksi))
 4 SYSTEMPATH\CodeIgniter.php(361): CodeIgniter\CodeIgniter->handleRequest(null, Object(Config\Cache), false)
 5 FCPATH\index.php(79): CodeIgniter\CodeIgniter->run()
 6 SYSTEMPATH\Commands\Server\rewrite.php(47): require_once('D:\\adhani_coba\\public\\index.php')
CRITICAL - 2023-12-17 14:33:17 --> Trying to access array offset on value of type null
in APPPATH\Controllers\Transaksi.php on line 140.
 1 APPPATH\Controllers\Transaksi.php(140): CodeIgniter\Debug\Exceptions->errorHandler(2, 'Trying to access array offset on value of type null', 'D:\\adhani_coba\\app\\Controllers\\Transaksi.php', 140)
 2 SYSTEMPATH\CodeIgniter.php(942): App\Controllers\Transaksi->ubah()
 3 SYSTEMPATH\CodeIgniter.php(502): CodeIgniter\CodeIgniter->runController(Object(App\Controllers\Transaksi))
 4 SYSTEMPATH\CodeIgniter.php(361): CodeIgniter\CodeIgniter->handleRequest(null, Object(Config\Cache), false)
 5 FCPATH\index.php(79): CodeIgniter\CodeIgniter->run()
 6 SYSTEMPATH\Commands\Server\rewrite.php(47): require_once('D:\\adhani_coba\\public\\index.php')
CRITICAL - 2023-12-17 14:33:17 --> Trying to access array offset on value of type null
in APPPATH\Controllers\Transaksi.php on line 140.
 1 APPPATH\Controllers\Transaksi.php(140): CodeIgniter\Debug\Exceptions->errorHandler(2, 'Trying to access array offset on value of type null', 'D:\\adhani_coba\\app\\Controllers\\Transaksi.php', 140)
 2 SYSTEMPATH\CodeIgniter.php(942): App\Controllers\Transaksi->ubah()
 3 SYSTEMPATH\CodeIgniter.php(502): CodeIgniter\CodeIgniter->runController(Object(App\Controllers\Transaksi))
 4 SYSTEMPATH\CodeIgniter.php(361): CodeIgniter\CodeIgniter->handleRequest(null, Object(Config\Cache), false)
 5 FCPATH\index.php(79): CodeIgniter\CodeIgniter->run()
 6 SYSTEMPATH\Commands\Server\rewrite.php(47): require_once('D:\\adhani_coba\\public\\index.php')
CRITICAL - 2023-12-17 14:33:17 --> Trying to access array offset on value of type null
in APPPATH\Controllers\Transaksi.php on line 140.
 1 APPPATH\Controllers\Transaksi.php(140): CodeIgniter\Debug\Exceptions->errorHandler(2, 'Trying to access array offset on value of type null', 'D:\\adhani_coba\\app\\Controllers\\Transaksi.php', 140)
 2 SYSTEMPATH\CodeIgniter.php(942): App\Controllers\Transaksi->ubah()
 3 SYSTEMPATH\CodeIgniter.php(502): CodeIgniter\CodeIgniter->runController(Object(App\Controllers\Transaksi))
 4 SYSTEMPATH\CodeIgniter.php(361): CodeIgniter\CodeIgniter->handleRequest(null, Object(Config\Cache), false)
 5 FCPATH\index.php(79): CodeIgniter\CodeIgniter->run()
 6 SYSTEMPATH\Commands\Server\rewrite.php(47): require_once('D:\\adhani_coba\\public\\index.php')
