CRITICAL - 2023-12-13 04:19:10 --> Invalid file: "barang/dashboard.php"
in SYSTEMPATH\Exceptions\FrameworkException.php on line 39.
 1 SYSTEMPATH\View\View.php(216): CodeIgniter\Exceptions\FrameworkException::forInvalidFile('barang/dashboard.php')
 2 SYSTEMPATH\Common.php(1190): CodeIgniter\View\View->render('barang/dashboard', [], true)
 3 APPPATH\Controllers\Barang.php(17): view('barang/dashboard', [...])
 4 SYSTEMPATH\CodeIgniter.php(942): App\Controllers\Barang->index()
 5 SYSTEMPATH\CodeIgniter.php(502): CodeIgniter\CodeIgniter->runController(Object(App\Controllers\Barang))
 6 SYSTEMPATH\CodeIgniter.php(361): CodeIgniter\CodeIgniter->handleRequest(null, Object(Config\Cache), false)
 7 FCPATH\index.php(79): CodeIgniter\CodeIgniter->run()
 8 SYSTEMPATH\Commands\Server\rewrite.php(47): require_once('D:\\simul_coba\\public\\index.php')
CRITICAL - 2023-12-13 04:20:55 --> Invalid file: "barang/dashboard.php"
in SYSTEMPATH\Exceptions\FrameworkException.php on line 39.
 1 SYSTEMPATH\View\View.php(216): CodeIgniter\Exceptions\FrameworkException::forInvalidFile('barang/dashboard.php')
 2 SYSTEMPATH\Common.php(1190): CodeIgniter\View\View->render('barang/dashboard', [], true)
 3 APPPATH\Controllers\Barang.php(17): view('barang/dashboard', [...])
 4 SYSTEMPATH\CodeIgniter.php(942): App\Controllers\Barang->index()
 5 SYSTEMPATH\CodeIgniter.php(502): CodeIgniter\CodeIgniter->runController(Object(App\Controllers\Barang))
 6 SYSTEMPATH\CodeIgniter.php(361): CodeIgniter\CodeIgniter->handleRequest(null, Object(Config\Cache), false)
 7 FCPATH\index.php(79): CodeIgniter\CodeIgniter->run()
 8 SYSTEMPATH\Commands\Server\rewrite.php(47): require_once('D:\\simul_coba\\public\\index.php')
CRITICAL - 2023-12-13 04:22:48 --> Invalid file: "barang/dashboard.php"
in SYSTEMPATH\Exceptions\FrameworkException.php on line 39.
 1 SYSTEMPATH\View\View.php(216): CodeIgniter\Exceptions\FrameworkException::forInvalidFile('barang/dashboard.php')
 2 SYSTEMPATH\Common.php(1190): CodeIgniter\View\View->render('barang/dashboard', [], true)
 3 APPPATH\Controllers\Barang.php(17): view('barang/dashboard', [...])
 4 SYSTEMPATH\CodeIgniter.php(942): App\Controllers\Barang->index()
 5 SYSTEMPATH\CodeIgniter.php(502): CodeIgniter\CodeIgniter->runController(Object(App\Controllers\Barang))
 6 SYSTEMPATH\CodeIgniter.php(361): CodeIgniter\CodeIgniter->handleRequest(null, Object(Config\Cache), false)
 7 FCPATH\index.php(79): CodeIgniter\CodeIgniter->run()
 8 SYSTEMPATH\Commands\Server\rewrite.php(47): require_once('D:\\simul_coba\\public\\index.php')
CRITICAL - 2023-12-13 04:26:53 --> Invalid file: "barang/dashboard.php"
in SYSTEMPATH\Exceptions\FrameworkException.php on line 39.
 1 SYSTEMPATH\View\View.php(216): CodeIgniter\Exceptions\FrameworkException::forInvalidFile('barang/dashboard.php')
 2 SYSTEMPATH\Common.php(1190): CodeIgniter\View\View->render('barang/dashboard', [], true)
 3 APPPATH\Controllers\Barang.php(17): view('barang/dashboard', [...])
 4 SYSTEMPATH\CodeIgniter.php(942): App\Controllers\Barang->index()
 5 SYSTEMPATH\CodeIgniter.php(502): CodeIgniter\CodeIgniter->runController(Object(App\Controllers\Barang))
 6 SYSTEMPATH\CodeIgniter.php(361): CodeIgniter\CodeIgniter->handleRequest(null, Object(Config\Cache), false)
 7 FCPATH\index.php(79): CodeIgniter\CodeIgniter->run()
 8 SYSTEMPATH\Commands\Server\rewrite.php(47): require_once('D:\\simul_coba\\public\\index.php')
CRITICAL - 2023-12-13 04:29:50 --> Invalid file: "barang/dashboard.php"
in SYSTEMPATH\Exceptions\FrameworkException.php on line 39.
 1 SYSTEMPATH\View\View.php(216): CodeIgniter\Exceptions\FrameworkException::forInvalidFile('barang/dashboard.php')
 2 SYSTEMPATH\Common.php(1190): CodeIgniter\View\View->render('barang/dashboard', [], true)
 3 APPPATH\Controllers\Barang.php(17): view('barang/dashboard', [...])
 4 SYSTEMPATH\CodeIgniter.php(942): App\Controllers\Barang->index()
 5 SYSTEMPATH\CodeIgniter.php(502): CodeIgniter\CodeIgniter->runController(Object(App\Controllers\Barang))
 6 SYSTEMPATH\CodeIgniter.php(361): CodeIgniter\CodeIgniter->handleRequest(null, Object(Config\Cache), false)
 7 FCPATH\index.php(79): CodeIgniter\CodeIgniter->run()
 8 SYSTEMPATH\Commands\Server\rewrite.php(47): require_once('D:\\simul_coba\\public\\index.php')
CRITICAL - 2023-12-13 04:29:53 --> Invalid file: "barang/dashboard.php"
in SYSTEMPATH\Exceptions\FrameworkException.php on line 39.
 1 SYSTEMPATH\View\View.php(216): CodeIgniter\Exceptions\FrameworkException::forInvalidFile('barang/dashboard.php')
 2 SYSTEMPATH\Common.php(1190): CodeIgniter\View\View->render('barang/dashboard', [], true)
 3 APPPATH\Controllers\Barang.php(17): view('barang/dashboard', [...])
 4 SYSTEMPATH\CodeIgniter.php(942): App\Controllers\Barang->index()
 5 SYSTEMPATH\CodeIgniter.php(502): CodeIgniter\CodeIgniter->runController(Object(App\Controllers\Barang))
 6 SYSTEMPATH\CodeIgniter.php(361): CodeIgniter\CodeIgniter->handleRequest(null, Object(Config\Cache), false)
 7 FCPATH\index.php(79): CodeIgniter\CodeIgniter->run()
 8 SYSTEMPATH\Commands\Server\rewrite.php(47): require_once('D:\\simul_coba\\public\\index.php')
CRITICAL - 2023-12-13 04:30:18 --> Invalid file: "barang/dashboard.php"
in SYSTEMPATH\Exceptions\FrameworkException.php on line 39.
 1 SYSTEMPATH\View\View.php(216): CodeIgniter\Exceptions\FrameworkException::forInvalidFile('barang/dashboard.php')
 2 SYSTEMPATH\Common.php(1190): CodeIgniter\View\View->render('barang/dashboard', [], true)
 3 APPPATH\Controllers\Barang.php(17): view('barang/dashboard', [...])
 4 SYSTEMPATH\CodeIgniter.php(942): App\Controllers\Barang->index()
 5 SYSTEMPATH\CodeIgniter.php(502): CodeIgniter\CodeIgniter->runController(Object(App\Controllers\Barang))
 6 SYSTEMPATH\CodeIgniter.php(361): CodeIgniter\CodeIgniter->handleRequest(null, Object(Config\Cache), false)
 7 FCPATH\index.php(79): CodeIgniter\CodeIgniter->run()
 8 SYSTEMPATH\Commands\Server\rewrite.php(47): require_once('D:\\simul_coba\\public\\index.php')
CRITICAL - 2023-12-13 04:30:56 --> Invalid file: "barang/dashboard.php"
in SYSTEMPATH\Exceptions\FrameworkException.php on line 39.
 1 SYSTEMPATH\View\View.php(216): CodeIgniter\Exceptions\FrameworkException::forInvalidFile('barang/dashboard.php')
 2 SYSTEMPATH\Common.php(1190): CodeIgniter\View\View->render('barang/dashboard', [], true)
 3 APPPATH\Controllers\Barang.php(17): view('barang/dashboard', [...])
 4 SYSTEMPATH\CodeIgniter.php(942): App\Controllers\Barang->index()
 5 SYSTEMPATH\CodeIgniter.php(502): CodeIgniter\CodeIgniter->runController(Object(App\Controllers\Barang))
 6 SYSTEMPATH\CodeIgniter.php(361): CodeIgniter\CodeIgniter->handleRequest(null, Object(Config\Cache), false)
 7 FCPATH\index.php(79): CodeIgniter\CodeIgniter->run()
 8 SYSTEMPATH\Commands\Server\rewrite.php(47): require_once('D:\\simul_coba\\public\\index.php')
CRITICAL - 2023-12-13 04:33:03 --> Invalid file: "barang/dashboard.php"
in SYSTEMPATH\Exceptions\FrameworkException.php on line 39.
 1 SYSTEMPATH\View\View.php(216): CodeIgniter\Exceptions\FrameworkException::forInvalidFile('barang/dashboard.php')
 2 SYSTEMPATH\Common.php(1190): CodeIgniter\View\View->render('barang/dashboard', [], true)
 3 APPPATH\Controllers\Barang.php(17): view('barang/dashboard', [...])
 4 SYSTEMPATH\CodeIgniter.php(942): App\Controllers\Barang->index()
 5 SYSTEMPATH\CodeIgniter.php(502): CodeIgniter\CodeIgniter->runController(Object(App\Controllers\Barang))
 6 SYSTEMPATH\CodeIgniter.php(361): CodeIgniter\CodeIgniter->handleRequest(null, Object(Config\Cache), false)
 7 FCPATH\index.php(79): CodeIgniter\CodeIgniter->run()
 8 SYSTEMPATH\Commands\Server\rewrite.php(47): require_once('D:\\simul_coba\\public\\index.php')
CRITICAL - 2023-12-13 16:14:20 --> Invalid file: "template/call_head.php"
in SYSTEMPATH\Exceptions\FrameworkException.php on line 39.
 1 SYSTEMPATH\View\View.php(216): CodeIgniter\Exceptions\FrameworkException::forInvalidFile('template/call_head.php')
 2 SYSTEMPATH\View\View.php(469): CodeIgniter\View\View->render('template/call_head', null, true)
 3 APPPATH\Views\template\layout.php(2): CodeIgniter\View\View->include('template/call_head')
 4 SYSTEMPATH\View\View.php(228): include('D:\\simul_coba\\app\\Views\\template\\layout.php')
 5 SYSTEMPATH\View\View.php(231): CodeIgniter\View\View->CodeIgniter\View\{closure}()
 6 SYSTEMPATH\View\View.php(244): CodeIgniter\View\View->render('template/layout', [], true)
 7 SYSTEMPATH\Common.php(1190): CodeIgniter\View\View->render('barang/dashboard', [], true)
 8 APPPATH\Controllers\Barang.php(17): view('barang/dashboard', [...])
 9 SYSTEMPATH\CodeIgniter.php(942): App\Controllers\Barang->index()
10 SYSTEMPATH\CodeIgniter.php(502): CodeIgniter\CodeIgniter->runController(Object(App\Controllers\Barang))
11 SYSTEMPATH\CodeIgniter.php(361): CodeIgniter\CodeIgniter->handleRequest(null, Object(Config\Cache), false)
12 FCPATH\index.php(79): CodeIgniter\CodeIgniter->run()
13 SYSTEMPATH\Commands\Server\rewrite.php(47): require_once('D:\\simul_coba\\public\\index.php')
CRITICAL - 2023-12-13 16:14:22 --> Invalid file: "template/call_head.php"
in SYSTEMPATH\Exceptions\FrameworkException.php on line 39.
 1 SYSTEMPATH\View\View.php(216): CodeIgniter\Exceptions\FrameworkException::forInvalidFile('template/call_head.php')
 2 SYSTEMPATH\View\View.php(469): CodeIgniter\View\View->render('template/call_head', null, true)
 3 APPPATH\Views\template\layout.php(2): CodeIgniter\View\View->include('template/call_head')
 4 SYSTEMPATH\View\View.php(228): include('D:\\simul_coba\\app\\Views\\template\\layout.php')
 5 SYSTEMPATH\View\View.php(231): CodeIgniter\View\View->CodeIgniter\View\{closure}()
 6 SYSTEMPATH\View\View.php(244): CodeIgniter\View\View->render('template/layout', [], true)
 7 SYSTEMPATH\Common.php(1190): CodeIgniter\View\View->render('barang/dashboard', [], true)
 8 APPPATH\Controllers\Barang.php(17): view('barang/dashboard', [...])
 9 SYSTEMPATH\CodeIgniter.php(942): App\Controllers\Barang->index()
10 SYSTEMPATH\CodeIgniter.php(502): CodeIgniter\CodeIgniter->runController(Object(App\Controllers\Barang))
11 SYSTEMPATH\CodeIgniter.php(361): CodeIgniter\CodeIgniter->handleRequest(null, Object(Config\Cache), false)
12 FCPATH\index.php(79): CodeIgniter\CodeIgniter->run()
13 SYSTEMPATH\Commands\Server\rewrite.php(47): require_once('D:\\simul_coba\\public\\index.php')
