CRITICAL - 2024-07-05 08:47:06 --> The framework needs the following extension(s) installed and loaded: intl.
in SYSTEMPATH\CodeIgniter.php on line 252.
 1 SYSTEMPATH\CodeIgniter.php(252): CodeIgniter\Exceptions\FrameworkException::forMissingExtension('intl')
 2 SYSTEMPATH\CodeIgniter.php(214): CodeIgniter\CodeIgniter->resolvePlatformExtensions()
 3 ROOTPATH\spark(88): CodeIgniter\CodeIgniter->initialize()
CRITICAL - 2024-07-05 08:47:07 --> Uncaught Error: Class "Locale" not found in D:\code\first\fp_webprog\system\I18n\TimeTrait.php:74
Stack trace:
#0 D:\code\first\fp_webprog\system\I18n\TimeTrait.php(115): CodeIgniter\I18n\Time->__construct(NULL, NULL, NULL)
#1 D:\code\first\fp_webprog\system\HTTP\ResponseTrait.php(468): CodeIgniter\I18n\Time::now()
#2 D:\code\first\fp_webprog\system\HTTP\ResponseTrait.php(446): CodeIgniter\HTTP\Response->sendHeaders()
#3 D:\code\first\fp_webprog\system\Debug\ExceptionHandler.php(81): CodeIgniter\HTTP\Response->send()
#4 D:\code\first\fp_webprog\system\Debug\Exceptions.php(148): CodeIgniter\Debug\ExceptionHandler->handle(Object(CodeIgniter\Exceptions\FrameworkException), Object(CodeIgniter\HTTP\IncomingRequest), Object(CodeIgniter\HTTP\Response), 500, 1)
#5 [internal function]: CodeIgniter\Debug\Exceptions->exceptionHandler(Object(CodeIgniter\Exceptions\FrameworkException))
#6 {main}
  thrown
【Previous Exception】
CodeIgniter\Exceptions\FrameworkException
The framework needs the following extension(s) installed and loaded: intl.
#0 D:\code\first\fp_webprog\system\CodeIgniter.php(252): CodeIgniter\Exceptions\FrameworkException::forMissingExtension('intl')
#1 D:\code\first\fp_webprog\system\CodeIgniter.php(214): CodeIgniter\CodeIgniter->resolvePlatformExtensions()
#2 D:\code\first\fp_webprog\spark(88): CodeIgniter\CodeIgniter->initialize()
#3 {main}
in SYSTEMPATH\I18n\TimeTrait.php on line 74.
 1 [internal function]: CodeIgniter\Debug\Exceptions->shutdownHandler()
CRITICAL - 2024-07-05 08:48:16 --> The framework needs the following extension(s) installed and loaded: intl.
in SYSTEMPATH\CodeIgniter.php on line 252.
 1 SYSTEMPATH\CodeIgniter.php(252): CodeIgniter\Exceptions\FrameworkException::forMissingExtension('intl')
 2 SYSTEMPATH\CodeIgniter.php(214): CodeIgniter\CodeIgniter->resolvePlatformExtensions()
 3 ROOTPATH\spark(88): CodeIgniter\CodeIgniter->initialize()
CRITICAL - 2024-07-05 08:48:16 --> Uncaught Error: Class "Locale" not found in D:\code\first\fp_webprog\system\I18n\TimeTrait.php:74
Stack trace:
#0 D:\code\first\fp_webprog\system\I18n\TimeTrait.php(115): CodeIgniter\I18n\Time->__construct(NULL, NULL, NULL)
#1 D:\code\first\fp_webprog\system\HTTP\ResponseTrait.php(468): CodeIgniter\I18n\Time::now()
#2 D:\code\first\fp_webprog\system\HTTP\ResponseTrait.php(446): CodeIgniter\HTTP\Response->sendHeaders()
#3 D:\code\first\fp_webprog\system\Debug\ExceptionHandler.php(81): CodeIgniter\HTTP\Response->send()
#4 D:\code\first\fp_webprog\system\Debug\Exceptions.php(148): CodeIgniter\Debug\ExceptionHandler->handle(Object(CodeIgniter\Exceptions\FrameworkException), Object(CodeIgniter\HTTP\IncomingRequest), Object(CodeIgniter\HTTP\Response), 500, 1)
#5 [internal function]: CodeIgniter\Debug\Exceptions->exceptionHandler(Object(CodeIgniter\Exceptions\FrameworkException))
#6 {main}
  thrown
【Previous Exception】
CodeIgniter\Exceptions\FrameworkException
The framework needs the following extension(s) installed and loaded: intl.
#0 D:\code\first\fp_webprog\system\CodeIgniter.php(252): CodeIgniter\Exceptions\FrameworkException::forMissingExtension('intl')
#1 D:\code\first\fp_webprog\system\CodeIgniter.php(214): CodeIgniter\CodeIgniter->resolvePlatformExtensions()
#2 D:\code\first\fp_webprog\spark(88): CodeIgniter\CodeIgniter->initialize()
#3 {main}
in SYSTEMPATH\I18n\TimeTrait.php on line 74.
 1 [internal function]: CodeIgniter\Debug\Exceptions->shutdownHandler()
ERROR - 2024-07-05 06:50:00 --> Error connecting to the database: mysqli_sql_exception: Unknown database 'sewa_ht' in D:\code\first\fp_webprog\system\Database\MySQLi\Connection.php:184
Stack trace:
#0 D:\code\first\fp_webprog\system\Database\MySQLi\Connection.php(184): mysqli->real_connect('localhost', 'root', Object(SensitiveParameterValue), 'sewa_ht', 3306, '', 0)
#1 D:\code\first\fp_webprog\system\Database\BaseConnection.php(392): CodeIgniter\Database\MySQLi\Connection->connect(false)
#2 D:\code\first\fp_webprog\system\Database\BaseConnection.php(575): CodeIgniter\Database\BaseConnection->initialize()
#3 D:\code\first\fp_webprog\system\Database\BaseBuilder.php(1615): CodeIgniter\Database\BaseConnection->query('SELECT *\nFROM `...', Array, false)
#4 D:\code\first\fp_webprog\system\Model.php(871): CodeIgniter\Database\BaseBuilder->get()
#5 D:\code\first\fp_webprog\app\Controllers\Barang.php(26): CodeIgniter\Model->__call('get', Array)
#6 D:\code\first\fp_webprog\system\CodeIgniter.php(942): App\Controllers\Barang->index()
#7 D:\code\first\fp_webprog\system\CodeIgniter.php(502): CodeIgniter\CodeIgniter->runController(Object(App\Controllers\Barang))
#8 D:\code\first\fp_webprog\system\CodeIgniter.php(361): CodeIgniter\CodeIgniter->handleRequest(NULL, Object(Config\Cache), false)
#9 D:\code\first\fp_webprog\public\index.php(79): CodeIgniter\CodeIgniter->run()
#10 D:\code\first\fp_webprog\system\Commands\Server\rewrite.php(47): require_once('D:\\code\\first\\f...')
#11 {main}

Next CodeIgniter\Database\Exceptions\DatabaseException: Unknown database 'sewa_ht' in D:\code\first\fp_webprog\system\Database\MySQLi\Connection.php:229
Stack trace:
#0 D:\code\first\fp_webprog\system\Database\BaseConnection.php(392): CodeIgniter\Database\MySQLi\Connection->connect(false)
#1 D:\code\first\fp_webprog\system\Database\BaseConnection.php(575): CodeIgniter\Database\BaseConnection->initialize()
#2 D:\code\first\fp_webprog\system\Database\BaseBuilder.php(1615): CodeIgniter\Database\BaseConnection->query('SELECT *\nFROM `...', Array, false)
#3 D:\code\first\fp_webprog\system\Model.php(871): CodeIgniter\Database\BaseBuilder->get()
#4 D:\code\first\fp_webprog\app\Controllers\Barang.php(26): CodeIgniter\Model->__call('get', Array)
#5 D:\code\first\fp_webprog\system\CodeIgniter.php(942): App\Controllers\Barang->index()
#6 D:\code\first\fp_webprog\system\CodeIgniter.php(502): CodeIgniter\CodeIgniter->runController(Object(App\Controllers\Barang))
#7 D:\code\first\fp_webprog\system\CodeIgniter.php(361): CodeIgniter\CodeIgniter->handleRequest(NULL, Object(Config\Cache), false)
#8 D:\code\first\fp_webprog\public\index.php(79): CodeIgniter\CodeIgniter->run()
#9 D:\code\first\fp_webprog\system\Commands\Server\rewrite.php(47): require_once('D:\\code\\first\\f...')
#10 {main}
CRITICAL - 2024-07-05 06:50:00 --> Unable to connect to the database.
Main connection [MySQLi]: Unknown database 'sewa_ht'
in SYSTEMPATH\Database\BaseConnection.php on line 428.
 1 SYSTEMPATH\Database\BaseConnection.php(575): CodeIgniter\Database\BaseConnection->initialize()
 2 SYSTEMPATH\Database\BaseBuilder.php(1615): CodeIgniter\Database\BaseConnection->query('SELECT *
FROM `barang`
WHERE `kode_barang` LIKE :kode_barang: ESCAPE \'!\'', [...], false)
 3 SYSTEMPATH\Model.php(871): CodeIgniter\Database\BaseBuilder->get()
 4 APPPATH\Controllers\Barang.php(26): CodeIgniter\Model->__call('get', [])
 5 SYSTEMPATH\CodeIgniter.php(942): App\Controllers\Barang->index()
 6 SYSTEMPATH\CodeIgniter.php(502): CodeIgniter\CodeIgniter->runController(Object(App\Controllers\Barang))
 7 SYSTEMPATH\CodeIgniter.php(361): CodeIgniter\CodeIgniter->handleRequest(null, Object(Config\Cache), false)
 8 FCPATH\index.php(79): CodeIgniter\CodeIgniter->run()
 9 SYSTEMPATH\Commands\Server\rewrite.php(47): require_once('D:\\code\\first\\fp_webprog\\public\\index.php')
