CRITICAL - 2023-12-15 00:35:50 --> Undefined variable $barang_baru
in APPPATH\Controllers\Barang.php on line 77.
 1 APPPATH\Controllers\Barang.php(77): CodeIgniter\Debug\Exceptions->errorHandler(2, 'Undefined variable $barang_baru', 'D:\\simul_coba\\app\\Controllers\\Barang.php', 77)
 2 SYSTEMPATH\CodeIgniter.php(942): App\Controllers\Barang->proses_input()
 3 SYSTEMPATH\CodeIgniter.php(502): CodeIgniter\CodeIgniter->runController(Object(App\Controllers\Barang))
 4 SYSTEMPATH\CodeIgniter.php(361): CodeIgniter\CodeIgniter->handleRequest(null, Object(Config\Cache), false)
 5 FCPATH\index.php(79): CodeIgniter\CodeIgniter->run()
 6 SYSTEMPATH\Commands\Server\rewrite.php(47): require_once('D:\\simul_coba\\public\\index.php')
CRITICAL - 2023-12-15 00:46:13 --> Undefined variable $barang_baru
in APPPATH\Controllers\Barang.php on line 77.
 1 APPPATH\Controllers\Barang.php(77): CodeIgniter\Debug\Exceptions->errorHandler(2, 'Undefined variable $barang_baru', 'D:\\simul_coba\\app\\Controllers\\Barang.php', 77)
 2 SYSTEMPATH\CodeIgniter.php(942): App\Controllers\Barang->proses_input()
 3 SYSTEMPATH\CodeIgniter.php(502): CodeIgniter\CodeIgniter->runController(Object(App\Controllers\Barang))
 4 SYSTEMPATH\CodeIgniter.php(361): CodeIgniter\CodeIgniter->handleRequest(null, Object(Config\Cache), false)
 5 FCPATH\index.php(79): CodeIgniter\CodeIgniter->run()
 6 SYSTEMPATH\Commands\Server\rewrite.php(47): require_once('D:\\simul_coba\\public\\index.php')
CRITICAL - 2023-12-15 07:24:17 --> Invalid file: "template/page_footer.php"
in SYSTEMPATH\Exceptions\FrameworkException.php on line 39.
 1 SYSTEMPATH\View\View.php(216): CodeIgniter\Exceptions\FrameworkException::forInvalidFile('template/page_footer.php')
 2 SYSTEMPATH\View\View.php(244): CodeIgniter\View\View->render('template/page_footer', [], true)
 3 SYSTEMPATH\Common.php(1190): CodeIgniter\View\View->render('barang/form', [], true)
 4 APPPATH\Controllers\Barang.php(47): view('barang/form', [...])
 5 SYSTEMPATH\CodeIgniter.php(942): App\Controllers\Barang->form()
 6 SYSTEMPATH\CodeIgniter.php(502): CodeIgniter\CodeIgniter->runController(Object(App\Controllers\Barang))
 7 SYSTEMPATH\CodeIgniter.php(361): CodeIgniter\CodeIgniter->handleRequest(null, Object(Config\Cache), false)
 8 FCPATH\index.php(79): CodeIgniter\CodeIgniter->run()
 9 SYSTEMPATH\Commands\Server\rewrite.php(47): require_once('D:\\Amikom\\Semester\\Semester 3\\simul_coba\\public\\index.php')
CRITICAL - 2023-12-15 07:24:42 --> Invalid file: "template/page_footer.php"
in SYSTEMPATH\Exceptions\FrameworkException.php on line 39.
 1 SYSTEMPATH\View\View.php(216): CodeIgniter\Exceptions\FrameworkException::forInvalidFile('template/page_footer.php')
 2 SYSTEMPATH\View\View.php(244): CodeIgniter\View\View->render('template/page_footer', [], true)
 3 SYSTEMPATH\Common.php(1190): CodeIgniter\View\View->render('barang/form', [], true)
 4 APPPATH\Controllers\Barang.php(47): view('barang/form', [...])
 5 SYSTEMPATH\CodeIgniter.php(942): App\Controllers\Barang->form()
 6 SYSTEMPATH\CodeIgniter.php(502): CodeIgniter\CodeIgniter->runController(Object(App\Controllers\Barang))
 7 SYSTEMPATH\CodeIgniter.php(361): CodeIgniter\CodeIgniter->handleRequest(null, Object(Config\Cache), false)
 8 FCPATH\index.php(79): CodeIgniter\CodeIgniter->run()
 9 SYSTEMPATH\Commands\Server\rewrite.php(47): require_once('D:\\Amikom\\Semester\\Semester 3\\simul_coba\\public\\index.php')
CRITICAL - 2023-12-15 08:07:55 --> include_once(navigasi.php): Failed to open stream: No such file or directory
in APPPATH\Views\barang\data_alat.php on line 18.
 1 APPPATH\Views\barang\data_alat.php(18): CodeIgniter\Debug\Exceptions->errorHandler(2, 'include_once(navigasi.php): Failed to open stream: No such file or directory', 'D:\\Amikom\\Semester\\Semester 3\\simul_coba\\app\\Views\\barang\\data_alat.php', 18)
 2 APPPATH\Views\barang\data_alat.php(18): include_once()
 3 SYSTEMPATH\View\View.php(228): include('D:\\Amikom\\Semester\\Semester 3\\simul_coba\\app\\Views\\barang\\data_alat.php')
 4 SYSTEMPATH\View\View.php(231): CodeIgniter\View\View->CodeIgniter\View\{closure}()
 5 SYSTEMPATH\Common.php(1190): CodeIgniter\View\View->render('barang/data_alat', [], true)
 6 APPPATH\Controllers\Barang.php(95): view('barang/data_alat')
 7 SYSTEMPATH\CodeIgniter.php(942): App\Controllers\Barang->data_alat()
 8 SYSTEMPATH\CodeIgniter.php(502): CodeIgniter\CodeIgniter->runController(Object(App\Controllers\Barang))
 9 SYSTEMPATH\CodeIgniter.php(361): CodeIgniter\CodeIgniter->handleRequest(null, Object(Config\Cache), false)
10 FCPATH\index.php(79): CodeIgniter\CodeIgniter->run()
11 SYSTEMPATH\Commands\Server\rewrite.php(47): require_once('D:\\Amikom\\Semester\\Semester 3\\simul_coba\\public\\index.php')
CRITICAL - 2023-12-15 08:08:38 --> include_once(koneksi.php): Failed to open stream: No such file or directory
in APPPATH\Views\barang\data_alat.php on line 54.
 1 APPPATH\Views\barang\data_alat.php(54): CodeIgniter\Debug\Exceptions->errorHandler(2, 'include_once(koneksi.php): Failed to open stream: No such file or directory', 'D:\\Amikom\\Semester\\Semester 3\\simul_coba\\app\\Views\\barang\\data_alat.php', 54)
 2 APPPATH\Views\barang\data_alat.php(54): include_once()
 3 SYSTEMPATH\View\View.php(228): include('D:\\Amikom\\Semester\\Semester 3\\simul_coba\\app\\Views\\barang\\data_alat.php')
 4 SYSTEMPATH\View\View.php(231): CodeIgniter\View\View->CodeIgniter\View\{closure}()
 5 SYSTEMPATH\Common.php(1190): CodeIgniter\View\View->render('barang/data_alat', [], true)
 6 APPPATH\Controllers\Barang.php(95): view('barang/data_alat')
 7 SYSTEMPATH\CodeIgniter.php(942): App\Controllers\Barang->data_alat()
 8 SYSTEMPATH\CodeIgniter.php(502): CodeIgniter\CodeIgniter->runController(Object(App\Controllers\Barang))
 9 SYSTEMPATH\CodeIgniter.php(361): CodeIgniter\CodeIgniter->handleRequest(null, Object(Config\Cache), false)
10 FCPATH\index.php(79): CodeIgniter\CodeIgniter->run()
11 SYSTEMPATH\Commands\Server\rewrite.php(47): require_once('D:\\Amikom\\Semester\\Semester 3\\simul_coba\\public\\index.php')
CRITICAL - 2023-12-15 08:08:55 --> Undefined variable $koneksi
in APPPATH\Views\barang\data_alat.php on line 85.
 1 APPPATH\Views\barang\data_alat.php(85): CodeIgniter\Debug\Exceptions->errorHandler(2, 'Undefined variable $koneksi', 'D:\\Amikom\\Semester\\Semester 3\\simul_coba\\app\\Views\\barang\\data_alat.php', 85)
 2 SYSTEMPATH\View\View.php(228): include('D:\\Amikom\\Semester\\Semester 3\\simul_coba\\app\\Views\\barang\\data_alat.php')
 3 SYSTEMPATH\View\View.php(231): CodeIgniter\View\View->CodeIgniter\View\{closure}()
 4 SYSTEMPATH\Common.php(1190): CodeIgniter\View\View->render('barang/data_alat', [], true)
 5 APPPATH\Controllers\Barang.php(95): view('barang/data_alat')
 6 SYSTEMPATH\CodeIgniter.php(942): App\Controllers\Barang->data_alat()
 7 SYSTEMPATH\CodeIgniter.php(502): CodeIgniter\CodeIgniter->runController(Object(App\Controllers\Barang))
 8 SYSTEMPATH\CodeIgniter.php(361): CodeIgniter\CodeIgniter->handleRequest(null, Object(Config\Cache), false)
 9 FCPATH\index.php(79): CodeIgniter\CodeIgniter->run()
10 SYSTEMPATH\Commands\Server\rewrite.php(47): require_once('D:\\Amikom\\Semester\\Semester 3\\simul_coba\\public\\index.php')
CRITICAL - 2023-12-15 08:11:24 --> Undefined variable $koneksi
in APPPATH\Views\barang\data_alat.php on line 85.
 1 APPPATH\Views\barang\data_alat.php(85): CodeIgniter\Debug\Exceptions->errorHandler(2, 'Undefined variable $koneksi', 'D:\\Amikom\\Semester\\Semester 3\\simul_coba\\app\\Views\\barang\\data_alat.php', 85)
 2 SYSTEMPATH\View\View.php(228): include('D:\\Amikom\\Semester\\Semester 3\\simul_coba\\app\\Views\\barang\\data_alat.php')
 3 SYSTEMPATH\View\View.php(231): CodeIgniter\View\View->CodeIgniter\View\{closure}()
 4 SYSTEMPATH\Common.php(1190): CodeIgniter\View\View->render('barang/data_alat', [], true)
 5 APPPATH\Controllers\Barang.php(95): view('barang/data_alat')
 6 SYSTEMPATH\CodeIgniter.php(942): App\Controllers\Barang->data_alat()
 7 SYSTEMPATH\CodeIgniter.php(502): CodeIgniter\CodeIgniter->runController(Object(App\Controllers\Barang))
 8 SYSTEMPATH\CodeIgniter.php(361): CodeIgniter\CodeIgniter->handleRequest(null, Object(Config\Cache), false)
 9 FCPATH\index.php(79): CodeIgniter\CodeIgniter->run()
10 SYSTEMPATH\Commands\Server\rewrite.php(47): require_once('D:\\Amikom\\Semester\\Semester 3\\simul_coba\\public\\index.php')
CRITICAL - 2023-12-15 08:17:41 --> Undefined variable $default_id
in APPPATH\Controllers\Barang.php on line 96.
 1 APPPATH\Controllers\Barang.php(96): CodeIgniter\Debug\Exceptions->errorHandler(2, 'Undefined variable $default_id', 'D:\\Amikom\\Semester\\Semester 3\\simul_coba\\app\\Controllers\\Barang.php', 96)
 2 SYSTEMPATH\CodeIgniter.php(942): App\Controllers\Barang->data_alat()
 3 SYSTEMPATH\CodeIgniter.php(502): CodeIgniter\CodeIgniter->runController(Object(App\Controllers\Barang))
 4 SYSTEMPATH\CodeIgniter.php(361): CodeIgniter\CodeIgniter->handleRequest(null, Object(Config\Cache), false)
 5 FCPATH\index.php(79): CodeIgniter\CodeIgniter->run()
 6 SYSTEMPATH\Commands\Server\rewrite.php(47): require_once('D:\\Amikom\\Semester\\Semester 3\\simul_coba\\public\\index.php')
CRITICAL - 2023-12-15 08:20:40 --> Undefined variable $no
in APPPATH\Views\barang\data_alat.php on line 53.
 1 APPPATH\Views\barang\data_alat.php(53): CodeIgniter\Debug\Exceptions->errorHandler(2, 'Undefined variable $no', 'D:\\Amikom\\Semester\\Semester 3\\simul_coba\\app\\Views\\barang\\data_alat.php', 53)
 2 SYSTEMPATH\View\View.php(228): include('D:\\Amikom\\Semester\\Semester 3\\simul_coba\\app\\Views\\barang\\data_alat.php')
 3 SYSTEMPATH\View\View.php(231): CodeIgniter\View\View->CodeIgniter\View\{closure}()
 4 SYSTEMPATH\Common.php(1190): CodeIgniter\View\View->render('barang/data_alat', [], true)
 5 APPPATH\Controllers\Barang.php(106): view('barang/data_alat', [...])
 6 SYSTEMPATH\CodeIgniter.php(942): App\Controllers\Barang->data_alat()
 7 SYSTEMPATH\CodeIgniter.php(502): CodeIgniter\CodeIgniter->runController(Object(App\Controllers\Barang))
 8 SYSTEMPATH\CodeIgniter.php(361): CodeIgniter\CodeIgniter->handleRequest(null, Object(Config\Cache), false)
 9 FCPATH\index.php(79): CodeIgniter\CodeIgniter->run()
10 SYSTEMPATH\Commands\Server\rewrite.php(47): require_once('D:\\Amikom\\Semester\\Semester 3\\simul_coba\\public\\index.php')
CRITICAL - 2023-12-15 08:20:56 --> Undefined variable $barang
in APPPATH\Views\barang\data_alat.php on line 53.
 1 APPPATH\Views\barang\data_alat.php(53): CodeIgniter\Debug\Exceptions->errorHandler(2, 'Undefined variable $barang', 'D:\\Amikom\\Semester\\Semester 3\\simul_coba\\app\\Views\\barang\\data_alat.php', 53)
 2 SYSTEMPATH\View\View.php(228): include('D:\\Amikom\\Semester\\Semester 3\\simul_coba\\app\\Views\\barang\\data_alat.php')
 3 SYSTEMPATH\View\View.php(231): CodeIgniter\View\View->CodeIgniter\View\{closure}()
 4 SYSTEMPATH\Common.php(1190): CodeIgniter\View\View->render('barang/data_alat', [], true)
 5 APPPATH\Controllers\Barang.php(106): view('barang/data_alat', [...])
 6 SYSTEMPATH\CodeIgniter.php(942): App\Controllers\Barang->data_alat()
 7 SYSTEMPATH\CodeIgniter.php(502): CodeIgniter\CodeIgniter->runController(Object(App\Controllers\Barang))
 8 SYSTEMPATH\CodeIgniter.php(361): CodeIgniter\CodeIgniter->handleRequest(null, Object(Config\Cache), false)
 9 FCPATH\index.php(79): CodeIgniter\CodeIgniter->run()
10 SYSTEMPATH\Commands\Server\rewrite.php(47): require_once('D:\\Amikom\\Semester\\Semester 3\\simul_coba\\public\\index.php')
CRITICAL - 2023-12-15 08:21:38 --> Undefined variable $barang
in APPPATH\Views\barang\data_alat.php on line 53.
 1 APPPATH\Views\barang\data_alat.php(53): CodeIgniter\Debug\Exceptions->errorHandler(2, 'Undefined variable $barang', 'D:\\Amikom\\Semester\\Semester 3\\simul_coba\\app\\Views\\barang\\data_alat.php', 53)
 2 SYSTEMPATH\View\View.php(228): include('D:\\Amikom\\Semester\\Semester 3\\simul_coba\\app\\Views\\barang\\data_alat.php')
 3 SYSTEMPATH\View\View.php(231): CodeIgniter\View\View->CodeIgniter\View\{closure}()
 4 SYSTEMPATH\Common.php(1190): CodeIgniter\View\View->render('barang/data_alat', [], true)
 5 APPPATH\Controllers\Barang.php(106): view('barang/data_alat', [...])
 6 SYSTEMPATH\CodeIgniter.php(942): App\Controllers\Barang->data_alat()
 7 SYSTEMPATH\CodeIgniter.php(502): CodeIgniter\CodeIgniter->runController(Object(App\Controllers\Barang))
 8 SYSTEMPATH\CodeIgniter.php(361): CodeIgniter\CodeIgniter->handleRequest(null, Object(Config\Cache), false)
 9 FCPATH\index.php(79): CodeIgniter\CodeIgniter->run()
10 SYSTEMPATH\Commands\Server\rewrite.php(47): require_once('D:\\Amikom\\Semester\\Semester 3\\simul_coba\\public\\index.php')
CRITICAL - 2023-12-15 08:21:39 --> Undefined variable $barang
in APPPATH\Views\barang\data_alat.php on line 53.
 1 APPPATH\Views\barang\data_alat.php(53): CodeIgniter\Debug\Exceptions->errorHandler(2, 'Undefined variable $barang', 'D:\\Amikom\\Semester\\Semester 3\\simul_coba\\app\\Views\\barang\\data_alat.php', 53)
 2 SYSTEMPATH\View\View.php(228): include('D:\\Amikom\\Semester\\Semester 3\\simul_coba\\app\\Views\\barang\\data_alat.php')
 3 SYSTEMPATH\View\View.php(231): CodeIgniter\View\View->CodeIgniter\View\{closure}()
 4 SYSTEMPATH\Common.php(1190): CodeIgniter\View\View->render('barang/data_alat', [], true)
 5 APPPATH\Controllers\Barang.php(106): view('barang/data_alat', [...])
 6 SYSTEMPATH\CodeIgniter.php(942): App\Controllers\Barang->data_alat()
 7 SYSTEMPATH\CodeIgniter.php(502): CodeIgniter\CodeIgniter->runController(Object(App\Controllers\Barang))
 8 SYSTEMPATH\CodeIgniter.php(361): CodeIgniter\CodeIgniter->handleRequest(null, Object(Config\Cache), false)
 9 FCPATH\index.php(79): CodeIgniter\CodeIgniter->run()
10 SYSTEMPATH\Commands\Server\rewrite.php(47): require_once('D:\\Amikom\\Semester\\Semester 3\\simul_coba\\public\\index.php')
CRITICAL - 2023-12-15 08:22:50 --> Undefined variable $barang
in APPPATH\Views\barang\data_alat.php on line 53.
 1 APPPATH\Views\barang\data_alat.php(53): CodeIgniter\Debug\Exceptions->errorHandler(2, 'Undefined variable $barang', 'D:\\Amikom\\Semester\\Semester 3\\simul_coba\\app\\Views\\barang\\data_alat.php', 53)
 2 SYSTEMPATH\View\View.php(228): include('D:\\Amikom\\Semester\\Semester 3\\simul_coba\\app\\Views\\barang\\data_alat.php')
 3 SYSTEMPATH\View\View.php(231): CodeIgniter\View\View->CodeIgniter\View\{closure}()
 4 SYSTEMPATH\Common.php(1190): CodeIgniter\View\View->render('barang/data_alat', [], true)
 5 APPPATH\Controllers\Barang.php(106): view('barang/data_alat', [...])
 6 SYSTEMPATH\CodeIgniter.php(942): App\Controllers\Barang->data_alat()
 7 SYSTEMPATH\CodeIgniter.php(502): CodeIgniter\CodeIgniter->runController(Object(App\Controllers\Barang))
 8 SYSTEMPATH\CodeIgniter.php(361): CodeIgniter\CodeIgniter->handleRequest(null, Object(Config\Cache), false)
 9 FCPATH\index.php(79): CodeIgniter\CodeIgniter->run()
10 SYSTEMPATH\Commands\Server\rewrite.php(47): require_once('D:\\Amikom\\Semester\\Semester 3\\simul_coba\\public\\index.php')
CRITICAL - 2023-12-15 08:27:46 --> Undefined variable $barang
in APPPATH\Views\barang\data_alat.php on line 53.
 1 APPPATH\Views\barang\data_alat.php(53): CodeIgniter\Debug\Exceptions->errorHandler(2, 'Undefined variable $barang', 'D:\\Amikom\\Semester\\Semester 3\\simul_coba\\app\\Views\\barang\\data_alat.php', 53)
 2 SYSTEMPATH\View\View.php(228): include('D:\\Amikom\\Semester\\Semester 3\\simul_coba\\app\\Views\\barang\\data_alat.php')
 3 SYSTEMPATH\View\View.php(231): CodeIgniter\View\View->CodeIgniter\View\{closure}()
 4 SYSTEMPATH\Common.php(1190): CodeIgniter\View\View->render('barang/data_alat', [], true)
 5 APPPATH\Controllers\Barang.php(113): view('barang/data_alat', [...])
 6 SYSTEMPATH\CodeIgniter.php(942): App\Controllers\Barang->data_alat()
 7 SYSTEMPATH\CodeIgniter.php(502): CodeIgniter\CodeIgniter->runController(Object(App\Controllers\Barang))
 8 SYSTEMPATH\CodeIgniter.php(361): CodeIgniter\CodeIgniter->handleRequest(null, Object(Config\Cache), false)
 9 FCPATH\index.php(79): CodeIgniter\CodeIgniter->run()
10 SYSTEMPATH\Commands\Server\rewrite.php(47): require_once('D:\\Amikom\\Semester\\Semester 3\\simul_coba\\public\\index.php')
CRITICAL - 2023-12-15 08:27:46 --> Undefined variable $barang
in APPPATH\Views\barang\data_alat.php on line 53.
 1 APPPATH\Views\barang\data_alat.php(53): CodeIgniter\Debug\Exceptions->errorHandler(2, 'Undefined variable $barang', 'D:\\Amikom\\Semester\\Semester 3\\simul_coba\\app\\Views\\barang\\data_alat.php', 53)
 2 SYSTEMPATH\View\View.php(228): include('D:\\Amikom\\Semester\\Semester 3\\simul_coba\\app\\Views\\barang\\data_alat.php')
 3 SYSTEMPATH\View\View.php(231): CodeIgniter\View\View->CodeIgniter\View\{closure}()
 4 SYSTEMPATH\Common.php(1190): CodeIgniter\View\View->render('barang/data_alat', [], true)
 5 APPPATH\Controllers\Barang.php(113): view('barang/data_alat', [...])
 6 SYSTEMPATH\CodeIgniter.php(942): App\Controllers\Barang->data_alat()
 7 SYSTEMPATH\CodeIgniter.php(502): CodeIgniter\CodeIgniter->runController(Object(App\Controllers\Barang))
 8 SYSTEMPATH\CodeIgniter.php(361): CodeIgniter\CodeIgniter->handleRequest(null, Object(Config\Cache), false)
 9 FCPATH\index.php(79): CodeIgniter\CodeIgniter->run()
10 SYSTEMPATH\Commands\Server\rewrite.php(47): require_once('D:\\Amikom\\Semester\\Semester 3\\simul_coba\\public\\index.php')
CRITICAL - 2023-12-15 08:29:46 --> Undefined variable $row
in APPPATH\Views\barang\data_alat.php on line 53.
 1 APPPATH\Views\barang\data_alat.php(53): CodeIgniter\Debug\Exceptions->errorHandler(2, 'Undefined variable $row', 'D:\\Amikom\\Semester\\Semester 3\\simul_coba\\app\\Views\\barang\\data_alat.php', 53)
 2 SYSTEMPATH\View\View.php(228): include('D:\\Amikom\\Semester\\Semester 3\\simul_coba\\app\\Views\\barang\\data_alat.php')
 3 SYSTEMPATH\View\View.php(231): CodeIgniter\View\View->CodeIgniter\View\{closure}()
 4 SYSTEMPATH\Common.php(1190): CodeIgniter\View\View->render('barang/data_alat', [], true)
 5 APPPATH\Controllers\Barang.php(113): view('barang/data_alat', [...])
 6 SYSTEMPATH\CodeIgniter.php(942): App\Controllers\Barang->data_alat()
 7 SYSTEMPATH\CodeIgniter.php(502): CodeIgniter\CodeIgniter->runController(Object(App\Controllers\Barang))
 8 SYSTEMPATH\CodeIgniter.php(361): CodeIgniter\CodeIgniter->handleRequest(null, Object(Config\Cache), false)
 9 FCPATH\index.php(79): CodeIgniter\CodeIgniter->run()
10 SYSTEMPATH\Commands\Server\rewrite.php(47): require_once('D:\\Amikom\\Semester\\Semester 3\\simul_coba\\public\\index.php')
CRITICAL - 2023-12-15 08:29:47 --> Undefined variable $row
in APPPATH\Views\barang\data_alat.php on line 53.
 1 APPPATH\Views\barang\data_alat.php(53): CodeIgniter\Debug\Exceptions->errorHandler(2, 'Undefined variable $row', 'D:\\Amikom\\Semester\\Semester 3\\simul_coba\\app\\Views\\barang\\data_alat.php', 53)
 2 SYSTEMPATH\View\View.php(228): include('D:\\Amikom\\Semester\\Semester 3\\simul_coba\\app\\Views\\barang\\data_alat.php')
 3 SYSTEMPATH\View\View.php(231): CodeIgniter\View\View->CodeIgniter\View\{closure}()
 4 SYSTEMPATH\Common.php(1190): CodeIgniter\View\View->render('barang/data_alat', [], true)
 5 APPPATH\Controllers\Barang.php(113): view('barang/data_alat', [...])
 6 SYSTEMPATH\CodeIgniter.php(942): App\Controllers\Barang->data_alat()
 7 SYSTEMPATH\CodeIgniter.php(502): CodeIgniter\CodeIgniter->runController(Object(App\Controllers\Barang))
 8 SYSTEMPATH\CodeIgniter.php(361): CodeIgniter\CodeIgniter->handleRequest(null, Object(Config\Cache), false)
 9 FCPATH\index.php(79): CodeIgniter\CodeIgniter->run()
10 SYSTEMPATH\Commands\Server\rewrite.php(47): require_once('D:\\Amikom\\Semester\\Semester 3\\simul_coba\\public\\index.php')
CRITICAL - 2023-12-15 08:33:21 --> Undefined variable $row
in APPPATH\Views\barang\data_alat.php on line 53.
 1 APPPATH\Views\barang\data_alat.php(53): CodeIgniter\Debug\Exceptions->errorHandler(2, 'Undefined variable $row', 'D:\\Amikom\\Semester\\Semester 3\\simul_coba\\app\\Views\\barang\\data_alat.php', 53)
 2 SYSTEMPATH\View\View.php(228): include('D:\\Amikom\\Semester\\Semester 3\\simul_coba\\app\\Views\\barang\\data_alat.php')
 3 SYSTEMPATH\View\View.php(231): CodeIgniter\View\View->CodeIgniter\View\{closure}()
 4 SYSTEMPATH\Common.php(1190): CodeIgniter\View\View->render('barang/data_alat', [], true)
 5 APPPATH\Controllers\Barang.php(113): view('barang/data_alat', [...])
 6 SYSTEMPATH\CodeIgniter.php(942): App\Controllers\Barang->data_alat()
 7 SYSTEMPATH\CodeIgniter.php(502): CodeIgniter\CodeIgniter->runController(Object(App\Controllers\Barang))
 8 SYSTEMPATH\CodeIgniter.php(361): CodeIgniter\CodeIgniter->handleRequest(null, Object(Config\Cache), false)
 9 FCPATH\index.php(79): CodeIgniter\CodeIgniter->run()
10 SYSTEMPATH\Commands\Server\rewrite.php(47): require_once('D:\\Amikom\\Semester\\Semester 3\\simul_coba\\public\\index.php')
CRITICAL - 2023-12-15 08:33:23 --> Undefined variable $row
in APPPATH\Views\barang\data_alat.php on line 53.
 1 APPPATH\Views\barang\data_alat.php(53): CodeIgniter\Debug\Exceptions->errorHandler(2, 'Undefined variable $row', 'D:\\Amikom\\Semester\\Semester 3\\simul_coba\\app\\Views\\barang\\data_alat.php', 53)
 2 SYSTEMPATH\View\View.php(228): include('D:\\Amikom\\Semester\\Semester 3\\simul_coba\\app\\Views\\barang\\data_alat.php')
 3 SYSTEMPATH\View\View.php(231): CodeIgniter\View\View->CodeIgniter\View\{closure}()
 4 SYSTEMPATH\Common.php(1190): CodeIgniter\View\View->render('barang/data_alat', [], true)
 5 APPPATH\Controllers\Barang.php(113): view('barang/data_alat', [...])
 6 SYSTEMPATH\CodeIgniter.php(942): App\Controllers\Barang->data_alat()
 7 SYSTEMPATH\CodeIgniter.php(502): CodeIgniter\CodeIgniter->runController(Object(App\Controllers\Barang))
 8 SYSTEMPATH\CodeIgniter.php(361): CodeIgniter\CodeIgniter->handleRequest(null, Object(Config\Cache), false)
 9 FCPATH\index.php(79): CodeIgniter\CodeIgniter->run()
10 SYSTEMPATH\Commands\Server\rewrite.php(47): require_once('D:\\Amikom\\Semester\\Semester 3\\simul_coba\\public\\index.php')
CRITICAL - 2023-12-15 08:33:23 --> Undefined variable $row
in APPPATH\Views\barang\data_alat.php on line 53.
 1 APPPATH\Views\barang\data_alat.php(53): CodeIgniter\Debug\Exceptions->errorHandler(2, 'Undefined variable $row', 'D:\\Amikom\\Semester\\Semester 3\\simul_coba\\app\\Views\\barang\\data_alat.php', 53)
 2 SYSTEMPATH\View\View.php(228): include('D:\\Amikom\\Semester\\Semester 3\\simul_coba\\app\\Views\\barang\\data_alat.php')
 3 SYSTEMPATH\View\View.php(231): CodeIgniter\View\View->CodeIgniter\View\{closure}()
 4 SYSTEMPATH\Common.php(1190): CodeIgniter\View\View->render('barang/data_alat', [], true)
 5 APPPATH\Controllers\Barang.php(113): view('barang/data_alat', [...])
 6 SYSTEMPATH\CodeIgniter.php(942): App\Controllers\Barang->data_alat()
 7 SYSTEMPATH\CodeIgniter.php(502): CodeIgniter\CodeIgniter->runController(Object(App\Controllers\Barang))
 8 SYSTEMPATH\CodeIgniter.php(361): CodeIgniter\CodeIgniter->handleRequest(null, Object(Config\Cache), false)
 9 FCPATH\index.php(79): CodeIgniter\CodeIgniter->run()
10 SYSTEMPATH\Commands\Server\rewrite.php(47): require_once('D:\\Amikom\\Semester\\Semester 3\\simul_coba\\public\\index.php')
CRITICAL - 2023-12-15 08:33:23 --> Undefined variable $row
in APPPATH\Views\barang\data_alat.php on line 53.
 1 APPPATH\Views\barang\data_alat.php(53): CodeIgniter\Debug\Exceptions->errorHandler(2, 'Undefined variable $row', 'D:\\Amikom\\Semester\\Semester 3\\simul_coba\\app\\Views\\barang\\data_alat.php', 53)
 2 SYSTEMPATH\View\View.php(228): include('D:\\Amikom\\Semester\\Semester 3\\simul_coba\\app\\Views\\barang\\data_alat.php')
 3 SYSTEMPATH\View\View.php(231): CodeIgniter\View\View->CodeIgniter\View\{closure}()
 4 SYSTEMPATH\Common.php(1190): CodeIgniter\View\View->render('barang/data_alat', [], true)
 5 APPPATH\Controllers\Barang.php(113): view('barang/data_alat', [...])
 6 SYSTEMPATH\CodeIgniter.php(942): App\Controllers\Barang->data_alat()
 7 SYSTEMPATH\CodeIgniter.php(502): CodeIgniter\CodeIgniter->runController(Object(App\Controllers\Barang))
 8 SYSTEMPATH\CodeIgniter.php(361): CodeIgniter\CodeIgniter->handleRequest(null, Object(Config\Cache), false)
 9 FCPATH\index.php(79): CodeIgniter\CodeIgniter->run()
10 SYSTEMPATH\Commands\Server\rewrite.php(47): require_once('D:\\Amikom\\Semester\\Semester 3\\simul_coba\\public\\index.php')
CRITICAL - 2023-12-15 08:33:23 --> Undefined variable $row
in APPPATH\Views\barang\data_alat.php on line 53.
 1 APPPATH\Views\barang\data_alat.php(53): CodeIgniter\Debug\Exceptions->errorHandler(2, 'Undefined variable $row', 'D:\\Amikom\\Semester\\Semester 3\\simul_coba\\app\\Views\\barang\\data_alat.php', 53)
 2 SYSTEMPATH\View\View.php(228): include('D:\\Amikom\\Semester\\Semester 3\\simul_coba\\app\\Views\\barang\\data_alat.php')
 3 SYSTEMPATH\View\View.php(231): CodeIgniter\View\View->CodeIgniter\View\{closure}()
 4 SYSTEMPATH\Common.php(1190): CodeIgniter\View\View->render('barang/data_alat', [], true)
 5 APPPATH\Controllers\Barang.php(113): view('barang/data_alat', [...])
 6 SYSTEMPATH\CodeIgniter.php(942): App\Controllers\Barang->data_alat()
 7 SYSTEMPATH\CodeIgniter.php(502): CodeIgniter\CodeIgniter->runController(Object(App\Controllers\Barang))
 8 SYSTEMPATH\CodeIgniter.php(361): CodeIgniter\CodeIgniter->handleRequest(null, Object(Config\Cache), false)
 9 FCPATH\index.php(79): CodeIgniter\CodeIgniter->run()
10 SYSTEMPATH\Commands\Server\rewrite.php(47): require_once('D:\\Amikom\\Semester\\Semester 3\\simul_coba\\public\\index.php')
CRITICAL - 2023-12-15 08:35:56 --> Undefined variable $data
in APPPATH\Views\barang\data_alat.php on line 52.
 1 APPPATH\Views\barang\data_alat.php(52): CodeIgniter\Debug\Exceptions->errorHandler(2, 'Undefined variable $data', 'D:\\Amikom\\Semester\\Semester 3\\simul_coba\\app\\Views\\barang\\data_alat.php', 52)
 2 SYSTEMPATH\View\View.php(228): include('D:\\Amikom\\Semester\\Semester 3\\simul_coba\\app\\Views\\barang\\data_alat.php')
 3 SYSTEMPATH\View\View.php(231): CodeIgniter\View\View->CodeIgniter\View\{closure}()
 4 SYSTEMPATH\Common.php(1190): CodeIgniter\View\View->render('barang/data_alat', [], true)
 5 APPPATH\Controllers\Barang.php(113): view('barang/data_alat', [...])
 6 SYSTEMPATH\CodeIgniter.php(942): App\Controllers\Barang->data_alat()
 7 SYSTEMPATH\CodeIgniter.php(502): CodeIgniter\CodeIgniter->runController(Object(App\Controllers\Barang))
 8 SYSTEMPATH\CodeIgniter.php(361): CodeIgniter\CodeIgniter->handleRequest(null, Object(Config\Cache), false)
 9 FCPATH\index.php(79): CodeIgniter\CodeIgniter->run()
10 SYSTEMPATH\Commands\Server\rewrite.php(47): require_once('D:\\Amikom\\Semester\\Semester 3\\simul_coba\\public\\index.php')
CRITICAL - 2023-12-15 08:35:57 --> Undefined variable $data
in APPPATH\Views\barang\data_alat.php on line 52.
 1 APPPATH\Views\barang\data_alat.php(52): CodeIgniter\Debug\Exceptions->errorHandler(2, 'Undefined variable $data', 'D:\\Amikom\\Semester\\Semester 3\\simul_coba\\app\\Views\\barang\\data_alat.php', 52)
 2 SYSTEMPATH\View\View.php(228): include('D:\\Amikom\\Semester\\Semester 3\\simul_coba\\app\\Views\\barang\\data_alat.php')
 3 SYSTEMPATH\View\View.php(231): CodeIgniter\View\View->CodeIgniter\View\{closure}()
 4 SYSTEMPATH\Common.php(1190): CodeIgniter\View\View->render('barang/data_alat', [], true)
 5 APPPATH\Controllers\Barang.php(113): view('barang/data_alat', [...])
 6 SYSTEMPATH\CodeIgniter.php(942): App\Controllers\Barang->data_alat()
 7 SYSTEMPATH\CodeIgniter.php(502): CodeIgniter\CodeIgniter->runController(Object(App\Controllers\Barang))
 8 SYSTEMPATH\CodeIgniter.php(361): CodeIgniter\CodeIgniter->handleRequest(null, Object(Config\Cache), false)
 9 FCPATH\index.php(79): CodeIgniter\CodeIgniter->run()
10 SYSTEMPATH\Commands\Server\rewrite.php(47): require_once('D:\\Amikom\\Semester\\Semester 3\\simul_coba\\public\\index.php')
CRITICAL - 2023-12-15 08:37:39 --> view(): Argument #2 ($data) must be of type array, CodeIgniter\Database\MySQLi\Result given, called in D:\Amikom\Semester\Semester 3\simul_coba\app\Controllers\Barang.php on line 112
in SYSTEMPATH\Common.php on line 1178.
 1 APPPATH\Controllers\Barang.php(112): view('barang/data_alat', Object(CodeIgniter\Database\MySQLi\Result))
 2 SYSTEMPATH\CodeIgniter.php(942): App\Controllers\Barang->data_alat()
 3 SYSTEMPATH\CodeIgniter.php(502): CodeIgniter\CodeIgniter->runController(Object(App\Controllers\Barang))
 4 SYSTEMPATH\CodeIgniter.php(361): CodeIgniter\CodeIgniter->handleRequest(null, Object(Config\Cache), false)
 5 FCPATH\index.php(79): CodeIgniter\CodeIgniter->run()
 6 SYSTEMPATH\Commands\Server\rewrite.php(47): require_once('D:\\Amikom\\Semester\\Semester 3\\simul_coba\\public\\index.php')
CRITICAL - 2023-12-15 08:37:41 --> view(): Argument #2 ($data) must be of type array, CodeIgniter\Database\MySQLi\Result given, called in D:\Amikom\Semester\Semester 3\simul_coba\app\Controllers\Barang.php on line 112
in SYSTEMPATH\Common.php on line 1178.
 1 APPPATH\Controllers\Barang.php(112): view('barang/data_alat', Object(CodeIgniter\Database\MySQLi\Result))
 2 SYSTEMPATH\CodeIgniter.php(942): App\Controllers\Barang->data_alat()
 3 SYSTEMPATH\CodeIgniter.php(502): CodeIgniter\CodeIgniter->runController(Object(App\Controllers\Barang))
 4 SYSTEMPATH\CodeIgniter.php(361): CodeIgniter\CodeIgniter->handleRequest(null, Object(Config\Cache), false)
 5 FCPATH\index.php(79): CodeIgniter\CodeIgniter->run()
 6 SYSTEMPATH\Commands\Server\rewrite.php(47): require_once('D:\\Amikom\\Semester\\Semester 3\\simul_coba\\public\\index.php')
CRITICAL - 2023-12-15 08:38:32 --> Undefined variable $data_view
in APPPATH\Views\barang\data_alat.php on line 52.
 1 APPPATH\Views\barang\data_alat.php(52): CodeIgniter\Debug\Exceptions->errorHandler(2, 'Undefined variable $data_view', 'D:\\Amikom\\Semester\\Semester 3\\simul_coba\\app\\Views\\barang\\data_alat.php', 52)
 2 SYSTEMPATH\View\View.php(228): include('D:\\Amikom\\Semester\\Semester 3\\simul_coba\\app\\Views\\barang\\data_alat.php')
 3 SYSTEMPATH\View\View.php(231): CodeIgniter\View\View->CodeIgniter\View\{closure}()
 4 SYSTEMPATH\Common.php(1190): CodeIgniter\View\View->render('barang/data_alat', [], true)
 5 APPPATH\Controllers\Barang.php(112): view('barang/data_alat', [...])
 6 SYSTEMPATH\CodeIgniter.php(942): App\Controllers\Barang->data_alat()
 7 SYSTEMPATH\CodeIgniter.php(502): CodeIgniter\CodeIgniter->runController(Object(App\Controllers\Barang))
 8 SYSTEMPATH\CodeIgniter.php(361): CodeIgniter\CodeIgniter->handleRequest(null, Object(Config\Cache), false)
 9 FCPATH\index.php(79): CodeIgniter\CodeIgniter->run()
10 SYSTEMPATH\Commands\Server\rewrite.php(47): require_once('D:\\Amikom\\Semester\\Semester 3\\simul_coba\\public\\index.php')
CRITICAL - 2023-12-15 08:39:28 --> Undefined variable $data
in APPPATH\Views\barang\data_alat.php on line 52.
 1 APPPATH\Views\barang\data_alat.php(52): CodeIgniter\Debug\Exceptions->errorHandler(2, 'Undefined variable $data', 'D:\\Amikom\\Semester\\Semester 3\\simul_coba\\app\\Views\\barang\\data_alat.php', 52)
 2 SYSTEMPATH\View\View.php(228): include('D:\\Amikom\\Semester\\Semester 3\\simul_coba\\app\\Views\\barang\\data_alat.php')
 3 SYSTEMPATH\View\View.php(231): CodeIgniter\View\View->CodeIgniter\View\{closure}()
 4 SYSTEMPATH\Common.php(1190): CodeIgniter\View\View->render('barang/data_alat', [], true)
 5 APPPATH\Controllers\Barang.php(112): view('barang/data_alat', [...])
 6 SYSTEMPATH\CodeIgniter.php(942): App\Controllers\Barang->data_alat()
 7 SYSTEMPATH\CodeIgniter.php(502): CodeIgniter\CodeIgniter->runController(Object(App\Controllers\Barang))
 8 SYSTEMPATH\CodeIgniter.php(361): CodeIgniter\CodeIgniter->handleRequest(null, Object(Config\Cache), false)
 9 FCPATH\index.php(79): CodeIgniter\CodeIgniter->run()
10 SYSTEMPATH\Commands\Server\rewrite.php(47): require_once('D:\\Amikom\\Semester\\Semester 3\\simul_coba\\public\\index.php')
CRITICAL - 2023-12-15 08:39:50 --> Undefined variable $barang
in APPPATH\Views\barang\data_alat.php on line 59.
 1 APPPATH\Views\barang\data_alat.php(59): CodeIgniter\Debug\Exceptions->errorHandler(2, 'Undefined variable $barang', 'D:\\Amikom\\Semester\\Semester 3\\simul_coba\\app\\Views\\barang\\data_alat.php', 59)
 2 SYSTEMPATH\View\View.php(228): include('D:\\Amikom\\Semester\\Semester 3\\simul_coba\\app\\Views\\barang\\data_alat.php')
 3 SYSTEMPATH\View\View.php(231): CodeIgniter\View\View->CodeIgniter\View\{closure}()
 4 SYSTEMPATH\Common.php(1190): CodeIgniter\View\View->render('barang/data_alat', [], true)
 5 APPPATH\Controllers\Barang.php(107): view('barang/data_alat', [...])
 6 SYSTEMPATH\CodeIgniter.php(942): App\Controllers\Barang->data_alat()
 7 SYSTEMPATH\CodeIgniter.php(502): CodeIgniter\CodeIgniter->runController(Object(App\Controllers\Barang))
 8 SYSTEMPATH\CodeIgniter.php(361): CodeIgniter\CodeIgniter->handleRequest(null, Object(Config\Cache), false)
 9 FCPATH\index.php(79): CodeIgniter\CodeIgniter->run()
10 SYSTEMPATH\Commands\Server\rewrite.php(47): require_once('D:\\Amikom\\Semester\\Semester 3\\simul_coba\\public\\index.php')
CRITICAL - 2023-12-15 08:39:51 --> Undefined variable $barang
in APPPATH\Views\barang\data_alat.php on line 59.
 1 APPPATH\Views\barang\data_alat.php(59): CodeIgniter\Debug\Exceptions->errorHandler(2, 'Undefined variable $barang', 'D:\\Amikom\\Semester\\Semester 3\\simul_coba\\app\\Views\\barang\\data_alat.php', 59)
 2 SYSTEMPATH\View\View.php(228): include('D:\\Amikom\\Semester\\Semester 3\\simul_coba\\app\\Views\\barang\\data_alat.php')
 3 SYSTEMPATH\View\View.php(231): CodeIgniter\View\View->CodeIgniter\View\{closure}()
 4 SYSTEMPATH\Common.php(1190): CodeIgniter\View\View->render('barang/data_alat', [], true)
 5 APPPATH\Controllers\Barang.php(107): view('barang/data_alat', [...])
 6 SYSTEMPATH\CodeIgniter.php(942): App\Controllers\Barang->data_alat()
 7 SYSTEMPATH\CodeIgniter.php(502): CodeIgniter\CodeIgniter->runController(Object(App\Controllers\Barang))
 8 SYSTEMPATH\CodeIgniter.php(361): CodeIgniter\CodeIgniter->handleRequest(null, Object(Config\Cache), false)
 9 FCPATH\index.php(79): CodeIgniter\CodeIgniter->run()
10 SYSTEMPATH\Commands\Server\rewrite.php(47): require_once('D:\\Amikom\\Semester\\Semester 3\\simul_coba\\public\\index.php')
CRITICAL - 2023-12-15 08:41:06 --> Undefined variable $barang
in APPPATH\Views\barang\data_alat.php on line 59.
 1 APPPATH\Views\barang\data_alat.php(59): CodeIgniter\Debug\Exceptions->errorHandler(2, 'Undefined variable $barang', 'D:\\Amikom\\Semester\\Semester 3\\simul_coba\\app\\Views\\barang\\data_alat.php', 59)
 2 SYSTEMPATH\View\View.php(228): include('D:\\Amikom\\Semester\\Semester 3\\simul_coba\\app\\Views\\barang\\data_alat.php')
 3 SYSTEMPATH\View\View.php(231): CodeIgniter\View\View->CodeIgniter\View\{closure}()
 4 SYSTEMPATH\Common.php(1190): CodeIgniter\View\View->render('barang/data_alat', [], true)
 5 APPPATH\Controllers\Barang.php(107): view('barang/data_alat', [...])
 6 SYSTEMPATH\CodeIgniter.php(942): App\Controllers\Barang->data_alat()
 7 SYSTEMPATH\CodeIgniter.php(502): CodeIgniter\CodeIgniter->runController(Object(App\Controllers\Barang))
 8 SYSTEMPATH\CodeIgniter.php(361): CodeIgniter\CodeIgniter->handleRequest(null, Object(Config\Cache), false)
 9 FCPATH\index.php(79): CodeIgniter\CodeIgniter->run()
10 SYSTEMPATH\Commands\Server\rewrite.php(47): require_once('D:\\Amikom\\Semester\\Semester 3\\simul_coba\\public\\index.php')
CRITICAL - 2023-12-15 08:41:07 --> Undefined variable $barang
in APPPATH\Views\barang\data_alat.php on line 59.
 1 APPPATH\Views\barang\data_alat.php(59): CodeIgniter\Debug\Exceptions->errorHandler(2, 'Undefined variable $barang', 'D:\\Amikom\\Semester\\Semester 3\\simul_coba\\app\\Views\\barang\\data_alat.php', 59)
 2 SYSTEMPATH\View\View.php(228): include('D:\\Amikom\\Semester\\Semester 3\\simul_coba\\app\\Views\\barang\\data_alat.php')
 3 SYSTEMPATH\View\View.php(231): CodeIgniter\View\View->CodeIgniter\View\{closure}()
 4 SYSTEMPATH\Common.php(1190): CodeIgniter\View\View->render('barang/data_alat', [], true)
 5 APPPATH\Controllers\Barang.php(107): view('barang/data_alat', [...])
 6 SYSTEMPATH\CodeIgniter.php(942): App\Controllers\Barang->data_alat()
 7 SYSTEMPATH\CodeIgniter.php(502): CodeIgniter\CodeIgniter->runController(Object(App\Controllers\Barang))
 8 SYSTEMPATH\CodeIgniter.php(361): CodeIgniter\CodeIgniter->handleRequest(null, Object(Config\Cache), false)
 9 FCPATH\index.php(79): CodeIgniter\CodeIgniter->run()
10 SYSTEMPATH\Commands\Server\rewrite.php(47): require_once('D:\\Amikom\\Semester\\Semester 3\\simul_coba\\public\\index.php')
CRITICAL - 2023-12-15 08:41:08 --> Undefined variable $barang
in APPPATH\Views\barang\data_alat.php on line 59.
 1 APPPATH\Views\barang\data_alat.php(59): CodeIgniter\Debug\Exceptions->errorHandler(2, 'Undefined variable $barang', 'D:\\Amikom\\Semester\\Semester 3\\simul_coba\\app\\Views\\barang\\data_alat.php', 59)
 2 SYSTEMPATH\View\View.php(228): include('D:\\Amikom\\Semester\\Semester 3\\simul_coba\\app\\Views\\barang\\data_alat.php')
 3 SYSTEMPATH\View\View.php(231): CodeIgniter\View\View->CodeIgniter\View\{closure}()
 4 SYSTEMPATH\Common.php(1190): CodeIgniter\View\View->render('barang/data_alat', [], true)
 5 APPPATH\Controllers\Barang.php(107): view('barang/data_alat', [...])
 6 SYSTEMPATH\CodeIgniter.php(942): App\Controllers\Barang->data_alat()
 7 SYSTEMPATH\CodeIgniter.php(502): CodeIgniter\CodeIgniter->runController(Object(App\Controllers\Barang))
 8 SYSTEMPATH\CodeIgniter.php(361): CodeIgniter\CodeIgniter->handleRequest(null, Object(Config\Cache), false)
 9 FCPATH\index.php(79): CodeIgniter\CodeIgniter->run()
10 SYSTEMPATH\Commands\Server\rewrite.php(47): require_once('D:\\Amikom\\Semester\\Semester 3\\simul_coba\\public\\index.php')
CRITICAL - 2023-12-15 08:41:51 --> Undefined property: stdClass::$id
in APPPATH\Views\barang\data_alat.php on line 60.
 1 APPPATH\Views\barang\data_alat.php(60): CodeIgniter\Debug\Exceptions->errorHandler(2, 'Undefined property: stdClass::$id', 'D:\\Amikom\\Semester\\Semester 3\\simul_coba\\app\\Views\\barang\\data_alat.php', 60)
 2 SYSTEMPATH\View\View.php(228): include('D:\\Amikom\\Semester\\Semester 3\\simul_coba\\app\\Views\\barang\\data_alat.php')
 3 SYSTEMPATH\View\View.php(231): CodeIgniter\View\View->CodeIgniter\View\{closure}()
 4 SYSTEMPATH\Common.php(1190): CodeIgniter\View\View->render('barang/data_alat', [], true)
 5 APPPATH\Controllers\Barang.php(107): view('barang/data_alat', [...])
 6 SYSTEMPATH\CodeIgniter.php(942): App\Controllers\Barang->data_alat()
 7 SYSTEMPATH\CodeIgniter.php(502): CodeIgniter\CodeIgniter->runController(Object(App\Controllers\Barang))
 8 SYSTEMPATH\CodeIgniter.php(361): CodeIgniter\CodeIgniter->handleRequest(null, Object(Config\Cache), false)
 9 FCPATH\index.php(79): CodeIgniter\CodeIgniter->run()
10 SYSTEMPATH\Commands\Server\rewrite.php(47): require_once('D:\\Amikom\\Semester\\Semester 3\\simul_coba\\public\\index.php')
CRITICAL - 2023-12-15 09:00:32 --> Undefined variable $data
in APPPATH\Views\barang\form.php on line 38.
 1 APPPATH\Views\barang\form.php(38): CodeIgniter\Debug\Exceptions->errorHandler(2, 'Undefined variable $data', 'D:\\Amikom\\Semester\\Semester 3\\simul_coba\\app\\Views\\barang\\form.php', 38)
 2 SYSTEMPATH\View\View.php(228): include('D:\\Amikom\\Semester\\Semester 3\\simul_coba\\app\\Views\\barang\\form.php')
 3 SYSTEMPATH\View\View.php(231): CodeIgniter\View\View->CodeIgniter\View\{closure}()
 4 SYSTEMPATH\Common.php(1190): CodeIgniter\View\View->render('barang/form', [], true)
 5 APPPATH\Controllers\Barang.php(47): view('barang/form', [...])
 6 SYSTEMPATH\CodeIgniter.php(942): App\Controllers\Barang->form()
 7 SYSTEMPATH\CodeIgniter.php(502): CodeIgniter\CodeIgniter->runController(Object(App\Controllers\Barang))
 8 SYSTEMPATH\CodeIgniter.php(361): CodeIgniter\CodeIgniter->handleRequest(null, Object(Config\Cache), false)
 9 FCPATH\index.php(79): CodeIgniter\CodeIgniter->run()
10 SYSTEMPATH\Commands\Server\rewrite.php(47): require_once('D:\\Amikom\\Semester\\Semester 3\\simul_coba\\public\\index.php')
CRITICAL - 2023-12-15 09:39:51 --> Class "App\Models\PenyewaModel" not found
in APPPATH\Controllers\Penyewa.php on line 11.
 1 SYSTEMPATH\CodeIgniter.php(914): App\Controllers\Penyewa->__construct()
 2 SYSTEMPATH\CodeIgniter.php(493): CodeIgniter\CodeIgniter->createController()
 3 SYSTEMPATH\CodeIgniter.php(361): CodeIgniter\CodeIgniter->handleRequest(null, Object(Config\Cache), false)
 4 FCPATH\index.php(79): CodeIgniter\CodeIgniter->run()
 5 SYSTEMPATH\Commands\Server\rewrite.php(47): require_once('D:\\Amikom\\Semester\\Semester 3\\simul_coba\\public\\index.php')
CRITICAL - 2023-12-15 09:40:58 --> Class "App\Models\PenyewaModel" not found
in APPPATH\Controllers\Penyewa.php on line 11.
 1 SYSTEMPATH\CodeIgniter.php(914): App\Controllers\Penyewa->__construct()
 2 SYSTEMPATH\CodeIgniter.php(493): CodeIgniter\CodeIgniter->createController()
 3 SYSTEMPATH\CodeIgniter.php(361): CodeIgniter\CodeIgniter->handleRequest(null, Object(Config\Cache), false)
 4 FCPATH\index.php(79): CodeIgniter\CodeIgniter->run()
 5 SYSTEMPATH\Commands\Server\rewrite.php(47): require_once('D:\\Amikom\\Semester\\Semester 3\\simul_coba\\public\\index.php')
CRITICAL - 2023-12-15 09:41:27 --> Undefined variable $arr_bpenyewa
in APPPATH\Controllers\Penyewa.php on line 99.
 1 APPPATH\Controllers\Penyewa.php(99): CodeIgniter\Debug\Exceptions->errorHandler(2, 'Undefined variable $arr_bpenyewa', 'D:\\Amikom\\Semester\\Semester 3\\simul_coba\\app\\Controllers\\Penyewa.php', 99)
 2 SYSTEMPATH\CodeIgniter.php(942): App\Controllers\Penyewa->data_penyewa()
 3 SYSTEMPATH\CodeIgniter.php(502): CodeIgniter\CodeIgniter->runController(Object(App\Controllers\Penyewa))
 4 SYSTEMPATH\CodeIgniter.php(361): CodeIgniter\CodeIgniter->handleRequest(null, Object(Config\Cache), false)
 5 FCPATH\index.php(79): CodeIgniter\CodeIgniter->run()
 6 SYSTEMPATH\Commands\Server\rewrite.php(47): require_once('D:\\Amikom\\Semester\\Semester 3\\simul_coba\\public\\index.php')
CRITICAL - 2023-12-15 09:42:06 --> Invalid file: "penyewa/data_penyewa.php"
in SYSTEMPATH\Exceptions\FrameworkException.php on line 39.
 1 SYSTEMPATH\View\View.php(216): CodeIgniter\Exceptions\FrameworkException::forInvalidFile('penyewa/data_penyewa.php')
 2 SYSTEMPATH\Common.php(1190): CodeIgniter\View\View->render('penyewa/data_penyewa', [], true)
 3 APPPATH\Controllers\Penyewa.php(107): view('penyewa/data_penyewa', [...])
 4 SYSTEMPATH\CodeIgniter.php(942): App\Controllers\Penyewa->data_penyewa()
 5 SYSTEMPATH\CodeIgniter.php(502): CodeIgniter\CodeIgniter->runController(Object(App\Controllers\Penyewa))
 6 SYSTEMPATH\CodeIgniter.php(361): CodeIgniter\CodeIgniter->handleRequest(null, Object(Config\Cache), false)
 7 FCPATH\index.php(79): CodeIgniter\CodeIgniter->run()
 8 SYSTEMPATH\Commands\Server\rewrite.php(47): require_once('D:\\Amikom\\Semester\\Semester 3\\simul_coba\\public\\index.php')
CRITICAL - 2023-12-15 09:43:36 --> Invalid file: "penyewa/data_penyewa.php"
in SYSTEMPATH\Exceptions\FrameworkException.php on line 39.
 1 SYSTEMPATH\View\View.php(216): CodeIgniter\Exceptions\FrameworkException::forInvalidFile('penyewa/data_penyewa.php')
 2 SYSTEMPATH\Common.php(1190): CodeIgniter\View\View->render('penyewa/data_penyewa', [], true)
 3 APPPATH\Controllers\Penyewa.php(107): view('penyewa/data_penyewa', [...])
 4 SYSTEMPATH\CodeIgniter.php(942): App\Controllers\Penyewa->data_penyewa()
 5 SYSTEMPATH\CodeIgniter.php(502): CodeIgniter\CodeIgniter->runController(Object(App\Controllers\Penyewa))
 6 SYSTEMPATH\CodeIgniter.php(361): CodeIgniter\CodeIgniter->handleRequest(null, Object(Config\Cache), false)
 7 FCPATH\index.php(79): CodeIgniter\CodeIgniter->run()
 8 SYSTEMPATH\Commands\Server\rewrite.php(47): require_once('D:\\Amikom\\Semester\\Semester 3\\simul_coba\\public\\index.php')
CRITICAL - 2023-12-15 09:44:01 --> Invalid file: "penyewa/data_penyewa.php"
in SYSTEMPATH\Exceptions\FrameworkException.php on line 39.
 1 SYSTEMPATH\View\View.php(216): CodeIgniter\Exceptions\FrameworkException::forInvalidFile('penyewa/data_penyewa.php')
 2 SYSTEMPATH\Common.php(1190): CodeIgniter\View\View->render('penyewa/data_penyewa', [], true)
 3 APPPATH\Controllers\Penyewa.php(107): view('penyewa/data_penyewa', [...])
 4 SYSTEMPATH\CodeIgniter.php(942): App\Controllers\Penyewa->data_penyewa()
 5 SYSTEMPATH\CodeIgniter.php(502): CodeIgniter\CodeIgniter->runController(Object(App\Controllers\Penyewa))
 6 SYSTEMPATH\CodeIgniter.php(361): CodeIgniter\CodeIgniter->handleRequest(null, Object(Config\Cache), false)
 7 FCPATH\index.php(79): CodeIgniter\CodeIgniter->run()
 8 SYSTEMPATH\Commands\Server\rewrite.php(47): require_once('D:\\Amikom\\Semester\\Semester 3\\simul_coba\\public\\index.php')
CRITICAL - 2023-12-15 09:44:47 --> Undefined property: stdClass::$id_barang
in APPPATH\Views\barang\data_penyewa.php on line 52.
 1 APPPATH\Views\barang\data_penyewa.php(52): CodeIgniter\Debug\Exceptions->errorHandler(2, 'Undefined property: stdClass::$id_barang', 'D:\\Amikom\\Semester\\Semester 3\\simul_coba\\app\\Views\\barang\\data_penyewa.php', 52)
 2 SYSTEMPATH\View\View.php(228): include('D:\\Amikom\\Semester\\Semester 3\\simul_coba\\app\\Views\\barang\\data_penyewa.php')
 3 SYSTEMPATH\View\View.php(231): CodeIgniter\View\View->CodeIgniter\View\{closure}()
 4 SYSTEMPATH\Common.php(1190): CodeIgniter\View\View->render('barang/data_penyewa', [], true)
 5 APPPATH\Controllers\Penyewa.php(107): view('barang/data_penyewa', [...])
 6 SYSTEMPATH\CodeIgniter.php(942): App\Controllers\Penyewa->data_penyewa()
 7 SYSTEMPATH\CodeIgniter.php(502): CodeIgniter\CodeIgniter->runController(Object(App\Controllers\Penyewa))
 8 SYSTEMPATH\CodeIgniter.php(361): CodeIgniter\CodeIgniter->handleRequest(null, Object(Config\Cache), false)
 9 FCPATH\index.php(79): CodeIgniter\CodeIgniter->run()
10 SYSTEMPATH\Commands\Server\rewrite.php(47): require_once('D:\\Amikom\\Semester\\Semester 3\\simul_coba\\public\\index.php')
CRITICAL - 2023-12-15 12:37:37 --> Undefined property: stdClass::$id_produk
in APPPATH\Views\penyewa\data_penyewa.php on line 49.
 1 APPPATH\Views\penyewa\data_penyewa.php(49): CodeIgniter\Debug\Exceptions->errorHandler(2, 'Undefined property: stdClass::$id_produk', 'D:\\AMIKOM\\Sem 3\\Matkul WebProg 2\\FINAL PROJECT\\simul_coba\\app\\Views\\penyewa\\data_penyewa.php', 49)
 2 SYSTEMPATH\View\View.php(228): include('D:\\AMIKOM\\Sem 3\\Matkul WebProg 2\\FINAL PROJECT\\simul_coba\\app\\Views\\penyewa\\data_penyewa.php')
 3 SYSTEMPATH\View\View.php(231): CodeIgniter\View\View->CodeIgniter\View\{closure}()
 4 SYSTEMPATH\Common.php(1190): CodeIgniter\View\View->render('penyewa/data_penyewa', [], true)
 5 APPPATH\Controllers\Penyewa.php(107): view('penyewa/data_penyewa', [...])
 6 SYSTEMPATH\CodeIgniter.php(942): App\Controllers\Penyewa->data_penyewa()
 7 SYSTEMPATH\CodeIgniter.php(502): CodeIgniter\CodeIgniter->runController(Object(App\Controllers\Penyewa))
 8 SYSTEMPATH\CodeIgniter.php(361): CodeIgniter\CodeIgniter->handleRequest(null, Object(Config\Cache), false)
 9 FCPATH\index.php(79): CodeIgniter\CodeIgniter->run()
10 SYSTEMPATH\Commands\Server\rewrite.php(47): require_once('D:\\AMIKOM\\Sem 3\\Matkul WebProg 2\\FINAL PROJECT\\simul_coba\\public\\index.php')
CRITICAL - 2023-12-15 12:44:59 --> Undefined variable $default_id
in APPPATH\Controllers\Penyewa.php on line 41.
 1 APPPATH\Controllers\Penyewa.php(41): CodeIgniter\Debug\Exceptions->errorHandler(2, 'Undefined variable $default_id', 'D:\\AMIKOM\\Sem 3\\Matkul WebProg 2\\FINAL PROJECT\\simul_coba\\app\\Controllers\\Penyewa.php', 41)
 2 SYSTEMPATH\CodeIgniter.php(942): App\Controllers\Penyewa->form_penyewa()
 3 SYSTEMPATH\CodeIgniter.php(502): CodeIgniter\CodeIgniter->runController(Object(App\Controllers\Penyewa))
 4 SYSTEMPATH\CodeIgniter.php(361): CodeIgniter\CodeIgniter->handleRequest(null, Object(Config\Cache), false)
 5 FCPATH\index.php(79): CodeIgniter\CodeIgniter->run()
 6 SYSTEMPATH\Commands\Server\rewrite.php(47): require_once('D:\\AMIKOM\\Sem 3\\Matkul WebProg 2\\FINAL PROJECT\\simul_coba\\public\\index.php')
CRITICAL - 2023-12-15 13:43:21 --> Undefined variable $default_hp
in APPPATH\Views\penyewa\form_penyewa.php on line 34.
 1 APPPATH\Views\penyewa\form_penyewa.php(34): CodeIgniter\Debug\Exceptions->errorHandler(2, 'Undefined variable $default_hp', 'D:\\AMIKOM\\Sem 3\\Matkul WebProg 2\\FINAL PROJECT\\simul_coba\\app\\Views\\penyewa\\form_penyewa.php', 34)
 2 SYSTEMPATH\View\View.php(228): include('D:\\AMIKOM\\Sem 3\\Matkul WebProg 2\\FINAL PROJECT\\simul_coba\\app\\Views\\penyewa\\form_penyewa.php')
 3 SYSTEMPATH\View\View.php(231): CodeIgniter\View\View->CodeIgniter\View\{closure}()
 4 SYSTEMPATH\Common.php(1190): CodeIgniter\View\View->render('penyewa/form_penyewa', [], true)
 5 APPPATH\Controllers\Penyewa.php(131): view('penyewa/form_penyewa', [...])
 6 SYSTEMPATH\CodeIgniter.php(942): App\Controllers\Penyewa->ubah()
 7 SYSTEMPATH\CodeIgniter.php(502): CodeIgniter\CodeIgniter->runController(Object(App\Controllers\Penyewa))
 8 SYSTEMPATH\CodeIgniter.php(361): CodeIgniter\CodeIgniter->handleRequest(null, Object(Config\Cache), false)
 9 FCPATH\index.php(79): CodeIgniter\CodeIgniter->run()
10 SYSTEMPATH\Commands\Server\rewrite.php(47): require_once('D:\\AMIKOM\\Sem 3\\Matkul WebProg 2\\FINAL PROJECT\\simul_coba\\public\\index.php')
CRITICAL - 2023-12-15 13:47:41 --> Undefined variable $default_hp
in APPPATH\Views\penyewa\form_penyewa.php on line 34.
 1 APPPATH\Views\penyewa\form_penyewa.php(34): CodeIgniter\Debug\Exceptions->errorHandler(2, 'Undefined variable $default_hp', 'D:\\AMIKOM\\Sem 3\\Matkul WebProg 2\\FINAL PROJECT\\simul_coba\\app\\Views\\penyewa\\form_penyewa.php', 34)
 2 SYSTEMPATH\View\View.php(228): include('D:\\AMIKOM\\Sem 3\\Matkul WebProg 2\\FINAL PROJECT\\simul_coba\\app\\Views\\penyewa\\form_penyewa.php')
 3 SYSTEMPATH\View\View.php(231): CodeIgniter\View\View->CodeIgniter\View\{closure}()
 4 SYSTEMPATH\Common.php(1190): CodeIgniter\View\View->render('penyewa/form_penyewa', [], true)
 5 APPPATH\Controllers\Penyewa.php(131): view('penyewa/form_penyewa', [...])
 6 SYSTEMPATH\CodeIgniter.php(942): App\Controllers\Penyewa->ubah()
 7 SYSTEMPATH\CodeIgniter.php(502): CodeIgniter\CodeIgniter->runController(Object(App\Controllers\Penyewa))
 8 SYSTEMPATH\CodeIgniter.php(361): CodeIgniter\CodeIgniter->handleRequest(null, Object(Config\Cache), false)
 9 FCPATH\index.php(79): CodeIgniter\CodeIgniter->run()
10 SYSTEMPATH\Commands\Server\rewrite.php(47): require_once('D:\\AMIKOM\\Sem 3\\Matkul WebProg 2\\FINAL PROJECT\\simul_coba\\public\\index.php')
CRITICAL - 2023-12-15 13:48:41 --> Undefined variable $default_hp
in APPPATH\Views\penyewa\form_penyewa.php on line 34.
 1 APPPATH\Views\penyewa\form_penyewa.php(34): CodeIgniter\Debug\Exceptions->errorHandler(2, 'Undefined variable $default_hp', 'D:\\AMIKOM\\Sem 3\\Matkul WebProg 2\\FINAL PROJECT\\simul_coba\\app\\Views\\penyewa\\form_penyewa.php', 34)
 2 SYSTEMPATH\View\View.php(228): include('D:\\AMIKOM\\Sem 3\\Matkul WebProg 2\\FINAL PROJECT\\simul_coba\\app\\Views\\penyewa\\form_penyewa.php')
 3 SYSTEMPATH\View\View.php(231): CodeIgniter\View\View->CodeIgniter\View\{closure}()
 4 SYSTEMPATH\Common.php(1190): CodeIgniter\View\View->render('penyewa/form_penyewa', [], true)
 5 APPPATH\Controllers\Penyewa.php(131): view('penyewa/form_penyewa', [...])
 6 SYSTEMPATH\CodeIgniter.php(942): App\Controllers\Penyewa->ubah()
 7 SYSTEMPATH\CodeIgniter.php(502): CodeIgniter\CodeIgniter->runController(Object(App\Controllers\Penyewa))
 8 SYSTEMPATH\CodeIgniter.php(361): CodeIgniter\CodeIgniter->handleRequest(null, Object(Config\Cache), false)
 9 FCPATH\index.php(79): CodeIgniter\CodeIgniter->run()
10 SYSTEMPATH\Commands\Server\rewrite.php(47): require_once('D:\\AMIKOM\\Sem 3\\Matkul WebProg 2\\FINAL PROJECT\\simul_coba\\public\\index.php')
CRITICAL - 2023-12-15 13:49:46 --> Undefined variable $default_hp
in APPPATH\Views\penyewa\form_penyewa.php on line 34.
 1 APPPATH\Views\penyewa\form_penyewa.php(34): CodeIgniter\Debug\Exceptions->errorHandler(2, 'Undefined variable $default_hp', 'D:\\AMIKOM\\Sem 3\\Matkul WebProg 2\\FINAL PROJECT\\simul_coba\\app\\Views\\penyewa\\form_penyewa.php', 34)
 2 SYSTEMPATH\View\View.php(228): include('D:\\AMIKOM\\Sem 3\\Matkul WebProg 2\\FINAL PROJECT\\simul_coba\\app\\Views\\penyewa\\form_penyewa.php')
 3 SYSTEMPATH\View\View.php(231): CodeIgniter\View\View->CodeIgniter\View\{closure}()
 4 SYSTEMPATH\Common.php(1190): CodeIgniter\View\View->render('penyewa/form_penyewa', [], true)
 5 APPPATH\Controllers\Penyewa.php(131): view('penyewa/form_penyewa', [...])
 6 SYSTEMPATH\CodeIgniter.php(942): App\Controllers\Penyewa->ubah()
 7 SYSTEMPATH\CodeIgniter.php(502): CodeIgniter\CodeIgniter->runController(Object(App\Controllers\Penyewa))
 8 SYSTEMPATH\CodeIgniter.php(361): CodeIgniter\CodeIgniter->handleRequest(null, Object(Config\Cache), false)
 9 FCPATH\index.php(79): CodeIgniter\CodeIgniter->run()
10 SYSTEMPATH\Commands\Server\rewrite.php(47): require_once('D:\\AMIKOM\\Sem 3\\Matkul WebProg 2\\FINAL PROJECT\\simul_coba\\public\\index.php')
CRITICAL - 2023-12-15 14:14:44 --> Undefined variable $default_hp
in APPPATH\Views\penyewa\form_penyewa.php on line 34.
 1 APPPATH\Views\penyewa\form_penyewa.php(34): CodeIgniter\Debug\Exceptions->errorHandler(2, 'Undefined variable $default_hp', 'D:\\AMIKOM\\Sem 3\\Matkul WebProg 2\\FINAL PROJECT\\simul_coba\\app\\Views\\penyewa\\form_penyewa.php', 34)
 2 SYSTEMPATH\View\View.php(228): include('D:\\AMIKOM\\Sem 3\\Matkul WebProg 2\\FINAL PROJECT\\simul_coba\\app\\Views\\penyewa\\form_penyewa.php')
 3 SYSTEMPATH\View\View.php(231): CodeIgniter\View\View->CodeIgniter\View\{closure}()
 4 SYSTEMPATH\Common.php(1190): CodeIgniter\View\View->render('penyewa/form_penyewa', [], true)
 5 APPPATH\Controllers\Penyewa.php(131): view('penyewa/form_penyewa', [...])
 6 SYSTEMPATH\CodeIgniter.php(942): App\Controllers\Penyewa->ubah()
 7 SYSTEMPATH\CodeIgniter.php(502): CodeIgniter\CodeIgniter->runController(Object(App\Controllers\Penyewa))
 8 SYSTEMPATH\CodeIgniter.php(361): CodeIgniter\CodeIgniter->handleRequest(null, Object(Config\Cache), false)
 9 FCPATH\index.php(79): CodeIgniter\CodeIgniter->run()
10 SYSTEMPATH\Commands\Server\rewrite.php(47): require_once('D:\\AMIKOM\\Sem 3\\Matkul WebProg 2\\FINAL PROJECT\\simul_coba\\public\\index.php')
CRITICAL - 2023-12-15 14:14:47 --> Undefined variable $default_hp
in APPPATH\Views\penyewa\form_penyewa.php on line 34.
 1 APPPATH\Views\penyewa\form_penyewa.php(34): CodeIgniter\Debug\Exceptions->errorHandler(2, 'Undefined variable $default_hp', 'D:\\AMIKOM\\Sem 3\\Matkul WebProg 2\\FINAL PROJECT\\simul_coba\\app\\Views\\penyewa\\form_penyewa.php', 34)
 2 SYSTEMPATH\View\View.php(228): include('D:\\AMIKOM\\Sem 3\\Matkul WebProg 2\\FINAL PROJECT\\simul_coba\\app\\Views\\penyewa\\form_penyewa.php')
 3 SYSTEMPATH\View\View.php(231): CodeIgniter\View\View->CodeIgniter\View\{closure}()
 4 SYSTEMPATH\Common.php(1190): CodeIgniter\View\View->render('penyewa/form_penyewa', [], true)
 5 APPPATH\Controllers\Penyewa.php(131): view('penyewa/form_penyewa', [...])
 6 SYSTEMPATH\CodeIgniter.php(942): App\Controllers\Penyewa->ubah()
 7 SYSTEMPATH\CodeIgniter.php(502): CodeIgniter\CodeIgniter->runController(Object(App\Controllers\Penyewa))
 8 SYSTEMPATH\CodeIgniter.php(361): CodeIgniter\CodeIgniter->handleRequest(null, Object(Config\Cache), false)
 9 FCPATH\index.php(79): CodeIgniter\CodeIgniter->run()
10 SYSTEMPATH\Commands\Server\rewrite.php(47): require_once('D:\\AMIKOM\\Sem 3\\Matkul WebProg 2\\FINAL PROJECT\\simul_coba\\public\\index.php')
CRITICAL - 2023-12-15 14:18:15 --> Undefined variable $default_hp
in APPPATH\Views\penyewa\form_penyewa.php on line 34.
 1 APPPATH\Views\penyewa\form_penyewa.php(34): CodeIgniter\Debug\Exceptions->errorHandler(2, 'Undefined variable $default_hp', 'D:\\AMIKOM\\Sem 3\\Matkul WebProg 2\\FINAL PROJECT\\simul_coba\\app\\Views\\penyewa\\form_penyewa.php', 34)
 2 SYSTEMPATH\View\View.php(228): include('D:\\AMIKOM\\Sem 3\\Matkul WebProg 2\\FINAL PROJECT\\simul_coba\\app\\Views\\penyewa\\form_penyewa.php')
 3 SYSTEMPATH\View\View.php(231): CodeIgniter\View\View->CodeIgniter\View\{closure}()
 4 SYSTEMPATH\Common.php(1190): CodeIgniter\View\View->render('penyewa/form_penyewa', [], true)
 5 APPPATH\Controllers\Penyewa.php(131): view('penyewa/form_penyewa', [...])
 6 SYSTEMPATH\CodeIgniter.php(942): App\Controllers\Penyewa->ubah()
 7 SYSTEMPATH\CodeIgniter.php(502): CodeIgniter\CodeIgniter->runController(Object(App\Controllers\Penyewa))
 8 SYSTEMPATH\CodeIgniter.php(361): CodeIgniter\CodeIgniter->handleRequest(null, Object(Config\Cache), false)
 9 FCPATH\index.php(79): CodeIgniter\CodeIgniter->run()
10 SYSTEMPATH\Commands\Server\rewrite.php(47): require_once('D:\\AMIKOM\\Sem 3\\Matkul WebProg 2\\FINAL PROJECT\\simul_coba\\public\\index.php')
CRITICAL - 2023-12-15 15:11:44 --> Class "App\Models\SewaModel" not found
in APPPATH\Controllers\Sewa.php on line 11.
 1 SYSTEMPATH\CodeIgniter.php(914): App\Controllers\Sewa->__construct()
 2 SYSTEMPATH\CodeIgniter.php(493): CodeIgniter\CodeIgniter->createController()
 3 SYSTEMPATH\CodeIgniter.php(361): CodeIgniter\CodeIgniter->handleRequest(null, Object(Config\Cache), false)
 4 FCPATH\index.php(79): CodeIgniter\CodeIgniter->run()
 5 SYSTEMPATH\Commands\Server\rewrite.php(47): require_once('D:\\AMIKOM\\Sem 3\\Matkul WebProg 2\\FINAL PROJECT\\simul_coba\\public\\index.php')
CRITICAL - 2023-12-15 15:13:18 --> Class "App\Models\SewaModel" not found
in APPPATH\Controllers\Sewa.php on line 11.
 1 SYSTEMPATH\CodeIgniter.php(914): App\Controllers\Sewa->__construct()
 2 SYSTEMPATH\CodeIgniter.php(493): CodeIgniter\CodeIgniter->createController()
 3 SYSTEMPATH\CodeIgniter.php(361): CodeIgniter\CodeIgniter->handleRequest(null, Object(Config\Cache), false)
 4 FCPATH\index.php(79): CodeIgniter\CodeIgniter->run()
 5 SYSTEMPATH\Commands\Server\rewrite.php(47): require_once('D:\\AMIKOM\\Sem 3\\Matkul WebProg 2\\FINAL PROJECT\\simul_coba\\public\\index.php')
CRITICAL - 2023-12-15 15:13:20 --> Class "App\Models\SewaModel" not found
in APPPATH\Controllers\Sewa.php on line 11.
 1 SYSTEMPATH\CodeIgniter.php(914): App\Controllers\Sewa->__construct()
 2 SYSTEMPATH\CodeIgniter.php(493): CodeIgniter\CodeIgniter->createController()
 3 SYSTEMPATH\CodeIgniter.php(361): CodeIgniter\CodeIgniter->handleRequest(null, Object(Config\Cache), false)
 4 FCPATH\index.php(79): CodeIgniter\CodeIgniter->run()
 5 SYSTEMPATH\Commands\Server\rewrite.php(47): require_once('D:\\AMIKOM\\Sem 3\\Matkul WebProg 2\\FINAL PROJECT\\simul_coba\\public\\index.php')
CRITICAL - 2023-12-15 15:15:13 --> Class "App\Models\SewaModel" not found
in APPPATH\Controllers\Sewa.php on line 11.
 1 SYSTEMPATH\CodeIgniter.php(914): App\Controllers\Sewa->__construct()
 2 SYSTEMPATH\CodeIgniter.php(493): CodeIgniter\CodeIgniter->createController()
 3 SYSTEMPATH\CodeIgniter.php(361): CodeIgniter\CodeIgniter->handleRequest(null, Object(Config\Cache), false)
 4 FCPATH\index.php(79): CodeIgniter\CodeIgniter->run()
 5 SYSTEMPATH\Commands\Server\rewrite.php(47): require_once('D:\\AMIKOM\\Sem 3\\Matkul WebProg 2\\FINAL PROJECT\\simul_coba\\public\\index.php')
CRITICAL - 2023-12-15 15:15:18 --> Class "App\Models\SewaModel" not found
in APPPATH\Controllers\Sewa.php on line 11.
 1 SYSTEMPATH\CodeIgniter.php(914): App\Controllers\Sewa->__construct()
 2 SYSTEMPATH\CodeIgniter.php(493): CodeIgniter\CodeIgniter->createController()
 3 SYSTEMPATH\CodeIgniter.php(361): CodeIgniter\CodeIgniter->handleRequest(null, Object(Config\Cache), false)
 4 FCPATH\index.php(79): CodeIgniter\CodeIgniter->run()
 5 SYSTEMPATH\Commands\Server\rewrite.php(47): require_once('D:\\AMIKOM\\Sem 3\\Matkul WebProg 2\\FINAL PROJECT\\simul_coba\\public\\index.php')
